<?xml version="1.0" encoding="UTF-8"?>
<testsuite xmlns:xsi="http://www.w3.org/2001/XMLSchema-instance" xsi:noNamespaceSchemaLocation="https://maven.apache.org/surefire/maven-surefire-plugin/xsd/surefire-test-report.xsd" version="3.0.2" name="com.fiec.voz_cidada.VozCidadaApplicationTests" time="22.183" tests="1" errors="0" skipped="0" failures="0">
  <properties>
    <property name="java.specification.version" value="21"/>
    <property name="sun.cpu.isalist" value="amd64"/>
    <property name="sun.jnu.encoding" value="Cp1252"/>
    <property name="java.class.path" value="C:\Users\fssilva\backend-vozcidada\target\test-classes;C:\Users\fssilva\backend-vozcidada\target\classes;C:\Users\fssilva\.m2\repository\org\springframework\boot\spring-boot-starter-data-jpa\3.4.1\spring-boot-starter-data-jpa-3.4.1.jar;C:\Users\fssilva\.m2\repository\org\springframework\boot\spring-boot-starter\3.4.1\spring-boot-starter-3.4.1.jar;C:\Users\fssilva\.m2\repository\org\springframework\boot\spring-boot-starter-logging\3.4.1\spring-boot-starter-logging-3.4.1.jar;C:\Users\fssilva\.m2\repository\ch\qos\logback\logback-classic\1.5.12\logback-classic-1.5.12.jar;C:\Users\fssilva\.m2\repository\ch\qos\logback\logback-core\1.5.12\logback-core-1.5.12.jar;C:\Users\fssilva\.m2\repository\org\apache\logging\log4j\log4j-to-slf4j\2.24.3\log4j-to-slf4j-2.24.3.jar;C:\Users\fssilva\.m2\repository\org\slf4j\jul-to-slf4j\2.0.16\jul-to-slf4j-2.0.16.jar;C:\Users\fssilva\.m2\repository\jakarta\annotation\jakarta.annotation-api\2.1.1\jakarta.annotation-api-2.1.1.jar;C:\Users\fssilva\.m2\repository\org\yaml\snakeyaml\2.3\snakeyaml-2.3.jar;C:\Users\fssilva\.m2\repository\org\springframework\boot\spring-boot-starter-jdbc\3.4.1\spring-boot-starter-jdbc-3.4.1.jar;C:\Users\fssilva\.m2\repository\com\zaxxer\HikariCP\5.1.0\HikariCP-5.1.0.jar;C:\Users\fssilva\.m2\repository\org\springframework\spring-jdbc\6.2.1\spring-jdbc-6.2.1.jar;C:\Users\fssilva\.m2\repository\org\hibernate\orm\hibernate-core\6.6.4.Final\hibernate-core-6.6.4.Final.jar;C:\Users\fssilva\.m2\repository\jakarta\persistence\jakarta.persistence-api\3.1.0\jakarta.persistence-api-3.1.0.jar;C:\Users\fssilva\.m2\repository\jakarta\transaction\jakarta.transaction-api\2.0.1\jakarta.transaction-api-2.0.1.jar;C:\Users\fssilva\.m2\repository\org\jboss\logging\jboss-logging\3.6.1.Final\jboss-logging-3.6.1.Final.jar;C:\Users\fssilva\.m2\repository\org\hibernate\common\hibernate-commons-annotations\7.0.3.Final\hibernate-commons-annotations-7.0.3.Final.jar;C:\Users\fssilva\.m2\repository\io\smallrye\jandex\3.2.0\jandex-3.2.0.jar;C:\Users\fssilva\.m2\repository\com\fasterxml\classmate\1.7.0\classmate-1.7.0.jar;C:\Users\fssilva\.m2\repository\net\bytebuddy\byte-buddy\1.15.11\byte-buddy-1.15.11.jar;C:\Users\fssilva\.m2\repository\org\glassfish\jaxb\jaxb-runtime\4.0.5\jaxb-runtime-4.0.5.jar;C:\Users\fssilva\.m2\repository\org\glassfish\jaxb\jaxb-core\4.0.5\jaxb-core-4.0.5.jar;C:\Users\fssilva\.m2\repository\org\eclipse\angus\angus-activation\2.0.2\angus-activation-2.0.2.jar;C:\Users\fssilva\.m2\repository\org\glassfish\jaxb\txw2\4.0.5\txw2-4.0.5.jar;C:\Users\fssilva\.m2\repository\com\sun\istack\istack-commons-runtime\4.1.2\istack-commons-runtime-4.1.2.jar;C:\Users\fssilva\.m2\repository\jakarta\inject\jakarta.inject-api\2.0.1\jakarta.inject-api-2.0.1.jar;C:\Users\fssilva\.m2\repository\org\antlr\antlr4-runtime\4.13.0\antlr4-runtime-4.13.0.jar;C:\Users\fssilva\.m2\repository\org\springframework\data\spring-data-jpa\3.4.1\spring-data-jpa-3.4.1.jar;C:\Users\fssilva\.m2\repository\org\springframework\data\spring-data-commons\3.4.1\spring-data-commons-3.4.1.jar;C:\Users\fssilva\.m2\repository\org\springframework\spring-orm\6.2.1\spring-orm-6.2.1.jar;C:\Users\fssilva\.m2\repository\org\springframework\spring-context\6.2.1\spring-context-6.2.1.jar;C:\Users\fssilva\.m2\repository\org\springframework\spring-tx\6.2.1\spring-tx-6.2.1.jar;C:\Users\fssilva\.m2\repository\org\springframework\spring-beans\6.2.1\spring-beans-6.2.1.jar;C:\Users\fssilva\.m2\repository\org\springframework\spring-aspects\6.2.1\spring-aspects-6.2.1.jar;C:\Users\fssilva\.m2\repository\org\springframework\boot\spring-boot-starter-hateoas\3.4.1\spring-boot-starter-hateoas-3.4.1.jar;C:\Users\fssilva\.m2\repository\org\springframework\hateoas\spring-hateoas\2.4.1\spring-hateoas-2.4.1.jar;C:\Users\fssilva\.m2\repository\org\springframework\plugin\spring-plugin-core\3.0.0\spring-plugin-core-3.0.0.jar;C:\Users\fssilva\.m2\repository\org\springframework\boot\spring-boot-starter-web\3.4.1\spring-boot-starter-web-3.4.1.jar;C:\Users\fssilva\.m2\repository\org\springframework\boot\spring-boot-starter-json\3.4.1\spring-boot-starter-json-3.4.1.jar;C:\Users\fssilva\.m2\repository\com\fasterxml\jackson\datatype\jackson-datatype-jdk8\2.18.2\jackson-datatype-jdk8-2.18.2.jar;C:\Users\fssilva\.m2\repository\com\fasterxml\jackson\module\jackson-module-parameter-names\2.18.2\jackson-module-parameter-names-2.18.2.jar;C:\Users\fssilva\.m2\repository\org\springframework\boot\spring-boot-starter-tomcat\3.4.1\spring-boot-starter-tomcat-3.4.1.jar;C:\Users\fssilva\.m2\repository\org\apache\tomcat\embed\tomcat-embed-core\10.1.34\tomcat-embed-core-10.1.34.jar;C:\Users\fssilva\.m2\repository\org\apache\tomcat\embed\tomcat-embed-el\10.1.34\tomcat-embed-el-10.1.34.jar;C:\Users\fssilva\.m2\repository\org\apache\tomcat\embed\tomcat-embed-websocket\10.1.34\tomcat-embed-websocket-10.1.34.jar;C:\Users\fssilva\.m2\repository\org\springframework\spring-web\6.2.1\spring-web-6.2.1.jar;C:\Users\fssilva\.m2\repository\io\micrometer\micrometer-observation\1.14.2\micrometer-observation-1.14.2.jar;C:\Users\fssilva\.m2\repository\io\micrometer\micrometer-commons\1.14.2\micrometer-commons-1.14.2.jar;C:\Users\fssilva\.m2\repository\org\springframework\spring-webmvc\6.2.1\spring-webmvc-6.2.1.jar;C:\Users\fssilva\.m2\repository\org\springframework\spring-expression\6.2.1\spring-expression-6.2.1.jar;C:\Users\fssilva\.m2\repository\org\springframework\boot\spring-boot-starter-security\3.4.1\spring-boot-starter-security-3.4.1.jar;C:\Users\fssilva\.m2\repository\org\springframework\spring-aop\6.2.1\spring-aop-6.2.1.jar;C:\Users\fssilva\.m2\repository\org\springframework\security\spring-security-config\6.4.2\spring-security-config-6.4.2.jar;C:\Users\fssilva\.m2\repository\org\springframework\security\spring-security-web\6.4.2\spring-security-web-6.4.2.jar;C:\Users\fssilva\.m2\repository\org\springframework\boot\spring-boot-starter-oauth2-client\3.4.1\spring-boot-starter-oauth2-client-3.4.1.jar;C:\Users\fssilva\.m2\repository\org\springframework\security\spring-security-core\6.4.2\spring-security-core-6.4.2.jar;C:\Users\fssilva\.m2\repository\org\springframework\security\spring-security-crypto\6.4.2\spring-security-crypto-6.4.2.jar;C:\Users\fssilva\.m2\repository\org\springframework\security\spring-security-oauth2-client\6.4.2\spring-security-oauth2-client-6.4.2.jar;C:\Users\fssilva\.m2\repository\org\springframework\security\spring-security-oauth2-core\6.4.2\spring-security-oauth2-core-6.4.2.jar;C:\Users\fssilva\.m2\repository\com\nimbusds\oauth2-oidc-sdk\9.43.4\oauth2-oidc-sdk-9.43.4.jar;C:\Users\fssilva\.m2\repository\com\github\stephenc\jcip\jcip-annotations\1.0-1\jcip-annotations-1.0-1.jar;C:\Users\fssilva\.m2\repository\com\nimbusds\content-type\2.2\content-type-2.2.jar;C:\Users\fssilva\.m2\repository\com\nimbusds\lang-tag\1.7\lang-tag-1.7.jar;C:\Users\fssilva\.m2\repository\org\springframework\security\spring-security-oauth2-jose\6.4.2\spring-security-oauth2-jose-6.4.2.jar;C:\Users\fssilva\.m2\repository\com\nimbusds\nimbus-jose-jwt\9.37.3\nimbus-jose-jwt-9.37.3.jar;C:\Users\fssilva\.m2\repository\org\springdoc\springdoc-openapi-starter-webmvc-ui\2.8.6\springdoc-openapi-starter-webmvc-ui-2.8.6.jar;C:\Users\fssilva\.m2\repository\org\springdoc\springdoc-openapi-starter-webmvc-api\2.8.6\springdoc-openapi-starter-webmvc-api-2.8.6.jar;C:\Users\fssilva\.m2\repository\org\springdoc\springdoc-openapi-starter-common\2.8.6\springdoc-openapi-starter-common-2.8.6.jar;C:\Users\fssilva\.m2\repository\io\swagger\core\v3\swagger-core-jakarta\2.2.29\swagger-core-jakarta-2.2.29.jar;C:\Users\fssilva\.m2\repository\org\apache\commons\commons-lang3\3.17.0\commons-lang3-3.17.0.jar;C:\Users\fssilva\.m2\repository\io\swagger\core\v3\swagger-annotations-jakarta\2.2.29\swagger-annotations-jakarta-2.2.29.jar;C:\Users\fssilva\.m2\repository\io\swagger\core\v3\swagger-models-jakarta\2.2.29\swagger-models-jakarta-2.2.29.jar;C:\Users\fssilva\.m2\repository\jakarta\validation\jakarta.validation-api\3.0.2\jakarta.validation-api-3.0.2.jar;C:\Users\fssilva\.m2\repository\com\fasterxml\jackson\dataformat\jackson-dataformat-yaml\2.18.2\jackson-dataformat-yaml-2.18.2.jar;C:\Users\fssilva\.m2\repository\org\webjars\swagger-ui\5.20.1\swagger-ui-5.20.1.jar;C:\Users\fssilva\.m2\repository\org\webjars\webjars-locator-lite\1.0.1\webjars-locator-lite-1.0.1.jar;C:\Users\fssilva\.m2\repository\org\jspecify\jspecify\1.0.0\jspecify-1.0.0.jar;C:\Users\fssilva\.m2\repository\org\projectlombok\lombok\1.18.36\lombok-1.18.36.jar;C:\Users\fssilva\.m2\repository\org\postgresql\postgresql\42.7.4\postgresql-42.7.4.jar;C:\Users\fssilva\.m2\repository\org\checkerframework\checker-qual\3.42.0\checker-qual-3.42.0.jar;C:\Users\fssilva\.m2\repository\org\flywaydb\flyway-core\10.20.1\flyway-core-10.20.1.jar;C:\Users\fssilva\.m2\repository\com\fasterxml\jackson\dataformat\jackson-dataformat-toml\2.18.2\jackson-dataformat-toml-2.18.2.jar;C:\Users\fssilva\.m2\repository\org\flywaydb\flyway-database-postgresql\10.20.1\flyway-database-postgresql-10.20.1.jar;C:\Users\fssilva\.m2\repository\com\auth0\java-jwt\4.4.0\java-jwt-4.4.0.jar;C:\Users\fssilva\.m2\repository\com\fasterxml\jackson\core\jackson-databind\2.18.2\jackson-databind-2.18.2.jar;C:\Users\fssilva\.m2\repository\com\fasterxml\jackson\core\jackson-annotations\2.18.2\jackson-annotations-2.18.2.jar;C:\Users\fssilva\.m2\repository\com\fasterxml\jackson\core\jackson-core\2.18.2\jackson-core-2.18.2.jar;C:\Users\fssilva\.m2\repository\com\fasterxml\jackson\datatype\jackson-datatype-jsr310\2.18.2\jackson-datatype-jsr310-2.18.2.jar;C:\Users\fssilva\.m2\repository\org\springframework\boot\spring-boot-devtools\3.4.1\spring-boot-devtools-3.4.1.jar;C:\Users\fssilva\.m2\repository\org\springframework\boot\spring-boot\3.4.1\spring-boot-3.4.1.jar;C:\Users\fssilva\.m2\repository\org\springframework\boot\spring-boot-autoconfigure\3.4.1\spring-boot-autoconfigure-3.4.1.jar;C:\Users\fssilva\.m2\repository\org\modelmapper\modelmapper\3.2.2\modelmapper-3.2.2.jar;C:\Users\fssilva\.m2\repository\net\logstash\logback\logstash-logback-encoder\7.4\logstash-logback-encoder-7.4.jar;C:\Users\fssilva\.m2\repository\org\apache\logging\log4j\log4j-slf4j-impl\2.24.3\log4j-slf4j-impl-2.24.3.jar;C:\Users\fssilva\.m2\repository\org\apache\logging\log4j\log4j-api\2.24.3\log4j-api-2.24.3.jar;C:\Users\fssilva\.m2\repository\org\slf4j\slf4j-api\2.0.16\slf4j-api-2.0.16.jar;C:\Users\fssilva\.m2\repository\org\apache\logging\log4j\log4j-core\2.24.3\log4j-core-2.24.3.jar;C:\Users\fssilva\.m2\repository\org\aspectj\aspectjweaver\1.9.22.1\aspectjweaver-1.9.22.1.jar;C:\Users\fssilva\.m2\repository\com\google\firebase\firebase-admin\9.4.1\firebase-admin-9.4.1.jar;C:\Users\fssilva\.m2\repository\com\google\api-client\google-api-client\2.7.0\google-api-client-2.7.0.jar;C:\Users\fssilva\.m2\repository\commons-codec\commons-codec\1.17.1\commons-codec-1.17.1.jar;C:\Users\fssilva\.m2\repository\com\google\oauth-client\google-oauth-client\1.36.0\google-oauth-client-1.36.0.jar;C:\Users\fssilva\.m2\repository\com\google\auth\google-auth-library-credentials\1.23.0\google-auth-library-credentials-1.23.0.jar;C:\Users\fssilva\.m2\repository\com\google\http-client\google-http-client-gson\1.45.0\google-http-client-gson-1.45.0.jar;C:\Users\fssilva\.m2\repository\com\google\http-client\google-http-client-apache-v2\1.45.0\google-http-client-apache-v2-1.45.0.jar;C:\Users\fssilva\.m2\repository\org\apache\httpcomponents\httpcore\4.4.16\httpcore-4.4.16.jar;C:\Users\fssilva\.m2\repository\org\apache\httpcomponents\httpclient\4.5.14\httpclient-4.5.14.jar;C:\Users\fssilva\.m2\repository\com\google\api-client\google-api-client-gson\2.7.0\google-api-client-gson-2.7.0.jar;C:\Users\fssilva\.m2\repository\com\google\http-client\google-http-client\1.45.0\google-http-client-1.45.0.jar;C:\Users\fssilva\.m2\repository\com\google\code\findbugs\jsr305\3.0.2\jsr305-3.0.2.jar;C:\Users\fssilva\.m2\repository\com\google\errorprone\error_prone_annotations\2.30.0\error_prone_annotations-2.30.0.jar;C:\Users\fssilva\.m2\repository\com\google\j2objc\j2objc-annotations\3.0.0\j2objc-annotations-3.0.0.jar;C:\Users\fssilva\.m2\repository\io\grpc\grpc-context\1.66.0\grpc-context-1.66.0.jar;C:\Users\fssilva\.m2\repository\io\opencensus\opencensus-api\0.31.1\opencensus-api-0.31.1.jar;C:\Users\fssilva\.m2\repository\io\opencensus\opencensus-contrib-http-util\0.31.1\opencensus-contrib-http-util-0.31.1.jar;C:\Users\fssilva\.m2\repository\com\google\api\api-common\2.37.1\api-common-2.37.1.jar;C:\Users\fssilva\.m2\repository\com\google\auto\value\auto-value-annotations\1.11.0\auto-value-annotations-1.11.0.jar;C:\Users\fssilva\.m2\repository\javax\annotation\javax.annotation-api\1.3.2\javax.annotation-api-1.3.2.jar;C:\Users\fssilva\.m2\repository\com\google\auth\google-auth-library-oauth2-http\1.27.0\google-auth-library-oauth2-http-1.27.0.jar;C:\Users\fssilva\.m2\repository\com\google\cloud\google-cloud-storage\2.43.1\google-cloud-storage-2.43.1.jar;C:\Users\fssilva\.m2\repository\com\google\guava\failureaccess\1.0.2\failureaccess-1.0.2.jar;C:\Users\fssilva\.m2\repository\com\google\guava\listenablefuture\9999.0-empty-to-avoid-conflict-with-guava\listenablefuture-9999.0-empty-to-avoid-conflict-with-guava.jar;C:\Users\fssilva\.m2\repository\com\google\http-client\google-http-client-jackson2\1.45.0\google-http-client-jackson2-1.45.0.jar;C:\Users\fssilva\.m2\repository\com\google\apis\google-api-services-storage\v1-rev20240819-2.0.0\google-api-services-storage-v1-rev20240819-2.0.0.jar;C:\Users\fssilva\.m2\repository\com\google\code\gson\gson\2.11.0\gson-2.11.0.jar;C:\Users\fssilva\.m2\repository\com\google\cloud\google-cloud-core\2.44.1\google-cloud-core-2.44.1.jar;C:\Users\fssilva\.m2\repository\com\google\cloud\google-cloud-core-http\2.44.1\google-cloud-core-http-2.44.1.jar;C:\Users\fssilva\.m2\repository\com\google\http-client\google-http-client-appengine\1.45.0\google-http-client-appengine-1.45.0.jar;C:\Users\fssilva\.m2\repository\com\google\api\gax-httpjson\2.54.1\gax-httpjson-2.54.1.jar;C:\Users\fssilva\.m2\repository\com\google\cloud\google-cloud-core-grpc\2.44.1\google-cloud-core-grpc-2.44.1.jar;C:\Users\fssilva\.m2\repository\com\google\api\gax\2.54.1\gax-2.54.1.jar;C:\Users\fssilva\.m2\repository\com\google\api\gax-grpc\2.54.1\gax-grpc-2.54.1.jar;C:\Users\fssilva\.m2\repository\io\grpc\grpc-inprocess\1.68.0\grpc-inprocess-1.68.0.jar;C:\Users\fssilva\.m2\repository\io\grpc\grpc-alts\1.68.0\grpc-alts-1.68.0.jar;C:\Users\fssilva\.m2\repository\io\grpc\grpc-grpclb\1.68.0\grpc-grpclb-1.68.0.jar;C:\Users\fssilva\.m2\repository\org\conscrypt\conscrypt-openjdk-uber\2.5.2\conscrypt-openjdk-uber-2.5.2.jar;C:\Users\fssilva\.m2\repository\io\grpc\grpc-auth\1.68.0\grpc-auth-1.68.0.jar;C:\Users\fssilva\.m2\repository\com\google\api\grpc\proto-google-iam-v1\1.40.1\proto-google-iam-v1-1.40.1.jar;C:\Users\fssilva\.m2\repository\com\google\protobuf\protobuf-java\3.25.5\protobuf-java-3.25.5.jar;C:\Users\fssilva\.m2\repository\com\google\protobuf\protobuf-java-util\3.25.5\protobuf-java-util-3.25.5.jar;C:\Users\fssilva\.m2\repository\io\grpc\grpc-core\1.68.0\grpc-core-1.68.0.jar;C:\Users\fssilva\.m2\repository\com\google\android\annotations\4.1.1.4\annotations-4.1.1.4.jar;C:\Users\fssilva\.m2\repository\org\codehaus\mojo\animal-sniffer-annotations\1.24\animal-sniffer-annotations-1.24.jar;C:\Users\fssilva\.m2\repository\io\perfmark\perfmark-api\0.27.0\perfmark-api-0.27.0.jar;C:\Users\fssilva\.m2\repository\io\grpc\grpc-protobuf\1.68.0\grpc-protobuf-1.68.0.jar;C:\Users\fssilva\.m2\repository\io\grpc\grpc-protobuf-lite\1.68.0\grpc-protobuf-lite-1.68.0.jar;C:\Users\fssilva\.m2\repository\com\google\api\grpc\proto-google-common-protos\2.45.1\proto-google-common-protos-2.45.1.jar;C:\Users\fssilva\.m2\repository\org\threeten\threetenbp\1.7.0\threetenbp-1.7.0.jar;C:\Users\fssilva\.m2\repository\com\google\api\grpc\proto-google-cloud-storage-v2\2.43.1-beta\proto-google-cloud-storage-v2-2.43.1-beta.jar;C:\Users\fssilva\.m2\repository\com\google\api\grpc\grpc-google-cloud-storage-v2\2.43.1-beta\grpc-google-cloud-storage-v2-2.43.1-beta.jar;C:\Users\fssilva\.m2\repository\com\google\api\grpc\gapic-google-cloud-storage-v2\2.43.1-beta\gapic-google-cloud-storage-v2-2.43.1-beta.jar;C:\Users\fssilva\.m2\repository\io\opentelemetry\opentelemetry-sdk\1.43.0\opentelemetry-sdk-1.43.0.jar;C:\Users\fssilva\.m2\repository\io\opentelemetry\opentelemetry-sdk-trace\1.43.0\opentelemetry-sdk-trace-1.43.0.jar;C:\Users\fssilva\.m2\repository\io\opentelemetry\opentelemetry-sdk-logs\1.43.0\opentelemetry-sdk-logs-1.43.0.jar;C:\Users\fssilva\.m2\repository\io\grpc\grpc-opentelemetry\1.68.0\grpc-opentelemetry-1.68.0.jar;C:\Users\fssilva\.m2\repository\io\opentelemetry\opentelemetry-api\1.43.0\opentelemetry-api-1.43.0.jar;C:\Users\fssilva\.m2\repository\io\opentelemetry\opentelemetry-context\1.43.0\opentelemetry-context-1.43.0.jar;C:\Users\fssilva\.m2\repository\io\opentelemetry\opentelemetry-sdk-metrics\1.43.0\opentelemetry-sdk-metrics-1.43.0.jar;C:\Users\fssilva\.m2\repository\io\opentelemetry\opentelemetry-api-incubator\1.42.1-alpha\opentelemetry-api-incubator-1.42.1-alpha.jar;C:\Users\fssilva\.m2\repository\io\opentelemetry\opentelemetry-sdk-common\1.43.0\opentelemetry-sdk-common-1.43.0.jar;C:\Users\fssilva\.m2\repository\io\opentelemetry\opentelemetry-sdk-extension-autoconfigure-spi\1.43.0\opentelemetry-sdk-extension-autoconfigure-spi-1.43.0.jar;C:\Users\fssilva\.m2\repository\io\opentelemetry\semconv\opentelemetry-semconv\1.25.0-alpha\opentelemetry-semconv-1.25.0-alpha.jar;C:\Users\fssilva\.m2\repository\com\google\cloud\opentelemetry\exporter-metrics\0.31.0\exporter-metrics-0.31.0.jar;C:\Users\fssilva\.m2\repository\com\google\cloud\google-cloud-monitoring\3.31.0\google-cloud-monitoring-3.31.0.jar;C:\Users\fssilva\.m2\repository\com\google\api\grpc\proto-google-cloud-monitoring-v3\3.31.0\proto-google-cloud-monitoring-v3-3.31.0.jar;C:\Users\fssilva\.m2\repository\io\opencensus\opencensus-proto\0.2.0\opencensus-proto-0.2.0.jar;C:\Users\fssilva\.m2\repository\commons-logging\commons-logging\1.2\commons-logging-1.2.jar;C:\Users\fssilva\.m2\repository\com\google\cloud\opentelemetry\shared-resourcemapping\0.32.0\shared-resourcemapping-0.32.0.jar;C:\Users\fssilva\.m2\repository\io\opentelemetry\contrib\opentelemetry-gcp-resources\1.37.0-alpha\opentelemetry-gcp-resources-1.37.0-alpha.jar;C:\Users\fssilva\.m2\repository\com\google\cloud\opentelemetry\detector-resources-support\0.32.0\detector-resources-support-0.32.0.jar;C:\Users\fssilva\.m2\repository\io\grpc\grpc-api\1.68.0\grpc-api-1.68.0.jar;C:\Users\fssilva\.m2\repository\io\grpc\grpc-netty-shaded\1.68.0\grpc-netty-shaded-1.68.0.jar;C:\Users\fssilva\.m2\repository\io\grpc\grpc-util\1.68.0\grpc-util-1.68.0.jar;C:\Users\fssilva\.m2\repository\io\grpc\grpc-stub\1.68.0\grpc-stub-1.68.0.jar;C:\Users\fssilva\.m2\repository\io\grpc\grpc-googleapis\1.68.0\grpc-googleapis-1.68.0.jar;C:\Users\fssilva\.m2\repository\io\grpc\grpc-xds\1.68.0\grpc-xds-1.68.0.jar;C:\Users\fssilva\.m2\repository\io\grpc\grpc-services\1.68.0\grpc-services-1.68.0.jar;C:\Users\fssilva\.m2\repository\com\google\re2j\re2j\1.7\re2j-1.7.jar;C:\Users\fssilva\.m2\repository\io\grpc\grpc-rls\1.68.0\grpc-rls-1.68.0.jar;C:\Users\fssilva\.m2\repository\com\google\cloud\google-cloud-firestore\3.26.5\google-cloud-firestore-3.26.5.jar;C:\Users\fssilva\.m2\repository\com\google\api\grpc\proto-google-cloud-firestore-v1\3.26.5\proto-google-cloud-firestore-v1-3.26.5.jar;C:\Users\fssilva\.m2\repository\com\google\cloud\proto-google-cloud-firestore-bundle-v1\3.26.5\proto-google-cloud-firestore-bundle-v1-3.26.5.jar;C:\Users\fssilva\.m2\repository\io\opentelemetry\instrumentation\opentelemetry-grpc-1.6\2.1.0-alpha\opentelemetry-grpc-1.6-2.1.0-alpha.jar;C:\Users\fssilva\.m2\repository\io\opentelemetry\instrumentation\opentelemetry-instrumentation-api\2.1.0\opentelemetry-instrumentation-api-2.1.0.jar;C:\Users\fssilva\.m2\repository\io\opentelemetry\opentelemetry-extension-incubator\1.35.0-alpha\opentelemetry-extension-incubator-1.35.0-alpha.jar;C:\Users\fssilva\.m2\repository\io\opentelemetry\instrumentation\opentelemetry-instrumentation-api-incubator\2.1.0-alpha\opentelemetry-instrumentation-api-incubator-2.1.0-alpha.jar;C:\Users\fssilva\.m2\repository\com\google\guava\guava\33.3.1-jre\guava-33.3.1-jre.jar;C:\Users\fssilva\.m2\repository\io\netty\netty-codec-http\4.1.116.Final\netty-codec-http-4.1.116.Final.jar;C:\Users\fssilva\.m2\repository\io\netty\netty-common\4.1.116.Final\netty-common-4.1.116.Final.jar;C:\Users\fssilva\.m2\repository\io\netty\netty-buffer\4.1.116.Final\netty-buffer-4.1.116.Final.jar;C:\Users\fssilva\.m2\repository\io\netty\netty-codec\4.1.116.Final\netty-codec-4.1.116.Final.jar;C:\Users\fssilva\.m2\repository\io\netty\netty-handler\4.1.116.Final\netty-handler-4.1.116.Final.jar;C:\Users\fssilva\.m2\repository\io\netty\netty-resolver\4.1.116.Final\netty-resolver-4.1.116.Final.jar;C:\Users\fssilva\.m2\repository\io\netty\netty-transport-native-unix-common\4.1.116.Final\netty-transport-native-unix-common-4.1.116.Final.jar;C:\Users\fssilva\.m2\repository\io\netty\netty-transport\4.1.116.Final\netty-transport-4.1.116.Final.jar;C:\Users\fssilva\.m2\repository\org\apache\httpcomponents\client5\httpclient5\5.4.1\httpclient5-5.4.1.jar;C:\Users\fssilva\.m2\repository\org\apache\httpcomponents\core5\httpcore5\5.3.1\httpcore5-5.3.1.jar;C:\Users\fssilva\.m2\repository\org\apache\httpcomponents\core5\httpcore5-h2\5.3.1\httpcore5-h2-5.3.1.jar;C:\Users\fssilva\.m2\repository\com\amazonaws\aws-java-sdk\1.12.787\aws-java-sdk-1.12.787.jar;C:\Users\fssilva\.m2\repository\com\amazonaws\aws-java-sdk-qapps\1.12.787\aws-java-sdk-qapps-1.12.787.jar;C:\Users\fssilva\.m2\repository\com\amazonaws\jmespath-java\1.12.787\jmespath-java-1.12.787.jar;C:\Users\fssilva\.m2\repository\com\amazonaws\aws-java-sdk-apptest\1.12.787\aws-java-sdk-apptest-1.12.787.jar;C:\Users\fssilva\.m2\repository\com\amazonaws\aws-java-sdk-pcaconnectorscep\1.12.787\aws-java-sdk-pcaconnectorscep-1.12.787.jar;C:\Users\fssilva\.m2\repository\com\amazonaws\aws-java-sdk-applicationsignals\1.12.787\aws-java-sdk-applicationsignals-1.12.787.jar;C:\Users\fssilva\.m2\repository\com\amazonaws\aws-java-sdk-taxsettings\1.12.787\aws-java-sdk-taxsettings-1.12.787.jar;C:\Users\fssilva\.m2\repository\com\amazonaws\aws-java-sdk-mailmanager\1.12.787\aws-java-sdk-mailmanager-1.12.787.jar;C:\Users\fssilva\.m2\repository\com\amazonaws\aws-java-sdk-route53profiles\1.12.787\aws-java-sdk-route53profiles-1.12.787.jar;C:\Users\fssilva\.m2\repository\com\amazonaws\aws-java-sdk-controlcatalog\1.12.787\aws-java-sdk-controlcatalog-1.12.787.jar;C:\Users\fssilva\.m2\repository\com\amazonaws\aws-java-sdk-deadline\1.12.787\aws-java-sdk-deadline-1.12.787.jar;C:\Users\fssilva\.m2\repository\com\amazonaws\aws-java-sdk-codeconnections\1.12.787\aws-java-sdk-codeconnections-1.12.787.jar;C:\Users\fssilva\.m2\repository\com\amazonaws\aws-java-sdk-timestreaminfluxdb\1.12.787\aws-java-sdk-timestreaminfluxdb-1.12.787.jar;C:\Users\fssilva\.m2\repository\com\amazonaws\aws-java-sdk-chatbot\1.12.787\aws-java-sdk-chatbot-1.12.787.jar;C:\Users\fssilva\.m2\repository\com\amazonaws\aws-java-sdk-artifact\1.12.787\aws-java-sdk-artifact-1.12.787.jar;C:\Users\fssilva\.m2\repository\com\amazonaws\aws-java-sdk-supplychain\1.12.787\aws-java-sdk-supplychain-1.12.787.jar;C:\Users\fssilva\.m2\repository\com\amazonaws\aws-java-sdk-networkmonitor\1.12.787\aws-java-sdk-networkmonitor-1.12.787.jar;C:\Users\fssilva\.m2\repository\com\amazonaws\aws-java-sdk-marketplaceagreement\1.12.787\aws-java-sdk-marketplaceagreement-1.12.787.jar;C:\Users\fssilva\.m2\repository\com\amazonaws\aws-java-sdk-marketplacedeployment\1.12.787\aws-java-sdk-marketplacedeployment-1.12.787.jar;C:\Users\fssilva\.m2\repository\com\amazonaws\aws-java-sdk-cleanroomsml\1.12.787\aws-java-sdk-cleanroomsml-1.12.787.jar;C:\Users\fssilva\.m2\repository\com\amazonaws\aws-java-sdk-bedrockagent\1.12.787\aws-java-sdk-bedrockagent-1.12.787.jar;C:\Users\fssilva\.m2\repository\com\amazonaws\aws-java-sdk-qconnect\1.12.787\aws-java-sdk-qconnect-1.12.787.jar;C:\Users\fssilva\.m2\repository\com\amazonaws\aws-java-sdk-qbusiness\1.12.787\aws-java-sdk-qbusiness-1.12.787.jar;C:\Users\fssilva\.m2\repository\com\amazonaws\aws-java-sdk-bedrockagentruntime\1.12.787\aws-java-sdk-bedrockagentruntime-1.12.787.jar;C:\Users\fssilva\.m2\repository\com\amazonaws\aws-java-sdk-b2bi\1.12.787\aws-java-sdk-b2bi-1.12.787.jar;C:\Users\fssilva\.m2\repository\com\amazonaws\aws-java-sdk-workspacesthinclient\1.12.787\aws-java-sdk-workspacesthinclient-1.12.787.jar;C:\Users\fssilva\.m2\repository\com\amazonaws\aws-java-sdk-eksauth\1.12.787\aws-java-sdk-eksauth-1.12.787.jar;C:\Users\fssilva\.m2\repository\com\amazonaws\aws-java-sdk-freetier\1.12.787\aws-java-sdk-freetier-1.12.787.jar;C:\Users\fssilva\.m2\repository\com\amazonaws\aws-java-sdk-bcmdataexports\1.12.787\aws-java-sdk-bcmdataexports-1.12.787.jar;C:\Users\fssilva\.m2\repository\com\amazonaws\aws-java-sdk-repostspace\1.12.787\aws-java-sdk-repostspace-1.12.787.jar;C:\Users\fssilva\.m2\repository\com\amazonaws\aws-java-sdk-costoptimizationhub\1.12.787\aws-java-sdk-costoptimizationhub-1.12.787.jar;C:\Users\fssilva\.m2\repository\com\amazonaws\aws-java-sdk-inspectorscan\1.12.787\aws-java-sdk-inspectorscan-1.12.787.jar;C:\Users\fssilva\.m2\repository\com\amazonaws\aws-java-sdk-trustedadvisor\1.12.787\aws-java-sdk-trustedadvisor-1.12.787.jar;C:\Users\fssilva\.m2\repository\com\amazonaws\aws-java-sdk-launchwizard\1.12.787\aws-java-sdk-launchwizard-1.12.787.jar;C:\Users\fssilva\.m2\repository\com\amazonaws\aws-java-sdk-datazoneexternal\1.12.787\aws-java-sdk-datazoneexternal-1.12.787.jar;C:\Users\fssilva\.m2\repository\com\amazonaws\aws-java-sdk-bedrock\1.12.787\aws-java-sdk-bedrock-1.12.787.jar;C:\Users\fssilva\.m2\repository\com\amazonaws\aws-java-sdk-bedrockruntime\1.12.787\aws-java-sdk-bedrockruntime-1.12.787.jar;C:\Users\fssilva\.m2\repository\com\amazonaws\aws-java-sdk-neptunedata\1.12.787\aws-java-sdk-neptunedata-1.12.787.jar;C:\Users\fssilva\.m2\repository\com\amazonaws\aws-java-sdk-pcaconnectorad\1.12.787\aws-java-sdk-pcaconnectorad-1.12.787.jar;C:\Users\fssilva\.m2\repository\com\amazonaws\aws-java-sdk-managedblockchainquery\1.12.787\aws-java-sdk-managedblockchainquery-1.12.787.jar;C:\Users\fssilva\.m2\repository\com\amazonaws\aws-java-sdk-entityresolution\1.12.787\aws-java-sdk-entityresolution-1.12.787.jar;C:\Users\fssilva\.m2\repository\com\amazonaws\aws-java-sdk-medicalimaging\1.12.787\aws-java-sdk-medicalimaging-1.12.787.jar;C:\Users\fssilva\.m2\repository\com\amazonaws\aws-java-sdk-appfabric\1.12.787\aws-java-sdk-appfabric-1.12.787.jar;C:\Users\fssilva\.m2\repository\com\amazonaws\aws-java-sdk-verifiedpermissions\1.12.787\aws-java-sdk-verifiedpermissions-1.12.787.jar;C:\Users\fssilva\.m2\repository\com\amazonaws\aws-java-sdk-codegurusecurity\1.12.787\aws-java-sdk-codegurusecurity-1.12.787.jar;C:\Users\fssilva\.m2\repository\com\amazonaws\aws-java-sdk-paymentcryptography\1.12.787\aws-java-sdk-paymentcryptography-1.12.787.jar;C:\Users\fssilva\.m2\repository\com\amazonaws\aws-java-sdk-paymentcryptographydata\1.12.787\aws-java-sdk-paymentcryptographydata-1.12.787.jar;C:\Users\fssilva\.m2\repository\com\amazonaws\aws-java-sdk-mediapackagev2\1.12.787\aws-java-sdk-mediapackagev2-1.12.787.jar;C:\Users\fssilva\.m2\repository\com\amazonaws\aws-java-sdk-osis\1.12.787\aws-java-sdk-osis-1.12.787.jar;C:\Users\fssilva\.m2\repository\com\amazonaws\aws-java-sdk-vpclattice\1.12.787\aws-java-sdk-vpclattice-1.12.787.jar;C:\Users\fssilva\.m2\repository\com\amazonaws\aws-java-sdk-ivsrealtime\1.12.787\aws-java-sdk-ivsrealtime-1.12.787.jar;C:\Users\fssilva\.m2\repository\com\amazonaws\aws-java-sdk-internetmonitor\1.12.787\aws-java-sdk-internetmonitor-1.12.787.jar;C:\Users\fssilva\.m2\repository\com\amazonaws\aws-java-sdk-tnb\1.12.787\aws-java-sdk-tnb-1.12.787.jar;C:\Users\fssilva\.m2\repository\com\amazonaws\aws-java-sdk-cloudtraildata\1.12.787\aws-java-sdk-cloudtraildata-1.12.787.jar;C:\Users\fssilva\.m2\repository\com\amazonaws\aws-java-sdk-cleanrooms\1.12.787\aws-java-sdk-cleanrooms-1.12.787.jar;C:\Users\fssilva\.m2\repository\com\amazonaws\aws-java-sdk-kendraranking\1.12.787\aws-java-sdk-kendraranking-1.12.787.jar;C:\Users\fssilva\.m2\repository\com\amazonaws\aws-java-sdk-licensemanagerlinuxsubscriptions\1.12.787\aws-java-sdk-licensemanagerlinuxsubscriptions-1.12.787.jar;C:\Users\fssilva\.m2\repository\com\amazonaws\aws-java-sdk-kinesisvideowebrtcstorage\1.12.787\aws-java-sdk-kinesisvideowebrtcstorage-1.12.787.jar;C:\Users\fssilva\.m2\repository\com\amazonaws\aws-java-sdk-sagemakermetrics\1.12.787\aws-java-sdk-sagemakermetrics-1.12.787.jar;C:\Users\fssilva\.m2\repository\com\amazonaws\aws-java-sdk-pipes\1.12.787\aws-java-sdk-pipes-1.12.787.jar;C:\Users\fssilva\.m2\repository\com\amazonaws\aws-java-sdk-sagemakergeospatial\1.12.787\aws-java-sdk-sagemakergeospatial-1.12.787.jar;C:\Users\fssilva\.m2\repository\com\amazonaws\aws-java-sdk-docdbelastic\1.12.787\aws-java-sdk-docdbelastic-1.12.787.jar;C:\Users\fssilva\.m2\repository\com\amazonaws\aws-java-sdk-omics\1.12.787\aws-java-sdk-omics-1.12.787.jar;C:\Users\fssilva\.m2\repository\com\amazonaws\aws-java-sdk-opensearchserverless\1.12.787\aws-java-sdk-opensearchserverless-1.12.787.jar;C:\Users\fssilva\.m2\repository\com\amazonaws\aws-java-sdk-securitylake\1.12.787\aws-java-sdk-securitylake-1.12.787.jar;C:\Users\fssilva\.m2\repository\com\amazonaws\aws-java-sdk-simspaceweaver\1.12.787\aws-java-sdk-simspaceweaver-1.12.787.jar;C:\Users\fssilva\.m2\repository\com\amazonaws\aws-java-sdk-arczonalshift\1.12.787\aws-java-sdk-arczonalshift-1.12.787.jar;C:\Users\fssilva\.m2\repository\com\amazonaws\aws-java-sdk-oam\1.12.787\aws-java-sdk-oam-1.12.787.jar;C:\Users\fssilva\.m2\repository\com\amazonaws\aws-java-sdk-chimesdkvoice\1.12.787\aws-java-sdk-chimesdkvoice-1.12.787.jar;C:\Users\fssilva\.m2\repository\com\amazonaws\aws-java-sdk-ssmsap\1.12.787\aws-java-sdk-ssmsap-1.12.787.jar;C:\Users\fssilva\.m2\repository\com\amazonaws\aws-java-sdk-scheduler\1.12.787\aws-java-sdk-scheduler-1.12.787.jar;C:\Users\fssilva\.m2\repository\com\amazonaws\aws-java-sdk-resourceexplorer2\1.12.787\aws-java-sdk-resourceexplorer2-1.12.787.jar;C:\Users\fssilva\.m2\repository\com\amazonaws\aws-java-sdk-connectcases\1.12.787\aws-java-sdk-connectcases-1.12.787.jar;C:\Users\fssilva\.m2\repository\com\amazonaws\aws-java-sdk-migrationhuborchestrator\1.12.787\aws-java-sdk-migrationhuborchestrator-1.12.787.jar;C:\Users\fssilva\.m2\repository\com\amazonaws\aws-java-sdk-iotfleetwise\1.12.787\aws-java-sdk-iotfleetwise-1.12.787.jar;C:\Users\fssilva\.m2\repository\com\amazonaws\aws-java-sdk-controltower\1.12.787\aws-java-sdk-controltower-1.12.787.jar;C:\Users\fssilva\.m2\repository\com\amazonaws\aws-java-sdk-supportapp\1.12.787\aws-java-sdk-supportapp-1.12.787.jar;C:\Users\fssilva\.m2\repository\com\amazonaws\aws-java-sdk-private5g\1.12.787\aws-java-sdk-private5g-1.12.787.jar;C:\Users\fssilva\.m2\repository\com\amazonaws\aws-java-sdk-licensemanagerusersubscriptions\1.12.787\aws-java-sdk-licensemanagerusersubscriptions-1.12.787.jar;C:\Users\fssilva\.m2\repository\com\amazonaws\aws-java-sdk-iamrolesanywhere\1.12.787\aws-java-sdk-iamrolesanywhere-1.12.787.jar;C:\Users\fssilva\.m2\repository\com\amazonaws\aws-java-sdk-redshiftserverless\1.12.787\aws-java-sdk-redshiftserverless-1.12.787.jar;C:\Users\fssilva\.m2\repository\com\amazonaws\aws-java-sdk-connectcampaign\1.12.787\aws-java-sdk-connectcampaign-1.12.787.jar;C:\Users\fssilva\.m2\repository\com\amazonaws\aws-java-sdk-mainframemodernization\1.12.787\aws-java-sdk-mainframemodernization-1.12.787.jar;C:\Users\fssilva\.m2\repository\com\amazonaws\aws-java-sdk-emrserverless\1.12.787\aws-java-sdk-emrserverless-1.12.787.jar;C:\Users\fssilva\.m2\repository\com\amazonaws\aws-java-sdk-chimesdkmediapipelines\1.12.787\aws-java-sdk-chimesdkmediapipelines-1.12.787.jar;C:\Users\fssilva\.m2\repository\com\amazonaws\aws-java-sdk-ivschat\1.12.787\aws-java-sdk-ivschat-1.12.787.jar;C:\Users\fssilva\.m2\repository\com\amazonaws\aws-java-sdk-pinpointsmsvoicev2\1.12.787\aws-java-sdk-pinpointsmsvoicev2-1.12.787.jar;C:\Users\fssilva\.m2\repository\com\amazonaws\aws-java-sdk-billingconductor\1.12.787\aws-java-sdk-billingconductor-1.12.787.jar;C:\Users\fssilva\.m2\repository\com\amazonaws\aws-java-sdk-keyspaces\1.12.787\aws-java-sdk-keyspaces-1.12.787.jar;C:\Users\fssilva\.m2\repository\com\amazonaws\aws-java-sdk-amplifyuibuilder\1.12.787\aws-java-sdk-amplifyuibuilder-1.12.787.jar;C:\Users\fssilva\.m2\repository\com\amazonaws\aws-java-sdk-backupgateway\1.12.787\aws-java-sdk-backupgateway-1.12.787.jar;C:\Users\fssilva\.m2\repository\com\amazonaws\aws-java-sdk-workspacesweb\1.12.787\aws-java-sdk-workspacesweb-1.12.787.jar;C:\Users\fssilva\.m2\repository\com\amazonaws\aws-java-sdk-iottwinmaker\1.12.787\aws-java-sdk-iottwinmaker-1.12.787.jar;C:\Users\fssilva\.m2\repository\com\amazonaws\aws-java-sdk-recyclebin\1.12.787\aws-java-sdk-recyclebin-1.12.787.jar;C:\Users\fssilva\.m2\repository\com\amazonaws\aws-java-sdk-cloudwatchrum\1.12.787\aws-java-sdk-cloudwatchrum-1.12.787.jar;C:\Users\fssilva\.m2\repository\com\amazonaws\aws-java-sdk-cloudwatchevidently\1.12.787\aws-java-sdk-cloudwatchevidently-1.12.787.jar;C:\Users\fssilva\.m2\repository\com\amazonaws\aws-java-sdk-inspector2\1.12.787\aws-java-sdk-inspector2-1.12.787.jar;C:\Users\fssilva\.m2\repository\com\amazonaws\aws-java-sdk-migrationhubrefactorspaces\1.12.787\aws-java-sdk-migrationhubrefactorspaces-1.12.787.jar;C:\Users\fssilva\.m2\repository\com\amazonaws\aws-java-sdk-appconfigdata\1.12.787\aws-java-sdk-appconfigdata-1.12.787.jar;C:\Users\fssilva\.m2\repository\com\amazonaws\aws-java-sdk-drs\1.12.787\aws-java-sdk-drs-1.12.787.jar;C:\Users\fssilva\.m2\repository\com\amazonaws\aws-java-sdk-migrationhubstrategyrecommendations\1.12.787\aws-java-sdk-migrationhubstrategyrecommendations-1.12.787.jar;C:\Users\fssilva\.m2\repository\com\amazonaws\aws-java-sdk-resiliencehub\1.12.787\aws-java-sdk-resiliencehub-1.12.787.jar;C:\Users\fssilva\.m2\repository\com\amazonaws\aws-java-sdk-chimesdkmeetings\1.12.787\aws-java-sdk-chimesdkmeetings-1.12.787.jar;C:\Users\fssilva\.m2\repository\com\amazonaws\aws-java-sdk-panorama\1.12.787\aws-java-sdk-panorama-1.12.787.jar;C:\Users\fssilva\.m2\repository\com\amazonaws\aws-java-sdk-managedgrafana\1.12.787\aws-java-sdk-managedgrafana-1.12.787.jar;C:\Users\fssilva\.m2\repository\com\amazonaws\aws-java-sdk-cloudcontrolapi\1.12.787\aws-java-sdk-cloudcontrolapi-1.12.787.jar;C:\Users\fssilva\.m2\repository\com\amazonaws\aws-java-sdk-account\1.12.787\aws-java-sdk-account-1.12.787.jar;C:\Users\fssilva\.m2\repository\com\amazonaws\aws-java-sdk-voiceid\1.12.787\aws-java-sdk-voiceid-1.12.787.jar;C:\Users\fssilva\.m2\repository\com\amazonaws\aws-java-sdk-connectwisdom\1.12.787\aws-java-sdk-connectwisdom-1.12.787.jar;C:\Users\fssilva\.m2\repository\com\amazonaws\aws-java-sdk-kafkaconnect\1.12.787\aws-java-sdk-kafkaconnect-1.12.787.jar;C:\Users\fssilva\.m2\repository\com\amazonaws\aws-java-sdk-opensearch\1.12.787\aws-java-sdk-opensearch-1.12.787.jar;C:\Users\fssilva\.m2\repository\com\amazonaws\aws-java-sdk-memorydb\1.12.787\aws-java-sdk-memorydb-1.12.787.jar;C:\Users\fssilva\.m2\repository\com\amazonaws\aws-java-sdk-snowdevicemanagement\1.12.787\aws-java-sdk-snowdevicemanagement-1.12.787.jar;C:\Users\fssilva\.m2\repository\com\amazonaws\aws-java-sdk-chimesdkidentity\1.12.787\aws-java-sdk-chimesdkidentity-1.12.787.jar;C:\Users\fssilva\.m2\repository\com\amazonaws\aws-java-sdk-chimesdkmessaging\1.12.787\aws-java-sdk-chimesdkmessaging-1.12.787.jar;C:\Users\fssilva\.m2\repository\com\amazonaws\aws-java-sdk-route53recoverycluster\1.12.787\aws-java-sdk-route53recoverycluster-1.12.787.jar;C:\Users\fssilva\.m2\repository\com\amazonaws\aws-java-sdk-route53recoverycontrolconfig\1.12.787\aws-java-sdk-route53recoverycontrolconfig-1.12.787.jar;C:\Users\fssilva\.m2\repository\com\amazonaws\aws-java-sdk-route53recoveryreadiness\1.12.787\aws-java-sdk-route53recoveryreadiness-1.12.787.jar;C:\Users\fssilva\.m2\repository\com\amazonaws\aws-java-sdk-proton\1.12.787\aws-java-sdk-proton-1.12.787.jar;C:\Users\fssilva\.m2\repository\com\amazonaws\aws-java-sdk-apprunner\1.12.787\aws-java-sdk-apprunner-1.12.787.jar;C:\Users\fssilva\.m2\repository\com\amazonaws\aws-java-sdk-applicationcostprofiler\1.12.787\aws-java-sdk-applicationcostprofiler-1.12.787.jar;C:\Users\fssilva\.m2\repository\com\amazonaws\aws-java-sdk-ssmcontacts\1.12.787\aws-java-sdk-ssmcontacts-1.12.787.jar;C:\Users\fssilva\.m2\repository\com\amazonaws\aws-java-sdk-ssmincidents\1.12.787\aws-java-sdk-ssmincidents-1.12.787.jar;C:\Users\fssilva\.m2\repository\com\amazonaws\aws-java-sdk-finspacedata\1.12.787\aws-java-sdk-finspacedata-1.12.787.jar;C:\Users\fssilva\.m2\repository\com\amazonaws\aws-java-sdk-finspace\1.12.787\aws-java-sdk-finspace-1.12.787.jar;C:\Users\fssilva\.m2\repository\com\amazonaws\aws-java-sdk-nimblestudio\1.12.787\aws-java-sdk-nimblestudio-1.12.787.jar;C:\Users\fssilva\.m2\repository\com\amazonaws\aws-java-sdk-lookoutequipment\1.12.787\aws-java-sdk-lookoutequipment-1.12.787.jar;C:\Users\fssilva\.m2\repository\com\amazonaws\aws-java-sdk-mgn\1.12.787\aws-java-sdk-mgn-1.12.787.jar;C:\Users\fssilva\.m2\repository\com\amazonaws\aws-java-sdk-lookoutmetrics\1.12.787\aws-java-sdk-lookoutmetrics-1.12.787.jar;C:\Users\fssilva\.m2\repository\com\amazonaws\aws-java-sdk-fis\1.12.787\aws-java-sdk-fis-1.12.787.jar;C:\Users\fssilva\.m2\repository\com\amazonaws\aws-java-sdk-lexmodelsv2\1.12.787\aws-java-sdk-lexmodelsv2-1.12.787.jar;C:\Users\fssilva\.m2\repository\com\amazonaws\aws-java-sdk-lexruntimev2\1.12.787\aws-java-sdk-lexruntimev2-1.12.787.jar;C:\Users\fssilva\.m2\repository\com\amazonaws\aws-java-sdk-wellarchitected\1.12.787\aws-java-sdk-wellarchitected-1.12.787.jar;C:\Users\fssilva\.m2\repository\com\amazonaws\aws-java-sdk-location\1.12.787\aws-java-sdk-location-1.12.787.jar;C:\Users\fssilva\.m2\repository\com\amazonaws\aws-java-sdk-iotdeviceadvisor\1.12.787\aws-java-sdk-iotdeviceadvisor-1.12.787.jar;C:\Users\fssilva\.m2\repository\com\amazonaws\aws-java-sdk-iotfleethub\1.12.787\aws-java-sdk-iotfleethub-1.12.787.jar;C:\Users\fssilva\.m2\repository\com\amazonaws\aws-java-sdk-iotwireless\1.12.787\aws-java-sdk-iotwireless-1.12.787.jar;C:\Users\fssilva\.m2\repository\com\amazonaws\aws-java-sdk-greengrassv2\1.12.787\aws-java-sdk-greengrassv2-1.12.787.jar;C:\Users\fssilva\.m2\repository\com\amazonaws\aws-java-sdk-prometheus\1.12.787\aws-java-sdk-prometheus-1.12.787.jar;C:\Users\fssilva\.m2\repository\com\amazonaws\aws-java-sdk-auditmanager\1.12.787\aws-java-sdk-auditmanager-1.12.787.jar;C:\Users\fssilva\.m2\repository\com\amazonaws\aws-java-sdk-healthlake\1.12.787\aws-java-sdk-healthlake-1.12.787.jar;C:\Users\fssilva\.m2\repository\com\amazonaws\aws-java-sdk-sagemakeredgemanager\1.12.787\aws-java-sdk-sagemakeredgemanager-1.12.787.jar;C:\Users\fssilva\.m2\repository\com\amazonaws\aws-java-sdk-emrcontainers\1.12.787\aws-java-sdk-emrcontainers-1.12.787.jar;C:\Users\fssilva\.m2\repository\com\amazonaws\aws-java-sdk-customerprofiles\1.12.787\aws-java-sdk-customerprofiles-1.12.787.jar;C:\Users\fssilva\.m2\repository\com\amazonaws\aws-java-sdk-lookoutforvision\1.12.787\aws-java-sdk-lookoutforvision-1.12.787.jar;C:\Users\fssilva\.m2\repository\com\amazonaws\aws-java-sdk-connectcontactlens\1.12.787\aws-java-sdk-connectcontactlens-1.12.787.jar;C:\Users\fssilva\.m2\repository\com\amazonaws\aws-java-sdk-amplifybackend\1.12.787\aws-java-sdk-amplifybackend-1.12.787.jar;C:\Users\fssilva\.m2\repository\com\amazonaws\aws-java-sdk-ecrpublic\1.12.787\aws-java-sdk-ecrpublic-1.12.787.jar;C:\Users\fssilva\.m2\repository\com\amazonaws\aws-java-sdk-appintegrations\1.12.787\aws-java-sdk-appintegrations-1.12.787.jar;C:\Users\fssilva\.m2\repository\com\amazonaws\aws-java-sdk-sagemakerfeaturestoreruntime\1.12.787\aws-java-sdk-sagemakerfeaturestoreruntime-1.12.787.jar;C:\Users\fssilva\.m2\repository\com\amazonaws\aws-java-sdk-devopsguru\1.12.787\aws-java-sdk-devopsguru-1.12.787.jar;C:\Users\fssilva\.m2\repository\com\amazonaws\aws-java-sdk-mwaa\1.12.787\aws-java-sdk-mwaa-1.12.787.jar;C:\Users\fssilva\.m2\repository\com\amazonaws\aws-java-sdk-networkfirewall\1.12.787\aws-java-sdk-networkfirewall-1.12.787.jar;C:\Users\fssilva\.m2\repository\com\amazonaws\aws-java-sdk-appregistry\1.12.787\aws-java-sdk-appregistry-1.12.787.jar;C:\Users\fssilva\.m2\repository\com\amazonaws\aws-java-sdk-gluedatabrew\1.12.787\aws-java-sdk-gluedatabrew-1.12.787.jar;C:\Users\fssilva\.m2\repository\com\amazonaws\aws-java-sdk-s3outposts\1.12.787\aws-java-sdk-s3outposts-1.12.787.jar;C:\Users\fssilva\.m2\repository\com\amazonaws\aws-java-sdk-timestreamquery\1.12.787\aws-java-sdk-timestreamquery-1.12.787.jar;C:\Users\fssilva\.m2\repository\com\amazonaws\aws-java-sdk-timestreamwrite\1.12.787\aws-java-sdk-timestreamwrite-1.12.787.jar;C:\Users\fssilva\.m2\repository\com\amazonaws\aws-java-sdk-ssoadmin\1.12.787\aws-java-sdk-ssoadmin-1.12.787.jar;C:\Users\fssilva\.m2\repository\com\amazonaws\aws-java-sdk-redshiftdataapi\1.12.787\aws-java-sdk-redshiftdataapi-1.12.787.jar;C:\Users\fssilva\.m2\repository\com\amazonaws\aws-java-sdk-appflow\1.12.787\aws-java-sdk-appflow-1.12.787.jar;C:\Users\fssilva\.m2\repository\com\amazonaws\aws-java-sdk-identitystore\1.12.787\aws-java-sdk-identitystore-1.12.787.jar;C:\Users\fssilva\.m2\repository\com\amazonaws\aws-java-sdk-braket\1.12.787\aws-java-sdk-braket-1.12.787.jar;C:\Users\fssilva\.m2\repository\com\amazonaws\aws-java-sdk-ivs\1.12.787\aws-java-sdk-ivs-1.12.787.jar;C:\Users\fssilva\.m2\repository\com\amazonaws\aws-java-sdk-codeartifact\1.12.787\aws-java-sdk-codeartifact-1.12.787.jar;C:\Users\fssilva\.m2\repository\com\amazonaws\aws-java-sdk-macie2\1.12.787\aws-java-sdk-macie2-1.12.787.jar;C:\Users\fssilva\.m2\repository\com\amazonaws\aws-java-sdk-iotsitewise\1.12.787\aws-java-sdk-iotsitewise-1.12.787.jar;C:\Users\fssilva\.m2\repository\com\amazonaws\aws-java-sdk-synthetics\1.12.787\aws-java-sdk-synthetics-1.12.787.jar;C:\Users\fssilva\.m2\repository\com\amazonaws\aws-java-sdk-codestarconnections\1.12.787\aws-java-sdk-codestarconnections-1.12.787.jar;C:\Users\fssilva\.m2\repository\com\amazonaws\aws-java-sdk-detective\1.12.787\aws-java-sdk-detective-1.12.787.jar;C:\Users\fssilva\.m2\repository\com\amazonaws\aws-java-sdk-kinesisvideosignalingchannels\1.12.787\aws-java-sdk-kinesisvideosignalingchannels-1.12.787.jar;C:\Users\fssilva\.m2\repository\com\amazonaws\aws-java-sdk-ebs\1.12.787\aws-java-sdk-ebs-1.12.787.jar;C:\Users\fssilva\.m2\repository\com\amazonaws\aws-java-sdk-augmentedairuntime\1.12.787\aws-java-sdk-augmentedairuntime-1.12.787.jar;C:\Users\fssilva\.m2\repository\com\amazonaws\aws-java-sdk-outposts\1.12.787\aws-java-sdk-outposts-1.12.787.jar;C:\Users\fssilva\.m2\repository\com\amazonaws\aws-java-sdk-codeguruprofiler\1.12.787\aws-java-sdk-codeguruprofiler-1.12.787.jar;C:\Users\fssilva\.m2\repository\com\amazonaws\aws-java-sdk-codegurureviewer\1.12.787\aws-java-sdk-codegurureviewer-1.12.787.jar;C:\Users\fssilva\.m2\repository\com\amazonaws\aws-java-sdk-frauddetector\1.12.787\aws-java-sdk-frauddetector-1.12.787.jar;C:\Users\fssilva\.m2\repository\com\amazonaws\aws-java-sdk-kendra\1.12.787\aws-java-sdk-kendra-1.12.787.jar;C:\Users\fssilva\.m2\repository\com\amazonaws\aws-java-sdk-networkmanager\1.12.787\aws-java-sdk-networkmanager-1.12.787.jar;C:\Users\fssilva\.m2\repository\com\amazonaws\aws-java-sdk-computeoptimizer\1.12.787\aws-java-sdk-computeoptimizer-1.12.787.jar;C:\Users\fssilva\.m2\repository\com\amazonaws\aws-java-sdk-accessanalyzer\1.12.787\aws-java-sdk-accessanalyzer-1.12.787.jar;C:\Users\fssilva\.m2\repository\com\amazonaws\aws-java-sdk-schemas\1.12.787\aws-java-sdk-schemas-1.12.787.jar;C:\Users\fssilva\.m2\repository\com\amazonaws\aws-java-sdk-imagebuilder\1.12.787\aws-java-sdk-imagebuilder-1.12.787.jar;C:\Users\fssilva\.m2\repository\com\amazonaws\aws-java-sdk-elasticinference\1.12.787\aws-java-sdk-elasticinference-1.12.787.jar;C:\Users\fssilva\.m2\repository\com\amazonaws\aws-java-sdk-iotsecuretunneling\1.12.787\aws-java-sdk-iotsecuretunneling-1.12.787.jar;C:\Users\fssilva\.m2\repository\com\amazonaws\aws-java-sdk-appconfig\1.12.787\aws-java-sdk-appconfig-1.12.787.jar;C:\Users\fssilva\.m2\repository\com\amazonaws\aws-java-sdk-wafv2\1.12.787\aws-java-sdk-wafv2-1.12.787.jar;C:\Users\fssilva\.m2\repository\com\amazonaws\aws-java-sdk-connectparticipant\1.12.787\aws-java-sdk-connectparticipant-1.12.787.jar;C:\Users\fssilva\.m2\repository\com\amazonaws\aws-java-sdk-migrationhubconfig\1.12.787\aws-java-sdk-migrationhubconfig-1.12.787.jar;C:\Users\fssilva\.m2\repository\com\amazonaws\aws-java-sdk-dataexchange\1.12.787\aws-java-sdk-dataexchange-1.12.787.jar;C:\Users\fssilva\.m2\repository\com\amazonaws\aws-java-sdk-sesv2\1.12.787\aws-java-sdk-sesv2-1.12.787.jar;C:\Users\fssilva\.m2\repository\com\amazonaws\aws-java-sdk-marketplacecatalog\1.12.787\aws-java-sdk-marketplacecatalog-1.12.787.jar;C:\Users\fssilva\.m2\repository\com\amazonaws\aws-java-sdk-ssooidc\1.12.787\aws-java-sdk-ssooidc-1.12.787.jar;C:\Users\fssilva\.m2\repository\com\amazonaws\aws-java-sdk-sso\1.12.787\aws-java-sdk-sso-1.12.787.jar;C:\Users\fssilva\.m2\repository\com\amazonaws\aws-java-sdk-savingsplans\1.12.787\aws-java-sdk-savingsplans-1.12.787.jar;C:\Users\fssilva\.m2\repository\com\amazonaws\aws-java-sdk-codestarnotifications\1.12.787\aws-java-sdk-codestarnotifications-1.12.787.jar;C:\Users\fssilva\.m2\repository\com\amazonaws\aws-java-sdk-workmailmessageflow\1.12.787\aws-java-sdk-workmailmessageflow-1.12.787.jar;C:\Users\fssilva\.m2\repository\com\amazonaws\aws-java-sdk-qldbsession\1.12.787\aws-java-sdk-qldbsession-1.12.787.jar;C:\Users\fssilva\.m2\repository\com\amazonaws\aws-java-sdk-qldb\1.12.787\aws-java-sdk-qldb-1.12.787.jar;C:\Users\fssilva\.m2\repository\com\amazonaws\aws-java-sdk-forecastquery\1.12.787\aws-java-sdk-forecastquery-1.12.787.jar;C:\Users\fssilva\.m2\repository\com\amazonaws\aws-java-sdk-forecast\1.12.787\aws-java-sdk-forecast-1.12.787.jar;C:\Users\fssilva\.m2\repository\com\amazonaws\aws-java-sdk-lakeformation\1.12.787\aws-java-sdk-lakeformation-1.12.787.jar;C:\Users\fssilva\.m2\repository\com\amazonaws\aws-java-sdk-eventbridge\1.12.787\aws-java-sdk-eventbridge-1.12.787.jar;C:\Users\fssilva\.m2\repository\com\amazonaws\aws-java-sdk-ec2instanceconnect\1.12.787\aws-java-sdk-ec2instanceconnect-1.12.787.jar;C:\Users\fssilva\.m2\repository\com\amazonaws\aws-java-sdk-applicationinsights\1.12.787\aws-java-sdk-applicationinsights-1.12.787.jar;C:\Users\fssilva\.m2\repository\com\amazonaws\aws-java-sdk-servicequotas\1.12.787\aws-java-sdk-servicequotas-1.12.787.jar;C:\Users\fssilva\.m2\repository\com\amazonaws\aws-java-sdk-personalizeevents\1.12.787\aws-java-sdk-personalizeevents-1.12.787.jar;C:\Users\fssilva\.m2\repository\com\amazonaws\aws-java-sdk-personalize\1.12.787\aws-java-sdk-personalize-1.12.787.jar;C:\Users\fssilva\.m2\repository\com\amazonaws\aws-java-sdk-personalizeruntime\1.12.787\aws-java-sdk-personalizeruntime-1.12.787.jar;C:\Users\fssilva\.m2\repository\com\amazonaws\aws-java-sdk-ioteventsdata\1.12.787\aws-java-sdk-ioteventsdata-1.12.787.jar;C:\Users\fssilva\.m2\repository\com\amazonaws\aws-java-sdk-iotevents\1.12.787\aws-java-sdk-iotevents-1.12.787.jar;C:\Users\fssilva\.m2\repository\com\amazonaws\aws-java-sdk-iotthingsgraph\1.12.787\aws-java-sdk-iotthingsgraph-1.12.787.jar;C:\Users\fssilva\.m2\repository\com\amazonaws\aws-java-sdk-groundstation\1.12.787\aws-java-sdk-groundstation-1.12.787.jar;C:\Users\fssilva\.m2\repository\com\amazonaws\aws-java-sdk-mediapackagevod\1.12.787\aws-java-sdk-mediapackagevod-1.12.787.jar;C:\Users\fssilva\.m2\repository\com\amazonaws\aws-java-sdk-managedblockchain\1.12.787\aws-java-sdk-managedblockchain-1.12.787.jar;C:\Users\fssilva\.m2\repository\com\amazonaws\aws-java-sdk-textract\1.12.787\aws-java-sdk-textract-1.12.787.jar;C:\Users\fssilva\.m2\repository\com\amazonaws\aws-java-sdk-worklink\1.12.787\aws-java-sdk-worklink-1.12.787.jar;C:\Users\fssilva\.m2\repository\com\amazonaws\aws-java-sdk-backup\1.12.787\aws-java-sdk-backup-1.12.787.jar;C:\Users\fssilva\.m2\repository\com\amazonaws\aws-java-sdk-docdb\1.12.787\aws-java-sdk-docdb-1.12.787.jar;C:\Users\fssilva\.m2\repository\com\amazonaws\aws-java-sdk-apigatewayv2\1.12.787\aws-java-sdk-apigatewayv2-1.12.787.jar;C:\Users\fssilva\.m2\repository\com\amazonaws\aws-java-sdk-apigatewaymanagementapi\1.12.787\aws-java-sdk-apigatewaymanagementapi-1.12.787.jar;C:\Users\fssilva\.m2\repository\com\amazonaws\aws-java-sdk-kafka\1.12.787\aws-java-sdk-kafka-1.12.787.jar;C:\Users\fssilva\.m2\repository\com\amazonaws\aws-java-sdk-appmesh\1.12.787\aws-java-sdk-appmesh-1.12.787.jar;C:\Users\fssilva\.m2\repository\com\amazonaws\aws-java-sdk-licensemanager\1.12.787\aws-java-sdk-licensemanager-1.12.787.jar;C:\Users\fssilva\.m2\repository\com\amazonaws\aws-java-sdk-securityhub\1.12.787\aws-java-sdk-securityhub-1.12.787.jar;C:\Users\fssilva\.m2\repository\com\amazonaws\aws-java-sdk-fsx\1.12.787\aws-java-sdk-fsx-1.12.787.jar;C:\Users\fssilva\.m2\repository\com\amazonaws\aws-java-sdk-mediaconnect\1.12.787\aws-java-sdk-mediaconnect-1.12.787.jar;C:\Users\fssilva\.m2\repository\com\amazonaws\aws-java-sdk-kinesisanalyticsv2\1.12.787\aws-java-sdk-kinesisanalyticsv2-1.12.787.jar;C:\Users\fssilva\.m2\repository\com\amazonaws\aws-java-sdk-comprehendmedical\1.12.787\aws-java-sdk-comprehendmedical-1.12.787.jar;C:\Users\fssilva\.m2\repository\com\amazonaws\aws-java-sdk-globalaccelerator\1.12.787\aws-java-sdk-globalaccelerator-1.12.787.jar;C:\Users\fssilva\.m2\repository\com\amazonaws\aws-java-sdk-transfer\1.12.787\aws-java-sdk-transfer-1.12.787.jar;C:\Users\fssilva\.m2\repository\com\amazonaws\aws-java-sdk-datasync\1.12.787\aws-java-sdk-datasync-1.12.787.jar;C:\Users\fssilva\.m2\repository\com\amazonaws\aws-java-sdk-robomaker\1.12.787\aws-java-sdk-robomaker-1.12.787.jar;C:\Users\fssilva\.m2\repository\com\amazonaws\aws-java-sdk-amplify\1.12.787\aws-java-sdk-amplify-1.12.787.jar;C:\Users\fssilva\.m2\repository\com\amazonaws\aws-java-sdk-quicksight\1.12.787\aws-java-sdk-quicksight-1.12.787.jar;C:\Users\fssilva\.m2\repository\com\amazonaws\aws-java-sdk-rdsdata\1.12.787\aws-java-sdk-rdsdata-1.12.787.jar;C:\Users\fssilva\.m2\repository\com\amazonaws\aws-java-sdk-route53resolver\1.12.787\aws-java-sdk-route53resolver-1.12.787.jar;C:\Users\fssilva\.m2\repository\com\amazonaws\aws-java-sdk-ram\1.12.787\aws-java-sdk-ram-1.12.787.jar;C:\Users\fssilva\.m2\repository\com\amazonaws\aws-java-sdk-s3control\1.12.787\aws-java-sdk-s3control-1.12.787.jar;C:\Users\fssilva\.m2\repository\com\amazonaws\aws-java-sdk-pinpointsmsvoice\1.12.787\aws-java-sdk-pinpointsmsvoice-1.12.787.jar;C:\Users\fssilva\.m2\repository\com\amazonaws\aws-java-sdk-pinpointemail\1.12.787\aws-java-sdk-pinpointemail-1.12.787.jar;C:\Users\fssilva\.m2\repository\com\amazonaws\aws-java-sdk-chime\1.12.787\aws-java-sdk-chime-1.12.787.jar;C:\Users\fssilva\.m2\repository\com\amazonaws\aws-java-sdk-signer\1.12.787\aws-java-sdk-signer-1.12.787.jar;C:\Users\fssilva\.m2\repository\com\amazonaws\aws-java-sdk-dlm\1.12.787\aws-java-sdk-dlm-1.12.787.jar;C:\Users\fssilva\.m2\repository\com\amazonaws\aws-java-sdk-eks\1.12.787\aws-java-sdk-eks-1.12.787.jar;C:\Users\fssilva\.m2\repository\com\amazonaws\aws-java-sdk-mediatailor\1.12.787\aws-java-sdk-mediatailor-1.12.787.jar;C:\Users\fssilva\.m2\repository\com\amazonaws\aws-java-sdk-neptune\1.12.787\aws-java-sdk-neptune-1.12.787.jar;C:\Users\fssilva\.m2\repository\com\amazonaws\aws-java-sdk-pi\1.12.787\aws-java-sdk-pi-1.12.787.jar;C:\Users\fssilva\.m2\repository\com\amazonaws\aws-java-sdk-iot1clickprojects\1.12.787\aws-java-sdk-iot1clickprojects-1.12.787.jar;C:\Users\fssilva\.m2\repository\com\amazonaws\aws-java-sdk-iot1clickdevices\1.12.787\aws-java-sdk-iot1clickdevices-1.12.787.jar;C:\Users\fssilva\.m2\repository\com\amazonaws\aws-java-sdk-iotanalytics\1.12.787\aws-java-sdk-iotanalytics-1.12.787.jar;C:\Users\fssilva\.m2\repository\com\amazonaws\aws-java-sdk-acmpca\1.12.787\aws-java-sdk-acmpca-1.12.787.jar;C:\Users\fssilva\.m2\repository\com\amazonaws\aws-java-sdk-secretsmanager\1.12.787\aws-java-sdk-secretsmanager-1.12.787.jar;C:\Users\fssilva\.m2\repository\com\amazonaws\aws-java-sdk-fms\1.12.787\aws-java-sdk-fms-1.12.787.jar;C:\Users\fssilva\.m2\repository\com\amazonaws\aws-java-sdk-connect\1.12.787\aws-java-sdk-connect-1.12.787.jar;C:\Users\fssilva\.m2\repository\com\amazonaws\aws-java-sdk-transcribe\1.12.787\aws-java-sdk-transcribe-1.12.787.jar;C:\Users\fssilva\.m2\repository\com\amazonaws\aws-java-sdk-autoscalingplans\1.12.787\aws-java-sdk-autoscalingplans-1.12.787.jar;C:\Users\fssilva\.m2\repository\com\amazonaws\aws-java-sdk-workmail\1.12.787\aws-java-sdk-workmail-1.12.787.jar;C:\Users\fssilva\.m2\repository\com\amazonaws\aws-java-sdk-servicediscovery\1.12.787\aws-java-sdk-servicediscovery-1.12.787.jar;C:\Users\fssilva\.m2\repository\com\amazonaws\aws-java-sdk-cloud9\1.12.787\aws-java-sdk-cloud9-1.12.787.jar;C:\Users\fssilva\.m2\repository\com\amazonaws\aws-java-sdk-serverlessapplicationrepository\1.12.787\aws-java-sdk-serverlessapplicationrepository-1.12.787.jar;C:\Users\fssilva\.m2\repository\com\amazonaws\aws-java-sdk-resourcegroups\1.12.787\aws-java-sdk-resourcegroups-1.12.787.jar;C:\Users\fssilva\.m2\repository\com\amazonaws\aws-java-sdk-comprehend\1.12.787\aws-java-sdk-comprehend-1.12.787.jar;C:\Users\fssilva\.m2\repository\com\amazonaws\aws-java-sdk-translate\1.12.787\aws-java-sdk-translate-1.12.787.jar;C:\Users\fssilva\.m2\repository\com\amazonaws\aws-java-sdk-sagemaker\1.12.787\aws-java-sdk-sagemaker-1.12.787.jar;C:\Users\fssilva\.m2\repository\com\amazonaws\aws-java-sdk-iotjobsdataplane\1.12.787\aws-java-sdk-iotjobsdataplane-1.12.787.jar;C:\Users\fssilva\.m2\repository\com\amazonaws\aws-java-sdk-sagemakerruntime\1.12.787\aws-java-sdk-sagemakerruntime-1.12.787.jar;C:\Users\fssilva\.m2\repository\com\amazonaws\aws-java-sdk-kinesisvideo\1.12.787\aws-java-sdk-kinesisvideo-1.12.787.jar;C:\Users\fssilva\.m2\repository\com\amazonaws\aws-java-sdk-appsync\1.12.787\aws-java-sdk-appsync-1.12.787.jar;C:\Users\fssilva\.m2\repository\com\amazonaws\aws-java-sdk-guardduty\1.12.787\aws-java-sdk-guardduty-1.12.787.jar;C:\Users\fssilva\.m2\repository\com\amazonaws\aws-java-sdk-mq\1.12.787\aws-java-sdk-mq-1.12.787.jar;C:\Users\fssilva\.m2\repository\com\amazonaws\aws-java-sdk-mediaconvert\1.12.787\aws-java-sdk-mediaconvert-1.12.787.jar;C:\Users\fssilva\.m2\repository\com\amazonaws\aws-java-sdk-mediastore\1.12.787\aws-java-sdk-mediastore-1.12.787.jar;C:\Users\fssilva\.m2\repository\com\amazonaws\aws-java-sdk-mediastoredata\1.12.787\aws-java-sdk-mediastoredata-1.12.787.jar;C:\Users\fssilva\.m2\repository\com\amazonaws\aws-java-sdk-medialive\1.12.787\aws-java-sdk-medialive-1.12.787.jar;C:\Users\fssilva\.m2\repository\com\amazonaws\aws-java-sdk-mediapackage\1.12.787\aws-java-sdk-mediapackage-1.12.787.jar;C:\Users\fssilva\.m2\repository\com\amazonaws\aws-java-sdk-costexplorer\1.12.787\aws-java-sdk-costexplorer-1.12.787.jar;C:\Users\fssilva\.m2\repository\com\amazonaws\aws-java-sdk-pricing\1.12.787\aws-java-sdk-pricing-1.12.787.jar;C:\Users\fssilva\.m2\repository\com\amazonaws\aws-java-sdk-cloudhsmv2\1.12.787\aws-java-sdk-cloudhsmv2-1.12.787.jar;C:\Users\fssilva\.m2\repository\com\amazonaws\aws-java-sdk-glue\1.12.787\aws-java-sdk-glue-1.12.787.jar;C:\Users\fssilva\.m2\repository\com\amazonaws\aws-java-sdk-migrationhub\1.12.787\aws-java-sdk-migrationhub-1.12.787.jar;C:\Users\fssilva\.m2\repository\com\amazonaws\aws-java-sdk-dax\1.12.787\aws-java-sdk-dax-1.12.787.jar;C:\Users\fssilva\.m2\repository\com\amazonaws\aws-java-sdk-greengrass\1.12.787\aws-java-sdk-greengrass-1.12.787.jar;C:\Users\fssilva\.m2\repository\com\amazonaws\aws-java-sdk-athena\1.12.787\aws-java-sdk-athena-1.12.787.jar;C:\Users\fssilva\.m2\repository\com\amazonaws\aws-java-sdk-marketplaceentitlement\1.12.787\aws-java-sdk-marketplaceentitlement-1.12.787.jar;C:\Users\fssilva\.m2\repository\com\amazonaws\aws-java-sdk-codestar\1.12.787\aws-java-sdk-codestar-1.12.787.jar;C:\Users\fssilva\.m2\repository\com\amazonaws\aws-java-sdk-lexmodelbuilding\1.12.787\aws-java-sdk-lexmodelbuilding-1.12.787.jar;C:\Users\fssilva\.m2\repository\com\amazonaws\aws-java-sdk-resourcegroupstaggingapi\1.12.787\aws-java-sdk-resourcegroupstaggingapi-1.12.787.jar;C:\Users\fssilva\.m2\repository\com\amazonaws\aws-java-sdk-pinpoint\1.12.787\aws-java-sdk-pinpoint-1.12.787.jar;C:\Users\fssilva\.m2\repository\com\amazonaws\aws-java-sdk-xray\1.12.787\aws-java-sdk-xray-1.12.787.jar;C:\Users\fssilva\.m2\repository\com\amazonaws\aws-java-sdk-opsworkscm\1.12.787\aws-java-sdk-opsworkscm-1.12.787.jar;C:\Users\fssilva\.m2\repository\com\amazonaws\aws-java-sdk-support\1.12.787\aws-java-sdk-support-1.12.787.jar;C:\Users\fssilva\.m2\repository\com\amazonaws\aws-java-sdk-simpledb\1.12.787\aws-java-sdk-simpledb-1.12.787.jar;C:\Users\fssilva\.m2\repository\com\amazonaws\aws-java-sdk-servicecatalog\1.12.787\aws-java-sdk-servicecatalog-1.12.787.jar;C:\Users\fssilva\.m2\repository\com\amazonaws\aws-java-sdk-servermigration\1.12.787\aws-java-sdk-servermigration-1.12.787.jar;C:\Users\fssilva\.m2\repository\com\amazonaws\aws-java-sdk-simpleworkflow\1.12.787\aws-java-sdk-simpleworkflow-1.12.787.jar;C:\Users\fssilva\.m2\repository\com\amazonaws\aws-java-sdk-storagegateway\1.12.787\aws-java-sdk-storagegateway-1.12.787.jar;C:\Users\fssilva\.m2\repository\com\amazonaws\aws-java-sdk-route53\1.12.787\aws-java-sdk-route53-1.12.787.jar;C:\Users\fssilva\.m2\repository\com\amazonaws\aws-java-sdk-s3\1.12.787\aws-java-sdk-s3-1.12.787.jar;C:\Users\fssilva\.m2\repository\com\amazonaws\aws-java-sdk-importexport\1.12.787\aws-java-sdk-importexport-1.12.787.jar;C:\Users\fssilva\.m2\repository\com\amazonaws\aws-java-sdk-sts\1.12.787\aws-java-sdk-sts-1.12.787.jar;C:\Users\fssilva\.m2\repository\com\amazonaws\aws-java-sdk-sqs\1.12.787\aws-java-sdk-sqs-1.12.787.jar;C:\Users\fssilva\.m2\repository\com\amazonaws\aws-java-sdk-rds\1.12.787\aws-java-sdk-rds-1.12.787.jar;C:\Users\fssilva\.m2\repository\com\amazonaws\aws-java-sdk-redshift\1.12.787\aws-java-sdk-redshift-1.12.787.jar;C:\Users\fssilva\.m2\repository\com\amazonaws\aws-java-sdk-elasticbeanstalk\1.12.787\aws-java-sdk-elasticbeanstalk-1.12.787.jar;C:\Users\fssilva\.m2\repository\com\amazonaws\aws-java-sdk-glacier\1.12.787\aws-java-sdk-glacier-1.12.787.jar;C:\Users\fssilva\.m2\repository\com\amazonaws\aws-java-sdk-iam\1.12.787\aws-java-sdk-iam-1.12.787.jar;C:\Users\fssilva\.m2\repository\com\amazonaws\aws-java-sdk-datapipeline\1.12.787\aws-java-sdk-datapipeline-1.12.787.jar;C:\Users\fssilva\.m2\repository\com\amazonaws\aws-java-sdk-elasticloadbalancing\1.12.787\aws-java-sdk-elasticloadbalancing-1.12.787.jar;C:\Users\fssilva\.m2\repository\com\amazonaws\aws-java-sdk-elasticloadbalancingv2\1.12.787\aws-java-sdk-elasticloadbalancingv2-1.12.787.jar;C:\Users\fssilva\.m2\repository\com\amazonaws\aws-java-sdk-emr\1.12.787\aws-java-sdk-emr-1.12.787.jar;C:\Users\fssilva\.m2\repository\com\amazonaws\aws-java-sdk-elasticache\1.12.787\aws-java-sdk-elasticache-1.12.787.jar;C:\Users\fssilva\.m2\repository\com\amazonaws\aws-java-sdk-elastictranscoder\1.12.787\aws-java-sdk-elastictranscoder-1.12.787.jar;C:\Users\fssilva\.m2\repository\com\amazonaws\aws-java-sdk-ec2\1.12.787\aws-java-sdk-ec2-1.12.787.jar;C:\Users\fssilva\.m2\repository\com\amazonaws\aws-java-sdk-dynamodb\1.12.787\aws-java-sdk-dynamodb-1.12.787.jar;C:\Users\fssilva\.m2\repository\com\amazonaws\aws-java-sdk-sns\1.12.787\aws-java-sdk-sns-1.12.787.jar;C:\Users\fssilva\.m2\repository\com\amazonaws\aws-java-sdk-budgets\1.12.787\aws-java-sdk-budgets-1.12.787.jar;C:\Users\fssilva\.m2\repository\com\amazonaws\aws-java-sdk-cloudtrail\1.12.787\aws-java-sdk-cloudtrail-1.12.787.jar;C:\Users\fssilva\.m2\repository\com\amazonaws\aws-java-sdk-cloudwatch\1.12.787\aws-java-sdk-cloudwatch-1.12.787.jar;C:\Users\fssilva\.m2\repository\com\amazonaws\aws-java-sdk-logs\1.12.787\aws-java-sdk-logs-1.12.787.jar;C:\Users\fssilva\.m2\repository\com\amazonaws\aws-java-sdk-events\1.12.787\aws-java-sdk-events-1.12.787.jar;C:\Users\fssilva\.m2\repository\com\amazonaws\aws-java-sdk-cognitoidentity\1.12.787\aws-java-sdk-cognitoidentity-1.12.787.jar;C:\Users\fssilva\.m2\repository\com\amazonaws\aws-java-sdk-cognitosync\1.12.787\aws-java-sdk-cognitosync-1.12.787.jar;C:\Users\fssilva\.m2\repository\com\amazonaws\aws-java-sdk-directconnect\1.12.787\aws-java-sdk-directconnect-1.12.787.jar;C:\Users\fssilva\.m2\repository\com\amazonaws\aws-java-sdk-cloudformation\1.12.787\aws-java-sdk-cloudformation-1.12.787.jar;C:\Users\fssilva\.m2\repository\com\amazonaws\aws-java-sdk-cloudfront\1.12.787\aws-java-sdk-cloudfront-1.12.787.jar;C:\Users\fssilva\.m2\repository\com\amazonaws\aws-java-sdk-clouddirectory\1.12.787\aws-java-sdk-clouddirectory-1.12.787.jar;C:\Users\fssilva\.m2\repository\com\amazonaws\aws-java-sdk-kinesis\1.12.787\aws-java-sdk-kinesis-1.12.787.jar;C:\Users\fssilva\.m2\repository\com\amazonaws\aws-java-sdk-opsworks\1.12.787\aws-java-sdk-opsworks-1.12.787.jar;C:\Users\fssilva\.m2\repository\com\amazonaws\aws-java-sdk-ses\1.12.787\aws-java-sdk-ses-1.12.787.jar;C:\Users\fssilva\.m2\repository\com\amazonaws\aws-java-sdk-autoscaling\1.12.787\aws-java-sdk-autoscaling-1.12.787.jar;C:\Users\fssilva\.m2\repository\com\amazonaws\aws-java-sdk-cloudsearch\1.12.787\aws-java-sdk-cloudsearch-1.12.787.jar;C:\Users\fssilva\.m2\repository\com\amazonaws\aws-java-sdk-cloudwatchmetrics\1.12.787\aws-java-sdk-cloudwatchmetrics-1.12.787.jar;C:\Users\fssilva\.m2\repository\com\amazonaws\aws-java-sdk-codedeploy\1.12.787\aws-java-sdk-codedeploy-1.12.787.jar;C:\Users\fssilva\.m2\repository\com\amazonaws\aws-java-sdk-codepipeline\1.12.787\aws-java-sdk-codepipeline-1.12.787.jar;C:\Users\fssilva\.m2\repository\com\amazonaws\aws-java-sdk-kms\1.12.787\aws-java-sdk-kms-1.12.787.jar;C:\Users\fssilva\.m2\repository\com\amazonaws\aws-java-sdk-config\1.12.787\aws-java-sdk-config-1.12.787.jar;C:\Users\fssilva\.m2\repository\com\amazonaws\aws-java-sdk-lambda\1.12.787\aws-java-sdk-lambda-1.12.787.jar;C:\Users\fssilva\.m2\repository\com\amazonaws\aws-java-sdk-ecs\1.12.787\aws-java-sdk-ecs-1.12.787.jar;C:\Users\fssilva\.m2\repository\com\amazonaws\aws-java-sdk-ecr\1.12.787\aws-java-sdk-ecr-1.12.787.jar;C:\Users\fssilva\.m2\repository\com\amazonaws\aws-java-sdk-cloudhsm\1.12.787\aws-java-sdk-cloudhsm-1.12.787.jar;C:\Users\fssilva\.m2\repository\com\amazonaws\aws-java-sdk-ssm\1.12.787\aws-java-sdk-ssm-1.12.787.jar;C:\Users\fssilva\.m2\repository\com\amazonaws\aws-java-sdk-workspaces\1.12.787\aws-java-sdk-workspaces-1.12.787.jar;C:\Users\fssilva\.m2\repository\com\amazonaws\aws-java-sdk-machinelearning\1.12.787\aws-java-sdk-machinelearning-1.12.787.jar;C:\Users\fssilva\.m2\repository\com\amazonaws\aws-java-sdk-directory\1.12.787\aws-java-sdk-directory-1.12.787.jar;C:\Users\fssilva\.m2\repository\com\amazonaws\aws-java-sdk-efs\1.12.787\aws-java-sdk-efs-1.12.787.jar;C:\Users\fssilva\.m2\repository\com\amazonaws\aws-java-sdk-codecommit\1.12.787\aws-java-sdk-codecommit-1.12.787.jar;C:\Users\fssilva\.m2\repository\com\amazonaws\aws-java-sdk-devicefarm\1.12.787\aws-java-sdk-devicefarm-1.12.787.jar;C:\Users\fssilva\.m2\repository\com\amazonaws\aws-java-sdk-elasticsearch\1.12.787\aws-java-sdk-elasticsearch-1.12.787.jar;C:\Users\fssilva\.m2\repository\com\amazonaws\aws-java-sdk-waf\1.12.787\aws-java-sdk-waf-1.12.787.jar;C:\Users\fssilva\.m2\repository\com\amazonaws\aws-java-sdk-marketplacecommerceanalytics\1.12.787\aws-java-sdk-marketplacecommerceanalytics-1.12.787.jar;C:\Users\fssilva\.m2\repository\com\amazonaws\aws-java-sdk-inspector\1.12.787\aws-java-sdk-inspector-1.12.787.jar;C:\Users\fssilva\.m2\repository\com\amazonaws\aws-java-sdk-iot\1.12.787\aws-java-sdk-iot-1.12.787.jar;C:\Users\fssilva\.m2\repository\com\amazonaws\aws-java-sdk-api-gateway\1.12.787\aws-java-sdk-api-gateway-1.12.787.jar;C:\Users\fssilva\.m2\repository\com\amazonaws\aws-java-sdk-acm\1.12.787\aws-java-sdk-acm-1.12.787.jar;C:\Users\fssilva\.m2\repository\com\amazonaws\aws-java-sdk-gamelift\1.12.787\aws-java-sdk-gamelift-1.12.787.jar;C:\Users\fssilva\.m2\repository\com\amazonaws\aws-java-sdk-dms\1.12.787\aws-java-sdk-dms-1.12.787.jar;C:\Users\fssilva\.m2\repository\com\amazonaws\aws-java-sdk-marketplacemeteringservice\1.12.787\aws-java-sdk-marketplacemeteringservice-1.12.787.jar;C:\Users\fssilva\.m2\repository\com\amazonaws\aws-java-sdk-cognitoidp\1.12.787\aws-java-sdk-cognitoidp-1.12.787.jar;C:\Users\fssilva\.m2\repository\com\amazonaws\aws-java-sdk-discovery\1.12.787\aws-java-sdk-discovery-1.12.787.jar;C:\Users\fssilva\.m2\repository\com\amazonaws\aws-java-sdk-applicationautoscaling\1.12.787\aws-java-sdk-applicationautoscaling-1.12.787.jar;C:\Users\fssilva\.m2\repository\com\amazonaws\aws-java-sdk-snowball\1.12.787\aws-java-sdk-snowball-1.12.787.jar;C:\Users\fssilva\.m2\repository\com\amazonaws\aws-java-sdk-rekognition\1.12.787\aws-java-sdk-rekognition-1.12.787.jar;C:\Users\fssilva\.m2\repository\com\amazonaws\aws-java-sdk-polly\1.12.787\aws-java-sdk-polly-1.12.787.jar;C:\Users\fssilva\.m2\repository\com\amazonaws\aws-java-sdk-lightsail\1.12.787\aws-java-sdk-lightsail-1.12.787.jar;C:\Users\fssilva\.m2\repository\com\amazonaws\aws-java-sdk-stepfunctions\1.12.787\aws-java-sdk-stepfunctions-1.12.787.jar;C:\Users\fssilva\.m2\repository\com\amazonaws\aws-java-sdk-health\1.12.787\aws-java-sdk-health-1.12.787.jar;C:\Users\fssilva\.m2\repository\com\amazonaws\aws-java-sdk-costandusagereport\1.12.787\aws-java-sdk-costandusagereport-1.12.787.jar;C:\Users\fssilva\.m2\repository\com\amazonaws\aws-java-sdk-codebuild\1.12.787\aws-java-sdk-codebuild-1.12.787.jar;C:\Users\fssilva\.m2\repository\com\amazonaws\aws-java-sdk-appstream\1.12.787\aws-java-sdk-appstream-1.12.787.jar;C:\Users\fssilva\.m2\repository\com\amazonaws\aws-java-sdk-shield\1.12.787\aws-java-sdk-shield-1.12.787.jar;C:\Users\fssilva\.m2\repository\com\amazonaws\aws-java-sdk-batch\1.12.787\aws-java-sdk-batch-1.12.787.jar;C:\Users\fssilva\.m2\repository\com\amazonaws\aws-java-sdk-lex\1.12.787\aws-java-sdk-lex-1.12.787.jar;C:\Users\fssilva\.m2\repository\com\amazonaws\aws-java-sdk-mechanicalturkrequester\1.12.787\aws-java-sdk-mechanicalturkrequester-1.12.787.jar;C:\Users\fssilva\.m2\repository\com\amazonaws\aws-java-sdk-organizations\1.12.787\aws-java-sdk-organizations-1.12.787.jar;C:\Users\fssilva\.m2\repository\com\amazonaws\aws-java-sdk-workdocs\1.12.787\aws-java-sdk-workdocs-1.12.787.jar;C:\Users\fssilva\.m2\repository\com\amazonaws\aws-java-sdk-core\1.12.787\aws-java-sdk-core-1.12.787.jar;C:\Users\fssilva\.m2\repository\com\fasterxml\jackson\dataformat\jackson-dataformat-cbor\2.18.2\jackson-dataformat-cbor-2.18.2.jar;C:\Users\fssilva\.m2\repository\joda-time\joda-time\2.12.7\joda-time-2.12.7.jar;C:\Users\fssilva\.m2\repository\com\amazonaws\aws-java-sdk-models\1.12.787\aws-java-sdk-models-1.12.787.jar;C:\Users\fssilva\.m2\repository\com\amazonaws\aws-java-sdk-swf-libraries\1.11.22\aws-java-sdk-swf-libraries-1.11.22.jar;C:\Users\fssilva\.m2\repository\org\springframework\boot\spring-boot-starter-aop\3.4.1\spring-boot-starter-aop-3.4.1.jar;C:\Users\fssilva\.m2\repository\org\springframework\boot\spring-boot-starter-test\3.4.1\spring-boot-starter-test-3.4.1.jar;C:\Users\fssilva\.m2\repository\org\springframework\boot\spring-boot-test\3.4.1\spring-boot-test-3.4.1.jar;C:\Users\fssilva\.m2\repository\org\springframework\boot\spring-boot-test-autoconfigure\3.4.1\spring-boot-test-autoconfigure-3.4.1.jar;C:\Users\fssilva\.m2\repository\com\jayway\jsonpath\json-path\2.9.0\json-path-2.9.0.jar;C:\Users\fssilva\.m2\repository\jakarta\xml\bind\jakarta.xml.bind-api\4.0.2\jakarta.xml.bind-api-4.0.2.jar;C:\Users\fssilva\.m2\repository\jakarta\activation\jakarta.activation-api\2.1.3\jakarta.activation-api-2.1.3.jar;C:\Users\fssilva\.m2\repository\net\minidev\json-smart\2.5.1\json-smart-2.5.1.jar;C:\Users\fssilva\.m2\repository\net\minidev\accessors-smart\2.5.1\accessors-smart-2.5.1.jar;C:\Users\fssilva\.m2\repository\org\ow2\asm\asm\9.6\asm-9.6.jar;C:\Users\fssilva\.m2\repository\org\assertj\assertj-core\3.26.3\assertj-core-3.26.3.jar;C:\Users\fssilva\.m2\repository\org\awaitility\awaitility\4.2.2\awaitility-4.2.2.jar;C:\Users\fssilva\.m2\repository\org\hamcrest\hamcrest\2.2\hamcrest-2.2.jar;C:\Users\fssilva\.m2\repository\org\junit\jupiter\junit-jupiter\5.11.4\junit-jupiter-5.11.4.jar;C:\Users\fssilva\.m2\repository\org\junit\jupiter\junit-jupiter-api\5.11.4\junit-jupiter-api-5.11.4.jar;C:\Users\fssilva\.m2\repository\org\opentest4j\opentest4j\1.3.0\opentest4j-1.3.0.jar;C:\Users\fssilva\.m2\repository\org\junit\platform\junit-platform-commons\1.11.4\junit-platform-commons-1.11.4.jar;C:\Users\fssilva\.m2\repository\org\apiguardian\apiguardian-api\1.1.2\apiguardian-api-1.1.2.jar;C:\Users\fssilva\.m2\repository\org\junit\jupiter\junit-jupiter-params\5.11.4\junit-jupiter-params-5.11.4.jar;C:\Users\fssilva\.m2\repository\org\junit\jupiter\junit-jupiter-engine\5.11.4\junit-jupiter-engine-5.11.4.jar;C:\Users\fssilva\.m2\repository\org\junit\platform\junit-platform-engine\1.11.4\junit-platform-engine-1.11.4.jar;C:\Users\fssilva\.m2\repository\org\mockito\mockito-core\5.14.2\mockito-core-5.14.2.jar;C:\Users\fssilva\.m2\repository\net\bytebuddy\byte-buddy-agent\1.15.11\byte-buddy-agent-1.15.11.jar;C:\Users\fssilva\.m2\repository\org\objenesis\objenesis\3.3\objenesis-3.3.jar;C:\Users\fssilva\.m2\repository\org\mockito\mockito-junit-jupiter\5.14.2\mockito-junit-jupiter-5.14.2.jar;C:\Users\fssilva\.m2\repository\org\skyscreamer\jsonassert\1.5.3\jsonassert-1.5.3.jar;C:\Users\fssilva\.m2\repository\com\vaadin\external\google\android-json\0.0.20131108.vaadin1\android-json-0.0.20131108.vaadin1.jar;C:\Users\fssilva\.m2\repository\org\springframework\spring-core\6.2.1\spring-core-6.2.1.jar;C:\Users\fssilva\.m2\repository\org\springframework\spring-jcl\6.2.1\spring-jcl-6.2.1.jar;C:\Users\fssilva\.m2\repository\org\springframework\spring-test\6.2.1\spring-test-6.2.1.jar;C:\Users\fssilva\.m2\repository\org\xmlunit\xmlunit-core\2.10.0\xmlunit-core-2.10.0.jar;C:\Users\fssilva\.m2\repository\org\springframework\security\spring-security-test\6.4.2\spring-security-test-6.4.2.jar;"/>
    <property name="java.vm.vendor" value="Amazon.com Inc."/>
    <property name="sun.arch.data.model" value="64"/>
    <property name="user.variant" value=""/>
    <property name="java.vendor.url" value="https://aws.amazon.com/corretto/"/>
    <property name="user.timezone" value="America/Sao_Paulo"/>
    <property name="org.jboss.logging.provider" value="slf4j"/>
    <property name="os.name" value="Windows 11"/>
    <property name="java.vm.specification.version" value="21"/>
    <property name="APPLICATION_NAME" value="Voz Cidada API"/>
    <property name="sun.java.launcher" value="SUN_STANDARD"/>
    <property name="user.country" value="BR"/>
    <property name="sun.boot.library.path" value="C:\Program Files\Amazon Corretto\jdk21.0.4_7\bin"/>
    <property name="sun.java.command" value="C:\Users\fssilva\AppData\Local\Temp\surefire91930983838404044\surefirebooter-20250617233320627_3.jar C:\Users\fssilva\AppData\Local\Temp\surefire91930983838404044 2025-06-17T23-33-20_248-jvmRun1 surefire-20250617233320627_1tmp surefire_0-20250617233320627_2tmp"/>
    <property name="jdk.debug" value="release"/>
    <property name="surefire.test.class.path" value="C:\Users\fssilva\backend-vozcidada\target\test-classes;C:\Users\fssilva\backend-vozcidada\target\classes;C:\Users\fssilva\.m2\repository\org\springframework\boot\spring-boot-starter-data-jpa\3.4.1\spring-boot-starter-data-jpa-3.4.1.jar;C:\Users\fssilva\.m2\repository\org\springframework\boot\spring-boot-starter\3.4.1\spring-boot-starter-3.4.1.jar;C:\Users\fssilva\.m2\repository\org\springframework\boot\spring-boot-starter-logging\3.4.1\spring-boot-starter-logging-3.4.1.jar;C:\Users\fssilva\.m2\repository\ch\qos\logback\logback-classic\1.5.12\logback-classic-1.5.12.jar;C:\Users\fssilva\.m2\repository\ch\qos\logback\logback-core\1.5.12\logback-core-1.5.12.jar;C:\Users\fssilva\.m2\repository\org\apache\logging\log4j\log4j-to-slf4j\2.24.3\log4j-to-slf4j-2.24.3.jar;C:\Users\fssilva\.m2\repository\org\slf4j\jul-to-slf4j\2.0.16\jul-to-slf4j-2.0.16.jar;C:\Users\fssilva\.m2\repository\jakarta\annotation\jakarta.annotation-api\2.1.1\jakarta.annotation-api-2.1.1.jar;C:\Users\fssilva\.m2\repository\org\yaml\snakeyaml\2.3\snakeyaml-2.3.jar;C:\Users\fssilva\.m2\repository\org\springframework\boot\spring-boot-starter-jdbc\3.4.1\spring-boot-starter-jdbc-3.4.1.jar;C:\Users\fssilva\.m2\repository\com\zaxxer\HikariCP\5.1.0\HikariCP-5.1.0.jar;C:\Users\fssilva\.m2\repository\org\springframework\spring-jdbc\6.2.1\spring-jdbc-6.2.1.jar;C:\Users\fssilva\.m2\repository\org\hibernate\orm\hibernate-core\6.6.4.Final\hibernate-core-6.6.4.Final.jar;C:\Users\fssilva\.m2\repository\jakarta\persistence\jakarta.persistence-api\3.1.0\jakarta.persistence-api-3.1.0.jar;C:\Users\fssilva\.m2\repository\jakarta\transaction\jakarta.transaction-api\2.0.1\jakarta.transaction-api-2.0.1.jar;C:\Users\fssilva\.m2\repository\org\jboss\logging\jboss-logging\3.6.1.Final\jboss-logging-3.6.1.Final.jar;C:\Users\fssilva\.m2\repository\org\hibernate\common\hibernate-commons-annotations\7.0.3.Final\hibernate-commons-annotations-7.0.3.Final.jar;C:\Users\fssilva\.m2\repository\io\smallrye\jandex\3.2.0\jandex-3.2.0.jar;C:\Users\fssilva\.m2\repository\com\fasterxml\classmate\1.7.0\classmate-1.7.0.jar;C:\Users\fssilva\.m2\repository\net\bytebuddy\byte-buddy\1.15.11\byte-buddy-1.15.11.jar;C:\Users\fssilva\.m2\repository\org\glassfish\jaxb\jaxb-runtime\4.0.5\jaxb-runtime-4.0.5.jar;C:\Users\fssilva\.m2\repository\org\glassfish\jaxb\jaxb-core\4.0.5\jaxb-core-4.0.5.jar;C:\Users\fssilva\.m2\repository\org\eclipse\angus\angus-activation\2.0.2\angus-activation-2.0.2.jar;C:\Users\fssilva\.m2\repository\org\glassfish\jaxb\txw2\4.0.5\txw2-4.0.5.jar;C:\Users\fssilva\.m2\repository\com\sun\istack\istack-commons-runtime\4.1.2\istack-commons-runtime-4.1.2.jar;C:\Users\fssilva\.m2\repository\jakarta\inject\jakarta.inject-api\2.0.1\jakarta.inject-api-2.0.1.jar;C:\Users\fssilva\.m2\repository\org\antlr\antlr4-runtime\4.13.0\antlr4-runtime-4.13.0.jar;C:\Users\fssilva\.m2\repository\org\springframework\data\spring-data-jpa\3.4.1\spring-data-jpa-3.4.1.jar;C:\Users\fssilva\.m2\repository\org\springframework\data\spring-data-commons\3.4.1\spring-data-commons-3.4.1.jar;C:\Users\fssilva\.m2\repository\org\springframework\spring-orm\6.2.1\spring-orm-6.2.1.jar;C:\Users\fssilva\.m2\repository\org\springframework\spring-context\6.2.1\spring-context-6.2.1.jar;C:\Users\fssilva\.m2\repository\org\springframework\spring-tx\6.2.1\spring-tx-6.2.1.jar;C:\Users\fssilva\.m2\repository\org\springframework\spring-beans\6.2.1\spring-beans-6.2.1.jar;C:\Users\fssilva\.m2\repository\org\springframework\spring-aspects\6.2.1\spring-aspects-6.2.1.jar;C:\Users\fssilva\.m2\repository\org\springframework\boot\spring-boot-starter-hateoas\3.4.1\spring-boot-starter-hateoas-3.4.1.jar;C:\Users\fssilva\.m2\repository\org\springframework\hateoas\spring-hateoas\2.4.1\spring-hateoas-2.4.1.jar;C:\Users\fssilva\.m2\repository\org\springframework\plugin\spring-plugin-core\3.0.0\spring-plugin-core-3.0.0.jar;C:\Users\fssilva\.m2\repository\org\springframework\boot\spring-boot-starter-web\3.4.1\spring-boot-starter-web-3.4.1.jar;C:\Users\fssilva\.m2\repository\org\springframework\boot\spring-boot-starter-json\3.4.1\spring-boot-starter-json-3.4.1.jar;C:\Users\fssilva\.m2\repository\com\fasterxml\jackson\datatype\jackson-datatype-jdk8\2.18.2\jackson-datatype-jdk8-2.18.2.jar;C:\Users\fssilva\.m2\repository\com\fasterxml\jackson\module\jackson-module-parameter-names\2.18.2\jackson-module-parameter-names-2.18.2.jar;C:\Users\fssilva\.m2\repository\org\springframework\boot\spring-boot-starter-tomcat\3.4.1\spring-boot-starter-tomcat-3.4.1.jar;C:\Users\fssilva\.m2\repository\org\apache\tomcat\embed\tomcat-embed-core\10.1.34\tomcat-embed-core-10.1.34.jar;C:\Users\fssilva\.m2\repository\org\apache\tomcat\embed\tomcat-embed-el\10.1.34\tomcat-embed-el-10.1.34.jar;C:\Users\fssilva\.m2\repository\org\apache\tomcat\embed\tomcat-embed-websocket\10.1.34\tomcat-embed-websocket-10.1.34.jar;C:\Users\fssilva\.m2\repository\org\springframework\spring-web\6.2.1\spring-web-6.2.1.jar;C:\Users\fssilva\.m2\repository\io\micrometer\micrometer-observation\1.14.2\micrometer-observation-1.14.2.jar;C:\Users\fssilva\.m2\repository\io\micrometer\micrometer-commons\1.14.2\micrometer-commons-1.14.2.jar;C:\Users\fssilva\.m2\repository\org\springframework\spring-webmvc\6.2.1\spring-webmvc-6.2.1.jar;C:\Users\fssilva\.m2\repository\org\springframework\spring-expression\6.2.1\spring-expression-6.2.1.jar;C:\Users\fssilva\.m2\repository\org\springframework\boot\spring-boot-starter-security\3.4.1\spring-boot-starter-security-3.4.1.jar;C:\Users\fssilva\.m2\repository\org\springframework\spring-aop\6.2.1\spring-aop-6.2.1.jar;C:\Users\fssilva\.m2\repository\org\springframework\security\spring-security-config\6.4.2\spring-security-config-6.4.2.jar;C:\Users\fssilva\.m2\repository\org\springframework\security\spring-security-web\6.4.2\spring-security-web-6.4.2.jar;C:\Users\fssilva\.m2\repository\org\springframework\boot\spring-boot-starter-oauth2-client\3.4.1\spring-boot-starter-oauth2-client-3.4.1.jar;C:\Users\fssilva\.m2\repository\org\springframework\security\spring-security-core\6.4.2\spring-security-core-6.4.2.jar;C:\Users\fssilva\.m2\repository\org\springframework\security\spring-security-crypto\6.4.2\spring-security-crypto-6.4.2.jar;C:\Users\fssilva\.m2\repository\org\springframework\security\spring-security-oauth2-client\6.4.2\spring-security-oauth2-client-6.4.2.jar;C:\Users\fssilva\.m2\repository\org\springframework\security\spring-security-oauth2-core\6.4.2\spring-security-oauth2-core-6.4.2.jar;C:\Users\fssilva\.m2\repository\com\nimbusds\oauth2-oidc-sdk\9.43.4\oauth2-oidc-sdk-9.43.4.jar;C:\Users\fssilva\.m2\repository\com\github\stephenc\jcip\jcip-annotations\1.0-1\jcip-annotations-1.0-1.jar;C:\Users\fssilva\.m2\repository\com\nimbusds\content-type\2.2\content-type-2.2.jar;C:\Users\fssilva\.m2\repository\com\nimbusds\lang-tag\1.7\lang-tag-1.7.jar;C:\Users\fssilva\.m2\repository\org\springframework\security\spring-security-oauth2-jose\6.4.2\spring-security-oauth2-jose-6.4.2.jar;C:\Users\fssilva\.m2\repository\com\nimbusds\nimbus-jose-jwt\9.37.3\nimbus-jose-jwt-9.37.3.jar;C:\Users\fssilva\.m2\repository\org\springdoc\springdoc-openapi-starter-webmvc-ui\2.8.6\springdoc-openapi-starter-webmvc-ui-2.8.6.jar;C:\Users\fssilva\.m2\repository\org\springdoc\springdoc-openapi-starter-webmvc-api\2.8.6\springdoc-openapi-starter-webmvc-api-2.8.6.jar;C:\Users\fssilva\.m2\repository\org\springdoc\springdoc-openapi-starter-common\2.8.6\springdoc-openapi-starter-common-2.8.6.jar;C:\Users\fssilva\.m2\repository\io\swagger\core\v3\swagger-core-jakarta\2.2.29\swagger-core-jakarta-2.2.29.jar;C:\Users\fssilva\.m2\repository\org\apache\commons\commons-lang3\3.17.0\commons-lang3-3.17.0.jar;C:\Users\fssilva\.m2\repository\io\swagger\core\v3\swagger-annotations-jakarta\2.2.29\swagger-annotations-jakarta-2.2.29.jar;C:\Users\fssilva\.m2\repository\io\swagger\core\v3\swagger-models-jakarta\2.2.29\swagger-models-jakarta-2.2.29.jar;C:\Users\fssilva\.m2\repository\jakarta\validation\jakarta.validation-api\3.0.2\jakarta.validation-api-3.0.2.jar;C:\Users\fssilva\.m2\repository\com\fasterxml\jackson\dataformat\jackson-dataformat-yaml\2.18.2\jackson-dataformat-yaml-2.18.2.jar;C:\Users\fssilva\.m2\repository\org\webjars\swagger-ui\5.20.1\swagger-ui-5.20.1.jar;C:\Users\fssilva\.m2\repository\org\webjars\webjars-locator-lite\1.0.1\webjars-locator-lite-1.0.1.jar;C:\Users\fssilva\.m2\repository\org\jspecify\jspecify\1.0.0\jspecify-1.0.0.jar;C:\Users\fssilva\.m2\repository\org\projectlombok\lombok\1.18.36\lombok-1.18.36.jar;C:\Users\fssilva\.m2\repository\org\postgresql\postgresql\42.7.4\postgresql-42.7.4.jar;C:\Users\fssilva\.m2\repository\org\checkerframework\checker-qual\3.42.0\checker-qual-3.42.0.jar;C:\Users\fssilva\.m2\repository\org\flywaydb\flyway-core\10.20.1\flyway-core-10.20.1.jar;C:\Users\fssilva\.m2\repository\com\fasterxml\jackson\dataformat\jackson-dataformat-toml\2.18.2\jackson-dataformat-toml-2.18.2.jar;C:\Users\fssilva\.m2\repository\org\flywaydb\flyway-database-postgresql\10.20.1\flyway-database-postgresql-10.20.1.jar;C:\Users\fssilva\.m2\repository\com\auth0\java-jwt\4.4.0\java-jwt-4.4.0.jar;C:\Users\fssilva\.m2\repository\com\fasterxml\jackson\core\jackson-databind\2.18.2\jackson-databind-2.18.2.jar;C:\Users\fssilva\.m2\repository\com\fasterxml\jackson\core\jackson-annotations\2.18.2\jackson-annotations-2.18.2.jar;C:\Users\fssilva\.m2\repository\com\fasterxml\jackson\core\jackson-core\2.18.2\jackson-core-2.18.2.jar;C:\Users\fssilva\.m2\repository\com\fasterxml\jackson\datatype\jackson-datatype-jsr310\2.18.2\jackson-datatype-jsr310-2.18.2.jar;C:\Users\fssilva\.m2\repository\org\springframework\boot\spring-boot-devtools\3.4.1\spring-boot-devtools-3.4.1.jar;C:\Users\fssilva\.m2\repository\org\springframework\boot\spring-boot\3.4.1\spring-boot-3.4.1.jar;C:\Users\fssilva\.m2\repository\org\springframework\boot\spring-boot-autoconfigure\3.4.1\spring-boot-autoconfigure-3.4.1.jar;C:\Users\fssilva\.m2\repository\org\modelmapper\modelmapper\3.2.2\modelmapper-3.2.2.jar;C:\Users\fssilva\.m2\repository\net\logstash\logback\logstash-logback-encoder\7.4\logstash-logback-encoder-7.4.jar;C:\Users\fssilva\.m2\repository\org\apache\logging\log4j\log4j-slf4j-impl\2.24.3\log4j-slf4j-impl-2.24.3.jar;C:\Users\fssilva\.m2\repository\org\apache\logging\log4j\log4j-api\2.24.3\log4j-api-2.24.3.jar;C:\Users\fssilva\.m2\repository\org\slf4j\slf4j-api\2.0.16\slf4j-api-2.0.16.jar;C:\Users\fssilva\.m2\repository\org\apache\logging\log4j\log4j-core\2.24.3\log4j-core-2.24.3.jar;C:\Users\fssilva\.m2\repository\org\aspectj\aspectjweaver\1.9.22.1\aspectjweaver-1.9.22.1.jar;C:\Users\fssilva\.m2\repository\com\google\firebase\firebase-admin\9.4.1\firebase-admin-9.4.1.jar;C:\Users\fssilva\.m2\repository\com\google\api-client\google-api-client\2.7.0\google-api-client-2.7.0.jar;C:\Users\fssilva\.m2\repository\commons-codec\commons-codec\1.17.1\commons-codec-1.17.1.jar;C:\Users\fssilva\.m2\repository\com\google\oauth-client\google-oauth-client\1.36.0\google-oauth-client-1.36.0.jar;C:\Users\fssilva\.m2\repository\com\google\auth\google-auth-library-credentials\1.23.0\google-auth-library-credentials-1.23.0.jar;C:\Users\fssilva\.m2\repository\com\google\http-client\google-http-client-gson\1.45.0\google-http-client-gson-1.45.0.jar;C:\Users\fssilva\.m2\repository\com\google\http-client\google-http-client-apache-v2\1.45.0\google-http-client-apache-v2-1.45.0.jar;C:\Users\fssilva\.m2\repository\org\apache\httpcomponents\httpcore\4.4.16\httpcore-4.4.16.jar;C:\Users\fssilva\.m2\repository\org\apache\httpcomponents\httpclient\4.5.14\httpclient-4.5.14.jar;C:\Users\fssilva\.m2\repository\com\google\api-client\google-api-client-gson\2.7.0\google-api-client-gson-2.7.0.jar;C:\Users\fssilva\.m2\repository\com\google\http-client\google-http-client\1.45.0\google-http-client-1.45.0.jar;C:\Users\fssilva\.m2\repository\com\google\code\findbugs\jsr305\3.0.2\jsr305-3.0.2.jar;C:\Users\fssilva\.m2\repository\com\google\errorprone\error_prone_annotations\2.30.0\error_prone_annotations-2.30.0.jar;C:\Users\fssilva\.m2\repository\com\google\j2objc\j2objc-annotations\3.0.0\j2objc-annotations-3.0.0.jar;C:\Users\fssilva\.m2\repository\io\grpc\grpc-context\1.66.0\grpc-context-1.66.0.jar;C:\Users\fssilva\.m2\repository\io\opencensus\opencensus-api\0.31.1\opencensus-api-0.31.1.jar;C:\Users\fssilva\.m2\repository\io\opencensus\opencensus-contrib-http-util\0.31.1\opencensus-contrib-http-util-0.31.1.jar;C:\Users\fssilva\.m2\repository\com\google\api\api-common\2.37.1\api-common-2.37.1.jar;C:\Users\fssilva\.m2\repository\com\google\auto\value\auto-value-annotations\1.11.0\auto-value-annotations-1.11.0.jar;C:\Users\fssilva\.m2\repository\javax\annotation\javax.annotation-api\1.3.2\javax.annotation-api-1.3.2.jar;C:\Users\fssilva\.m2\repository\com\google\auth\google-auth-library-oauth2-http\1.27.0\google-auth-library-oauth2-http-1.27.0.jar;C:\Users\fssilva\.m2\repository\com\google\cloud\google-cloud-storage\2.43.1\google-cloud-storage-2.43.1.jar;C:\Users\fssilva\.m2\repository\com\google\guava\failureaccess\1.0.2\failureaccess-1.0.2.jar;C:\Users\fssilva\.m2\repository\com\google\guava\listenablefuture\9999.0-empty-to-avoid-conflict-with-guava\listenablefuture-9999.0-empty-to-avoid-conflict-with-guava.jar;C:\Users\fssilva\.m2\repository\com\google\http-client\google-http-client-jackson2\1.45.0\google-http-client-jackson2-1.45.0.jar;C:\Users\fssilva\.m2\repository\com\google\apis\google-api-services-storage\v1-rev20240819-2.0.0\google-api-services-storage-v1-rev20240819-2.0.0.jar;C:\Users\fssilva\.m2\repository\com\google\code\gson\gson\2.11.0\gson-2.11.0.jar;C:\Users\fssilva\.m2\repository\com\google\cloud\google-cloud-core\2.44.1\google-cloud-core-2.44.1.jar;C:\Users\fssilva\.m2\repository\com\google\cloud\google-cloud-core-http\2.44.1\google-cloud-core-http-2.44.1.jar;C:\Users\fssilva\.m2\repository\com\google\http-client\google-http-client-appengine\1.45.0\google-http-client-appengine-1.45.0.jar;C:\Users\fssilva\.m2\repository\com\google\api\gax-httpjson\2.54.1\gax-httpjson-2.54.1.jar;C:\Users\fssilva\.m2\repository\com\google\cloud\google-cloud-core-grpc\2.44.1\google-cloud-core-grpc-2.44.1.jar;C:\Users\fssilva\.m2\repository\com\google\api\gax\2.54.1\gax-2.54.1.jar;C:\Users\fssilva\.m2\repository\com\google\api\gax-grpc\2.54.1\gax-grpc-2.54.1.jar;C:\Users\fssilva\.m2\repository\io\grpc\grpc-inprocess\1.68.0\grpc-inprocess-1.68.0.jar;C:\Users\fssilva\.m2\repository\io\grpc\grpc-alts\1.68.0\grpc-alts-1.68.0.jar;C:\Users\fssilva\.m2\repository\io\grpc\grpc-grpclb\1.68.0\grpc-grpclb-1.68.0.jar;C:\Users\fssilva\.m2\repository\org\conscrypt\conscrypt-openjdk-uber\2.5.2\conscrypt-openjdk-uber-2.5.2.jar;C:\Users\fssilva\.m2\repository\io\grpc\grpc-auth\1.68.0\grpc-auth-1.68.0.jar;C:\Users\fssilva\.m2\repository\com\google\api\grpc\proto-google-iam-v1\1.40.1\proto-google-iam-v1-1.40.1.jar;C:\Users\fssilva\.m2\repository\com\google\protobuf\protobuf-java\3.25.5\protobuf-java-3.25.5.jar;C:\Users\fssilva\.m2\repository\com\google\protobuf\protobuf-java-util\3.25.5\protobuf-java-util-3.25.5.jar;C:\Users\fssilva\.m2\repository\io\grpc\grpc-core\1.68.0\grpc-core-1.68.0.jar;C:\Users\fssilva\.m2\repository\com\google\android\annotations\4.1.1.4\annotations-4.1.1.4.jar;C:\Users\fssilva\.m2\repository\org\codehaus\mojo\animal-sniffer-annotations\1.24\animal-sniffer-annotations-1.24.jar;C:\Users\fssilva\.m2\repository\io\perfmark\perfmark-api\0.27.0\perfmark-api-0.27.0.jar;C:\Users\fssilva\.m2\repository\io\grpc\grpc-protobuf\1.68.0\grpc-protobuf-1.68.0.jar;C:\Users\fssilva\.m2\repository\io\grpc\grpc-protobuf-lite\1.68.0\grpc-protobuf-lite-1.68.0.jar;C:\Users\fssilva\.m2\repository\com\google\api\grpc\proto-google-common-protos\2.45.1\proto-google-common-protos-2.45.1.jar;C:\Users\fssilva\.m2\repository\org\threeten\threetenbp\1.7.0\threetenbp-1.7.0.jar;C:\Users\fssilva\.m2\repository\com\google\api\grpc\proto-google-cloud-storage-v2\2.43.1-beta\proto-google-cloud-storage-v2-2.43.1-beta.jar;C:\Users\fssilva\.m2\repository\com\google\api\grpc\grpc-google-cloud-storage-v2\2.43.1-beta\grpc-google-cloud-storage-v2-2.43.1-beta.jar;C:\Users\fssilva\.m2\repository\com\google\api\grpc\gapic-google-cloud-storage-v2\2.43.1-beta\gapic-google-cloud-storage-v2-2.43.1-beta.jar;C:\Users\fssilva\.m2\repository\io\opentelemetry\opentelemetry-sdk\1.43.0\opentelemetry-sdk-1.43.0.jar;C:\Users\fssilva\.m2\repository\io\opentelemetry\opentelemetry-sdk-trace\1.43.0\opentelemetry-sdk-trace-1.43.0.jar;C:\Users\fssilva\.m2\repository\io\opentelemetry\opentelemetry-sdk-logs\1.43.0\opentelemetry-sdk-logs-1.43.0.jar;C:\Users\fssilva\.m2\repository\io\grpc\grpc-opentelemetry\1.68.0\grpc-opentelemetry-1.68.0.jar;C:\Users\fssilva\.m2\repository\io\opentelemetry\opentelemetry-api\1.43.0\opentelemetry-api-1.43.0.jar;C:\Users\fssilva\.m2\repository\io\opentelemetry\opentelemetry-context\1.43.0\opentelemetry-context-1.43.0.jar;C:\Users\fssilva\.m2\repository\io\opentelemetry\opentelemetry-sdk-metrics\1.43.0\opentelemetry-sdk-metrics-1.43.0.jar;C:\Users\fssilva\.m2\repository\io\opentelemetry\opentelemetry-api-incubator\1.42.1-alpha\opentelemetry-api-incubator-1.42.1-alpha.jar;C:\Users\fssilva\.m2\repository\io\opentelemetry\opentelemetry-sdk-common\1.43.0\opentelemetry-sdk-common-1.43.0.jar;C:\Users\fssilva\.m2\repository\io\opentelemetry\opentelemetry-sdk-extension-autoconfigure-spi\1.43.0\opentelemetry-sdk-extension-autoconfigure-spi-1.43.0.jar;C:\Users\fssilva\.m2\repository\io\opentelemetry\semconv\opentelemetry-semconv\1.25.0-alpha\opentelemetry-semconv-1.25.0-alpha.jar;C:\Users\fssilva\.m2\repository\com\google\cloud\opentelemetry\exporter-metrics\0.31.0\exporter-metrics-0.31.0.jar;C:\Users\fssilva\.m2\repository\com\google\cloud\google-cloud-monitoring\3.31.0\google-cloud-monitoring-3.31.0.jar;C:\Users\fssilva\.m2\repository\com\google\api\grpc\proto-google-cloud-monitoring-v3\3.31.0\proto-google-cloud-monitoring-v3-3.31.0.jar;C:\Users\fssilva\.m2\repository\io\opencensus\opencensus-proto\0.2.0\opencensus-proto-0.2.0.jar;C:\Users\fssilva\.m2\repository\commons-logging\commons-logging\1.2\commons-logging-1.2.jar;C:\Users\fssilva\.m2\repository\com\google\cloud\opentelemetry\shared-resourcemapping\0.32.0\shared-resourcemapping-0.32.0.jar;C:\Users\fssilva\.m2\repository\io\opentelemetry\contrib\opentelemetry-gcp-resources\1.37.0-alpha\opentelemetry-gcp-resources-1.37.0-alpha.jar;C:\Users\fssilva\.m2\repository\com\google\cloud\opentelemetry\detector-resources-support\0.32.0\detector-resources-support-0.32.0.jar;C:\Users\fssilva\.m2\repository\io\grpc\grpc-api\1.68.0\grpc-api-1.68.0.jar;C:\Users\fssilva\.m2\repository\io\grpc\grpc-netty-shaded\1.68.0\grpc-netty-shaded-1.68.0.jar;C:\Users\fssilva\.m2\repository\io\grpc\grpc-util\1.68.0\grpc-util-1.68.0.jar;C:\Users\fssilva\.m2\repository\io\grpc\grpc-stub\1.68.0\grpc-stub-1.68.0.jar;C:\Users\fssilva\.m2\repository\io\grpc\grpc-googleapis\1.68.0\grpc-googleapis-1.68.0.jar;C:\Users\fssilva\.m2\repository\io\grpc\grpc-xds\1.68.0\grpc-xds-1.68.0.jar;C:\Users\fssilva\.m2\repository\io\grpc\grpc-services\1.68.0\grpc-services-1.68.0.jar;C:\Users\fssilva\.m2\repository\com\google\re2j\re2j\1.7\re2j-1.7.jar;C:\Users\fssilva\.m2\repository\io\grpc\grpc-rls\1.68.0\grpc-rls-1.68.0.jar;C:\Users\fssilva\.m2\repository\com\google\cloud\google-cloud-firestore\3.26.5\google-cloud-firestore-3.26.5.jar;C:\Users\fssilva\.m2\repository\com\google\api\grpc\proto-google-cloud-firestore-v1\3.26.5\proto-google-cloud-firestore-v1-3.26.5.jar;C:\Users\fssilva\.m2\repository\com\google\cloud\proto-google-cloud-firestore-bundle-v1\3.26.5\proto-google-cloud-firestore-bundle-v1-3.26.5.jar;C:\Users\fssilva\.m2\repository\io\opentelemetry\instrumentation\opentelemetry-grpc-1.6\2.1.0-alpha\opentelemetry-grpc-1.6-2.1.0-alpha.jar;C:\Users\fssilva\.m2\repository\io\opentelemetry\instrumentation\opentelemetry-instrumentation-api\2.1.0\opentelemetry-instrumentation-api-2.1.0.jar;C:\Users\fssilva\.m2\repository\io\opentelemetry\opentelemetry-extension-incubator\1.35.0-alpha\opentelemetry-extension-incubator-1.35.0-alpha.jar;C:\Users\fssilva\.m2\repository\io\opentelemetry\instrumentation\opentelemetry-instrumentation-api-incubator\2.1.0-alpha\opentelemetry-instrumentation-api-incubator-2.1.0-alpha.jar;C:\Users\fssilva\.m2\repository\com\google\guava\guava\33.3.1-jre\guava-33.3.1-jre.jar;C:\Users\fssilva\.m2\repository\io\netty\netty-codec-http\4.1.116.Final\netty-codec-http-4.1.116.Final.jar;C:\Users\fssilva\.m2\repository\io\netty\netty-common\4.1.116.Final\netty-common-4.1.116.Final.jar;C:\Users\fssilva\.m2\repository\io\netty\netty-buffer\4.1.116.Final\netty-buffer-4.1.116.Final.jar;C:\Users\fssilva\.m2\repository\io\netty\netty-codec\4.1.116.Final\netty-codec-4.1.116.Final.jar;C:\Users\fssilva\.m2\repository\io\netty\netty-handler\4.1.116.Final\netty-handler-4.1.116.Final.jar;C:\Users\fssilva\.m2\repository\io\netty\netty-resolver\4.1.116.Final\netty-resolver-4.1.116.Final.jar;C:\Users\fssilva\.m2\repository\io\netty\netty-transport-native-unix-common\4.1.116.Final\netty-transport-native-unix-common-4.1.116.Final.jar;C:\Users\fssilva\.m2\repository\io\netty\netty-transport\4.1.116.Final\netty-transport-4.1.116.Final.jar;C:\Users\fssilva\.m2\repository\org\apache\httpcomponents\client5\httpclient5\5.4.1\httpclient5-5.4.1.jar;C:\Users\fssilva\.m2\repository\org\apache\httpcomponents\core5\httpcore5\5.3.1\httpcore5-5.3.1.jar;C:\Users\fssilva\.m2\repository\org\apache\httpcomponents\core5\httpcore5-h2\5.3.1\httpcore5-h2-5.3.1.jar;C:\Users\fssilva\.m2\repository\com\amazonaws\aws-java-sdk\1.12.787\aws-java-sdk-1.12.787.jar;C:\Users\fssilva\.m2\repository\com\amazonaws\aws-java-sdk-qapps\1.12.787\aws-java-sdk-qapps-1.12.787.jar;C:\Users\fssilva\.m2\repository\com\amazonaws\jmespath-java\1.12.787\jmespath-java-1.12.787.jar;C:\Users\fssilva\.m2\repository\com\amazonaws\aws-java-sdk-apptest\1.12.787\aws-java-sdk-apptest-1.12.787.jar;C:\Users\fssilva\.m2\repository\com\amazonaws\aws-java-sdk-pcaconnectorscep\1.12.787\aws-java-sdk-pcaconnectorscep-1.12.787.jar;C:\Users\fssilva\.m2\repository\com\amazonaws\aws-java-sdk-applicationsignals\1.12.787\aws-java-sdk-applicationsignals-1.12.787.jar;C:\Users\fssilva\.m2\repository\com\amazonaws\aws-java-sdk-taxsettings\1.12.787\aws-java-sdk-taxsettings-1.12.787.jar;C:\Users\fssilva\.m2\repository\com\amazonaws\aws-java-sdk-mailmanager\1.12.787\aws-java-sdk-mailmanager-1.12.787.jar;C:\Users\fssilva\.m2\repository\com\amazonaws\aws-java-sdk-route53profiles\1.12.787\aws-java-sdk-route53profiles-1.12.787.jar;C:\Users\fssilva\.m2\repository\com\amazonaws\aws-java-sdk-controlcatalog\1.12.787\aws-java-sdk-controlcatalog-1.12.787.jar;C:\Users\fssilva\.m2\repository\com\amazonaws\aws-java-sdk-deadline\1.12.787\aws-java-sdk-deadline-1.12.787.jar;C:\Users\fssilva\.m2\repository\com\amazonaws\aws-java-sdk-codeconnections\1.12.787\aws-java-sdk-codeconnections-1.12.787.jar;C:\Users\fssilva\.m2\repository\com\amazonaws\aws-java-sdk-timestreaminfluxdb\1.12.787\aws-java-sdk-timestreaminfluxdb-1.12.787.jar;C:\Users\fssilva\.m2\repository\com\amazonaws\aws-java-sdk-chatbot\1.12.787\aws-java-sdk-chatbot-1.12.787.jar;C:\Users\fssilva\.m2\repository\com\amazonaws\aws-java-sdk-artifact\1.12.787\aws-java-sdk-artifact-1.12.787.jar;C:\Users\fssilva\.m2\repository\com\amazonaws\aws-java-sdk-supplychain\1.12.787\aws-java-sdk-supplychain-1.12.787.jar;C:\Users\fssilva\.m2\repository\com\amazonaws\aws-java-sdk-networkmonitor\1.12.787\aws-java-sdk-networkmonitor-1.12.787.jar;C:\Users\fssilva\.m2\repository\com\amazonaws\aws-java-sdk-marketplaceagreement\1.12.787\aws-java-sdk-marketplaceagreement-1.12.787.jar;C:\Users\fssilva\.m2\repository\com\amazonaws\aws-java-sdk-marketplacedeployment\1.12.787\aws-java-sdk-marketplacedeployment-1.12.787.jar;C:\Users\fssilva\.m2\repository\com\amazonaws\aws-java-sdk-cleanroomsml\1.12.787\aws-java-sdk-cleanroomsml-1.12.787.jar;C:\Users\fssilva\.m2\repository\com\amazonaws\aws-java-sdk-bedrockagent\1.12.787\aws-java-sdk-bedrockagent-1.12.787.jar;C:\Users\fssilva\.m2\repository\com\amazonaws\aws-java-sdk-qconnect\1.12.787\aws-java-sdk-qconnect-1.12.787.jar;C:\Users\fssilva\.m2\repository\com\amazonaws\aws-java-sdk-qbusiness\1.12.787\aws-java-sdk-qbusiness-1.12.787.jar;C:\Users\fssilva\.m2\repository\com\amazonaws\aws-java-sdk-bedrockagentruntime\1.12.787\aws-java-sdk-bedrockagentruntime-1.12.787.jar;C:\Users\fssilva\.m2\repository\com\amazonaws\aws-java-sdk-b2bi\1.12.787\aws-java-sdk-b2bi-1.12.787.jar;C:\Users\fssilva\.m2\repository\com\amazonaws\aws-java-sdk-workspacesthinclient\1.12.787\aws-java-sdk-workspacesthinclient-1.12.787.jar;C:\Users\fssilva\.m2\repository\com\amazonaws\aws-java-sdk-eksauth\1.12.787\aws-java-sdk-eksauth-1.12.787.jar;C:\Users\fssilva\.m2\repository\com\amazonaws\aws-java-sdk-freetier\1.12.787\aws-java-sdk-freetier-1.12.787.jar;C:\Users\fssilva\.m2\repository\com\amazonaws\aws-java-sdk-bcmdataexports\1.12.787\aws-java-sdk-bcmdataexports-1.12.787.jar;C:\Users\fssilva\.m2\repository\com\amazonaws\aws-java-sdk-repostspace\1.12.787\aws-java-sdk-repostspace-1.12.787.jar;C:\Users\fssilva\.m2\repository\com\amazonaws\aws-java-sdk-costoptimizationhub\1.12.787\aws-java-sdk-costoptimizationhub-1.12.787.jar;C:\Users\fssilva\.m2\repository\com\amazonaws\aws-java-sdk-inspectorscan\1.12.787\aws-java-sdk-inspectorscan-1.12.787.jar;C:\Users\fssilva\.m2\repository\com\amazonaws\aws-java-sdk-trustedadvisor\1.12.787\aws-java-sdk-trustedadvisor-1.12.787.jar;C:\Users\fssilva\.m2\repository\com\amazonaws\aws-java-sdk-launchwizard\1.12.787\aws-java-sdk-launchwizard-1.12.787.jar;C:\Users\fssilva\.m2\repository\com\amazonaws\aws-java-sdk-datazoneexternal\1.12.787\aws-java-sdk-datazoneexternal-1.12.787.jar;C:\Users\fssilva\.m2\repository\com\amazonaws\aws-java-sdk-bedrock\1.12.787\aws-java-sdk-bedrock-1.12.787.jar;C:\Users\fssilva\.m2\repository\com\amazonaws\aws-java-sdk-bedrockruntime\1.12.787\aws-java-sdk-bedrockruntime-1.12.787.jar;C:\Users\fssilva\.m2\repository\com\amazonaws\aws-java-sdk-neptunedata\1.12.787\aws-java-sdk-neptunedata-1.12.787.jar;C:\Users\fssilva\.m2\repository\com\amazonaws\aws-java-sdk-pcaconnectorad\1.12.787\aws-java-sdk-pcaconnectorad-1.12.787.jar;C:\Users\fssilva\.m2\repository\com\amazonaws\aws-java-sdk-managedblockchainquery\1.12.787\aws-java-sdk-managedblockchainquery-1.12.787.jar;C:\Users\fssilva\.m2\repository\com\amazonaws\aws-java-sdk-entityresolution\1.12.787\aws-java-sdk-entityresolution-1.12.787.jar;C:\Users\fssilva\.m2\repository\com\amazonaws\aws-java-sdk-medicalimaging\1.12.787\aws-java-sdk-medicalimaging-1.12.787.jar;C:\Users\fssilva\.m2\repository\com\amazonaws\aws-java-sdk-appfabric\1.12.787\aws-java-sdk-appfabric-1.12.787.jar;C:\Users\fssilva\.m2\repository\com\amazonaws\aws-java-sdk-verifiedpermissions\1.12.787\aws-java-sdk-verifiedpermissions-1.12.787.jar;C:\Users\fssilva\.m2\repository\com\amazonaws\aws-java-sdk-codegurusecurity\1.12.787\aws-java-sdk-codegurusecurity-1.12.787.jar;C:\Users\fssilva\.m2\repository\com\amazonaws\aws-java-sdk-paymentcryptography\1.12.787\aws-java-sdk-paymentcryptography-1.12.787.jar;C:\Users\fssilva\.m2\repository\com\amazonaws\aws-java-sdk-paymentcryptographydata\1.12.787\aws-java-sdk-paymentcryptographydata-1.12.787.jar;C:\Users\fssilva\.m2\repository\com\amazonaws\aws-java-sdk-mediapackagev2\1.12.787\aws-java-sdk-mediapackagev2-1.12.787.jar;C:\Users\fssilva\.m2\repository\com\amazonaws\aws-java-sdk-osis\1.12.787\aws-java-sdk-osis-1.12.787.jar;C:\Users\fssilva\.m2\repository\com\amazonaws\aws-java-sdk-vpclattice\1.12.787\aws-java-sdk-vpclattice-1.12.787.jar;C:\Users\fssilva\.m2\repository\com\amazonaws\aws-java-sdk-ivsrealtime\1.12.787\aws-java-sdk-ivsrealtime-1.12.787.jar;C:\Users\fssilva\.m2\repository\com\amazonaws\aws-java-sdk-internetmonitor\1.12.787\aws-java-sdk-internetmonitor-1.12.787.jar;C:\Users\fssilva\.m2\repository\com\amazonaws\aws-java-sdk-tnb\1.12.787\aws-java-sdk-tnb-1.12.787.jar;C:\Users\fssilva\.m2\repository\com\amazonaws\aws-java-sdk-cloudtraildata\1.12.787\aws-java-sdk-cloudtraildata-1.12.787.jar;C:\Users\fssilva\.m2\repository\com\amazonaws\aws-java-sdk-cleanrooms\1.12.787\aws-java-sdk-cleanrooms-1.12.787.jar;C:\Users\fssilva\.m2\repository\com\amazonaws\aws-java-sdk-kendraranking\1.12.787\aws-java-sdk-kendraranking-1.12.787.jar;C:\Users\fssilva\.m2\repository\com\amazonaws\aws-java-sdk-licensemanagerlinuxsubscriptions\1.12.787\aws-java-sdk-licensemanagerlinuxsubscriptions-1.12.787.jar;C:\Users\fssilva\.m2\repository\com\amazonaws\aws-java-sdk-kinesisvideowebrtcstorage\1.12.787\aws-java-sdk-kinesisvideowebrtcstorage-1.12.787.jar;C:\Users\fssilva\.m2\repository\com\amazonaws\aws-java-sdk-sagemakermetrics\1.12.787\aws-java-sdk-sagemakermetrics-1.12.787.jar;C:\Users\fssilva\.m2\repository\com\amazonaws\aws-java-sdk-pipes\1.12.787\aws-java-sdk-pipes-1.12.787.jar;C:\Users\fssilva\.m2\repository\com\amazonaws\aws-java-sdk-sagemakergeospatial\1.12.787\aws-java-sdk-sagemakergeospatial-1.12.787.jar;C:\Users\fssilva\.m2\repository\com\amazonaws\aws-java-sdk-docdbelastic\1.12.787\aws-java-sdk-docdbelastic-1.12.787.jar;C:\Users\fssilva\.m2\repository\com\amazonaws\aws-java-sdk-omics\1.12.787\aws-java-sdk-omics-1.12.787.jar;C:\Users\fssilva\.m2\repository\com\amazonaws\aws-java-sdk-opensearchserverless\1.12.787\aws-java-sdk-opensearchserverless-1.12.787.jar;C:\Users\fssilva\.m2\repository\com\amazonaws\aws-java-sdk-securitylake\1.12.787\aws-java-sdk-securitylake-1.12.787.jar;C:\Users\fssilva\.m2\repository\com\amazonaws\aws-java-sdk-simspaceweaver\1.12.787\aws-java-sdk-simspaceweaver-1.12.787.jar;C:\Users\fssilva\.m2\repository\com\amazonaws\aws-java-sdk-arczonalshift\1.12.787\aws-java-sdk-arczonalshift-1.12.787.jar;C:\Users\fssilva\.m2\repository\com\amazonaws\aws-java-sdk-oam\1.12.787\aws-java-sdk-oam-1.12.787.jar;C:\Users\fssilva\.m2\repository\com\amazonaws\aws-java-sdk-chimesdkvoice\1.12.787\aws-java-sdk-chimesdkvoice-1.12.787.jar;C:\Users\fssilva\.m2\repository\com\amazonaws\aws-java-sdk-ssmsap\1.12.787\aws-java-sdk-ssmsap-1.12.787.jar;C:\Users\fssilva\.m2\repository\com\amazonaws\aws-java-sdk-scheduler\1.12.787\aws-java-sdk-scheduler-1.12.787.jar;C:\Users\fssilva\.m2\repository\com\amazonaws\aws-java-sdk-resourceexplorer2\1.12.787\aws-java-sdk-resourceexplorer2-1.12.787.jar;C:\Users\fssilva\.m2\repository\com\amazonaws\aws-java-sdk-connectcases\1.12.787\aws-java-sdk-connectcases-1.12.787.jar;C:\Users\fssilva\.m2\repository\com\amazonaws\aws-java-sdk-migrationhuborchestrator\1.12.787\aws-java-sdk-migrationhuborchestrator-1.12.787.jar;C:\Users\fssilva\.m2\repository\com\amazonaws\aws-java-sdk-iotfleetwise\1.12.787\aws-java-sdk-iotfleetwise-1.12.787.jar;C:\Users\fssilva\.m2\repository\com\amazonaws\aws-java-sdk-controltower\1.12.787\aws-java-sdk-controltower-1.12.787.jar;C:\Users\fssilva\.m2\repository\com\amazonaws\aws-java-sdk-supportapp\1.12.787\aws-java-sdk-supportapp-1.12.787.jar;C:\Users\fssilva\.m2\repository\com\amazonaws\aws-java-sdk-private5g\1.12.787\aws-java-sdk-private5g-1.12.787.jar;C:\Users\fssilva\.m2\repository\com\amazonaws\aws-java-sdk-licensemanagerusersubscriptions\1.12.787\aws-java-sdk-licensemanagerusersubscriptions-1.12.787.jar;C:\Users\fssilva\.m2\repository\com\amazonaws\aws-java-sdk-iamrolesanywhere\1.12.787\aws-java-sdk-iamrolesanywhere-1.12.787.jar;C:\Users\fssilva\.m2\repository\com\amazonaws\aws-java-sdk-redshiftserverless\1.12.787\aws-java-sdk-redshiftserverless-1.12.787.jar;C:\Users\fssilva\.m2\repository\com\amazonaws\aws-java-sdk-connectcampaign\1.12.787\aws-java-sdk-connectcampaign-1.12.787.jar;C:\Users\fssilva\.m2\repository\com\amazonaws\aws-java-sdk-mainframemodernization\1.12.787\aws-java-sdk-mainframemodernization-1.12.787.jar;C:\Users\fssilva\.m2\repository\com\amazonaws\aws-java-sdk-emrserverless\1.12.787\aws-java-sdk-emrserverless-1.12.787.jar;C:\Users\fssilva\.m2\repository\com\amazonaws\aws-java-sdk-chimesdkmediapipelines\1.12.787\aws-java-sdk-chimesdkmediapipelines-1.12.787.jar;C:\Users\fssilva\.m2\repository\com\amazonaws\aws-java-sdk-ivschat\1.12.787\aws-java-sdk-ivschat-1.12.787.jar;C:\Users\fssilva\.m2\repository\com\amazonaws\aws-java-sdk-pinpointsmsvoicev2\1.12.787\aws-java-sdk-pinpointsmsvoicev2-1.12.787.jar;C:\Users\fssilva\.m2\repository\com\amazonaws\aws-java-sdk-billingconductor\1.12.787\aws-java-sdk-billingconductor-1.12.787.jar;C:\Users\fssilva\.m2\repository\com\amazonaws\aws-java-sdk-keyspaces\1.12.787\aws-java-sdk-keyspaces-1.12.787.jar;C:\Users\fssilva\.m2\repository\com\amazonaws\aws-java-sdk-amplifyuibuilder\1.12.787\aws-java-sdk-amplifyuibuilder-1.12.787.jar;C:\Users\fssilva\.m2\repository\com\amazonaws\aws-java-sdk-backupgateway\1.12.787\aws-java-sdk-backupgateway-1.12.787.jar;C:\Users\fssilva\.m2\repository\com\amazonaws\aws-java-sdk-workspacesweb\1.12.787\aws-java-sdk-workspacesweb-1.12.787.jar;C:\Users\fssilva\.m2\repository\com\amazonaws\aws-java-sdk-iottwinmaker\1.12.787\aws-java-sdk-iottwinmaker-1.12.787.jar;C:\Users\fssilva\.m2\repository\com\amazonaws\aws-java-sdk-recyclebin\1.12.787\aws-java-sdk-recyclebin-1.12.787.jar;C:\Users\fssilva\.m2\repository\com\amazonaws\aws-java-sdk-cloudwatchrum\1.12.787\aws-java-sdk-cloudwatchrum-1.12.787.jar;C:\Users\fssilva\.m2\repository\com\amazonaws\aws-java-sdk-cloudwatchevidently\1.12.787\aws-java-sdk-cloudwatchevidently-1.12.787.jar;C:\Users\fssilva\.m2\repository\com\amazonaws\aws-java-sdk-inspector2\1.12.787\aws-java-sdk-inspector2-1.12.787.jar;C:\Users\fssilva\.m2\repository\com\amazonaws\aws-java-sdk-migrationhubrefactorspaces\1.12.787\aws-java-sdk-migrationhubrefactorspaces-1.12.787.jar;C:\Users\fssilva\.m2\repository\com\amazonaws\aws-java-sdk-appconfigdata\1.12.787\aws-java-sdk-appconfigdata-1.12.787.jar;C:\Users\fssilva\.m2\repository\com\amazonaws\aws-java-sdk-drs\1.12.787\aws-java-sdk-drs-1.12.787.jar;C:\Users\fssilva\.m2\repository\com\amazonaws\aws-java-sdk-migrationhubstrategyrecommendations\1.12.787\aws-java-sdk-migrationhubstrategyrecommendations-1.12.787.jar;C:\Users\fssilva\.m2\repository\com\amazonaws\aws-java-sdk-resiliencehub\1.12.787\aws-java-sdk-resiliencehub-1.12.787.jar;C:\Users\fssilva\.m2\repository\com\amazonaws\aws-java-sdk-chimesdkmeetings\1.12.787\aws-java-sdk-chimesdkmeetings-1.12.787.jar;C:\Users\fssilva\.m2\repository\com\amazonaws\aws-java-sdk-panorama\1.12.787\aws-java-sdk-panorama-1.12.787.jar;C:\Users\fssilva\.m2\repository\com\amazonaws\aws-java-sdk-managedgrafana\1.12.787\aws-java-sdk-managedgrafana-1.12.787.jar;C:\Users\fssilva\.m2\repository\com\amazonaws\aws-java-sdk-cloudcontrolapi\1.12.787\aws-java-sdk-cloudcontrolapi-1.12.787.jar;C:\Users\fssilva\.m2\repository\com\amazonaws\aws-java-sdk-account\1.12.787\aws-java-sdk-account-1.12.787.jar;C:\Users\fssilva\.m2\repository\com\amazonaws\aws-java-sdk-voiceid\1.12.787\aws-java-sdk-voiceid-1.12.787.jar;C:\Users\fssilva\.m2\repository\com\amazonaws\aws-java-sdk-connectwisdom\1.12.787\aws-java-sdk-connectwisdom-1.12.787.jar;C:\Users\fssilva\.m2\repository\com\amazonaws\aws-java-sdk-kafkaconnect\1.12.787\aws-java-sdk-kafkaconnect-1.12.787.jar;C:\Users\fssilva\.m2\repository\com\amazonaws\aws-java-sdk-opensearch\1.12.787\aws-java-sdk-opensearch-1.12.787.jar;C:\Users\fssilva\.m2\repository\com\amazonaws\aws-java-sdk-memorydb\1.12.787\aws-java-sdk-memorydb-1.12.787.jar;C:\Users\fssilva\.m2\repository\com\amazonaws\aws-java-sdk-snowdevicemanagement\1.12.787\aws-java-sdk-snowdevicemanagement-1.12.787.jar;C:\Users\fssilva\.m2\repository\com\amazonaws\aws-java-sdk-chimesdkidentity\1.12.787\aws-java-sdk-chimesdkidentity-1.12.787.jar;C:\Users\fssilva\.m2\repository\com\amazonaws\aws-java-sdk-chimesdkmessaging\1.12.787\aws-java-sdk-chimesdkmessaging-1.12.787.jar;C:\Users\fssilva\.m2\repository\com\amazonaws\aws-java-sdk-route53recoverycluster\1.12.787\aws-java-sdk-route53recoverycluster-1.12.787.jar;C:\Users\fssilva\.m2\repository\com\amazonaws\aws-java-sdk-route53recoverycontrolconfig\1.12.787\aws-java-sdk-route53recoverycontrolconfig-1.12.787.jar;C:\Users\fssilva\.m2\repository\com\amazonaws\aws-java-sdk-route53recoveryreadiness\1.12.787\aws-java-sdk-route53recoveryreadiness-1.12.787.jar;C:\Users\fssilva\.m2\repository\com\amazonaws\aws-java-sdk-proton\1.12.787\aws-java-sdk-proton-1.12.787.jar;C:\Users\fssilva\.m2\repository\com\amazonaws\aws-java-sdk-apprunner\1.12.787\aws-java-sdk-apprunner-1.12.787.jar;C:\Users\fssilva\.m2\repository\com\amazonaws\aws-java-sdk-applicationcostprofiler\1.12.787\aws-java-sdk-applicationcostprofiler-1.12.787.jar;C:\Users\fssilva\.m2\repository\com\amazonaws\aws-java-sdk-ssmcontacts\1.12.787\aws-java-sdk-ssmcontacts-1.12.787.jar;C:\Users\fssilva\.m2\repository\com\amazonaws\aws-java-sdk-ssmincidents\1.12.787\aws-java-sdk-ssmincidents-1.12.787.jar;C:\Users\fssilva\.m2\repository\com\amazonaws\aws-java-sdk-finspacedata\1.12.787\aws-java-sdk-finspacedata-1.12.787.jar;C:\Users\fssilva\.m2\repository\com\amazonaws\aws-java-sdk-finspace\1.12.787\aws-java-sdk-finspace-1.12.787.jar;C:\Users\fssilva\.m2\repository\com\amazonaws\aws-java-sdk-nimblestudio\1.12.787\aws-java-sdk-nimblestudio-1.12.787.jar;C:\Users\fssilva\.m2\repository\com\amazonaws\aws-java-sdk-lookoutequipment\1.12.787\aws-java-sdk-lookoutequipment-1.12.787.jar;C:\Users\fssilva\.m2\repository\com\amazonaws\aws-java-sdk-mgn\1.12.787\aws-java-sdk-mgn-1.12.787.jar;C:\Users\fssilva\.m2\repository\com\amazonaws\aws-java-sdk-lookoutmetrics\1.12.787\aws-java-sdk-lookoutmetrics-1.12.787.jar;C:\Users\fssilva\.m2\repository\com\amazonaws\aws-java-sdk-fis\1.12.787\aws-java-sdk-fis-1.12.787.jar;C:\Users\fssilva\.m2\repository\com\amazonaws\aws-java-sdk-lexmodelsv2\1.12.787\aws-java-sdk-lexmodelsv2-1.12.787.jar;C:\Users\fssilva\.m2\repository\com\amazonaws\aws-java-sdk-lexruntimev2\1.12.787\aws-java-sdk-lexruntimev2-1.12.787.jar;C:\Users\fssilva\.m2\repository\com\amazonaws\aws-java-sdk-wellarchitected\1.12.787\aws-java-sdk-wellarchitected-1.12.787.jar;C:\Users\fssilva\.m2\repository\com\amazonaws\aws-java-sdk-location\1.12.787\aws-java-sdk-location-1.12.787.jar;C:\Users\fssilva\.m2\repository\com\amazonaws\aws-java-sdk-iotdeviceadvisor\1.12.787\aws-java-sdk-iotdeviceadvisor-1.12.787.jar;C:\Users\fssilva\.m2\repository\com\amazonaws\aws-java-sdk-iotfleethub\1.12.787\aws-java-sdk-iotfleethub-1.12.787.jar;C:\Users\fssilva\.m2\repository\com\amazonaws\aws-java-sdk-iotwireless\1.12.787\aws-java-sdk-iotwireless-1.12.787.jar;C:\Users\fssilva\.m2\repository\com\amazonaws\aws-java-sdk-greengrassv2\1.12.787\aws-java-sdk-greengrassv2-1.12.787.jar;C:\Users\fssilva\.m2\repository\com\amazonaws\aws-java-sdk-prometheus\1.12.787\aws-java-sdk-prometheus-1.12.787.jar;C:\Users\fssilva\.m2\repository\com\amazonaws\aws-java-sdk-auditmanager\1.12.787\aws-java-sdk-auditmanager-1.12.787.jar;C:\Users\fssilva\.m2\repository\com\amazonaws\aws-java-sdk-healthlake\1.12.787\aws-java-sdk-healthlake-1.12.787.jar;C:\Users\fssilva\.m2\repository\com\amazonaws\aws-java-sdk-sagemakeredgemanager\1.12.787\aws-java-sdk-sagemakeredgemanager-1.12.787.jar;C:\Users\fssilva\.m2\repository\com\amazonaws\aws-java-sdk-emrcontainers\1.12.787\aws-java-sdk-emrcontainers-1.12.787.jar;C:\Users\fssilva\.m2\repository\com\amazonaws\aws-java-sdk-customerprofiles\1.12.787\aws-java-sdk-customerprofiles-1.12.787.jar;C:\Users\fssilva\.m2\repository\com\amazonaws\aws-java-sdk-lookoutforvision\1.12.787\aws-java-sdk-lookoutforvision-1.12.787.jar;C:\Users\fssilva\.m2\repository\com\amazonaws\aws-java-sdk-connectcontactlens\1.12.787\aws-java-sdk-connectcontactlens-1.12.787.jar;C:\Users\fssilva\.m2\repository\com\amazonaws\aws-java-sdk-amplifybackend\1.12.787\aws-java-sdk-amplifybackend-1.12.787.jar;C:\Users\fssilva\.m2\repository\com\amazonaws\aws-java-sdk-ecrpublic\1.12.787\aws-java-sdk-ecrpublic-1.12.787.jar;C:\Users\fssilva\.m2\repository\com\amazonaws\aws-java-sdk-appintegrations\1.12.787\aws-java-sdk-appintegrations-1.12.787.jar;C:\Users\fssilva\.m2\repository\com\amazonaws\aws-java-sdk-sagemakerfeaturestoreruntime\1.12.787\aws-java-sdk-sagemakerfeaturestoreruntime-1.12.787.jar;C:\Users\fssilva\.m2\repository\com\amazonaws\aws-java-sdk-devopsguru\1.12.787\aws-java-sdk-devopsguru-1.12.787.jar;C:\Users\fssilva\.m2\repository\com\amazonaws\aws-java-sdk-mwaa\1.12.787\aws-java-sdk-mwaa-1.12.787.jar;C:\Users\fssilva\.m2\repository\com\amazonaws\aws-java-sdk-networkfirewall\1.12.787\aws-java-sdk-networkfirewall-1.12.787.jar;C:\Users\fssilva\.m2\repository\com\amazonaws\aws-java-sdk-appregistry\1.12.787\aws-java-sdk-appregistry-1.12.787.jar;C:\Users\fssilva\.m2\repository\com\amazonaws\aws-java-sdk-gluedatabrew\1.12.787\aws-java-sdk-gluedatabrew-1.12.787.jar;C:\Users\fssilva\.m2\repository\com\amazonaws\aws-java-sdk-s3outposts\1.12.787\aws-java-sdk-s3outposts-1.12.787.jar;C:\Users\fssilva\.m2\repository\com\amazonaws\aws-java-sdk-timestreamquery\1.12.787\aws-java-sdk-timestreamquery-1.12.787.jar;C:\Users\fssilva\.m2\repository\com\amazonaws\aws-java-sdk-timestreamwrite\1.12.787\aws-java-sdk-timestreamwrite-1.12.787.jar;C:\Users\fssilva\.m2\repository\com\amazonaws\aws-java-sdk-ssoadmin\1.12.787\aws-java-sdk-ssoadmin-1.12.787.jar;C:\Users\fssilva\.m2\repository\com\amazonaws\aws-java-sdk-redshiftdataapi\1.12.787\aws-java-sdk-redshiftdataapi-1.12.787.jar;C:\Users\fssilva\.m2\repository\com\amazonaws\aws-java-sdk-appflow\1.12.787\aws-java-sdk-appflow-1.12.787.jar;C:\Users\fssilva\.m2\repository\com\amazonaws\aws-java-sdk-identitystore\1.12.787\aws-java-sdk-identitystore-1.12.787.jar;C:\Users\fssilva\.m2\repository\com\amazonaws\aws-java-sdk-braket\1.12.787\aws-java-sdk-braket-1.12.787.jar;C:\Users\fssilva\.m2\repository\com\amazonaws\aws-java-sdk-ivs\1.12.787\aws-java-sdk-ivs-1.12.787.jar;C:\Users\fssilva\.m2\repository\com\amazonaws\aws-java-sdk-codeartifact\1.12.787\aws-java-sdk-codeartifact-1.12.787.jar;C:\Users\fssilva\.m2\repository\com\amazonaws\aws-java-sdk-macie2\1.12.787\aws-java-sdk-macie2-1.12.787.jar;C:\Users\fssilva\.m2\repository\com\amazonaws\aws-java-sdk-iotsitewise\1.12.787\aws-java-sdk-iotsitewise-1.12.787.jar;C:\Users\fssilva\.m2\repository\com\amazonaws\aws-java-sdk-synthetics\1.12.787\aws-java-sdk-synthetics-1.12.787.jar;C:\Users\fssilva\.m2\repository\com\amazonaws\aws-java-sdk-codestarconnections\1.12.787\aws-java-sdk-codestarconnections-1.12.787.jar;C:\Users\fssilva\.m2\repository\com\amazonaws\aws-java-sdk-detective\1.12.787\aws-java-sdk-detective-1.12.787.jar;C:\Users\fssilva\.m2\repository\com\amazonaws\aws-java-sdk-kinesisvideosignalingchannels\1.12.787\aws-java-sdk-kinesisvideosignalingchannels-1.12.787.jar;C:\Users\fssilva\.m2\repository\com\amazonaws\aws-java-sdk-ebs\1.12.787\aws-java-sdk-ebs-1.12.787.jar;C:\Users\fssilva\.m2\repository\com\amazonaws\aws-java-sdk-augmentedairuntime\1.12.787\aws-java-sdk-augmentedairuntime-1.12.787.jar;C:\Users\fssilva\.m2\repository\com\amazonaws\aws-java-sdk-outposts\1.12.787\aws-java-sdk-outposts-1.12.787.jar;C:\Users\fssilva\.m2\repository\com\amazonaws\aws-java-sdk-codeguruprofiler\1.12.787\aws-java-sdk-codeguruprofiler-1.12.787.jar;C:\Users\fssilva\.m2\repository\com\amazonaws\aws-java-sdk-codegurureviewer\1.12.787\aws-java-sdk-codegurureviewer-1.12.787.jar;C:\Users\fssilva\.m2\repository\com\amazonaws\aws-java-sdk-frauddetector\1.12.787\aws-java-sdk-frauddetector-1.12.787.jar;C:\Users\fssilva\.m2\repository\com\amazonaws\aws-java-sdk-kendra\1.12.787\aws-java-sdk-kendra-1.12.787.jar;C:\Users\fssilva\.m2\repository\com\amazonaws\aws-java-sdk-networkmanager\1.12.787\aws-java-sdk-networkmanager-1.12.787.jar;C:\Users\fssilva\.m2\repository\com\amazonaws\aws-java-sdk-computeoptimizer\1.12.787\aws-java-sdk-computeoptimizer-1.12.787.jar;C:\Users\fssilva\.m2\repository\com\amazonaws\aws-java-sdk-accessanalyzer\1.12.787\aws-java-sdk-accessanalyzer-1.12.787.jar;C:\Users\fssilva\.m2\repository\com\amazonaws\aws-java-sdk-schemas\1.12.787\aws-java-sdk-schemas-1.12.787.jar;C:\Users\fssilva\.m2\repository\com\amazonaws\aws-java-sdk-imagebuilder\1.12.787\aws-java-sdk-imagebuilder-1.12.787.jar;C:\Users\fssilva\.m2\repository\com\amazonaws\aws-java-sdk-elasticinference\1.12.787\aws-java-sdk-elasticinference-1.12.787.jar;C:\Users\fssilva\.m2\repository\com\amazonaws\aws-java-sdk-iotsecuretunneling\1.12.787\aws-java-sdk-iotsecuretunneling-1.12.787.jar;C:\Users\fssilva\.m2\repository\com\amazonaws\aws-java-sdk-appconfig\1.12.787\aws-java-sdk-appconfig-1.12.787.jar;C:\Users\fssilva\.m2\repository\com\amazonaws\aws-java-sdk-wafv2\1.12.787\aws-java-sdk-wafv2-1.12.787.jar;C:\Users\fssilva\.m2\repository\com\amazonaws\aws-java-sdk-connectparticipant\1.12.787\aws-java-sdk-connectparticipant-1.12.787.jar;C:\Users\fssilva\.m2\repository\com\amazonaws\aws-java-sdk-migrationhubconfig\1.12.787\aws-java-sdk-migrationhubconfig-1.12.787.jar;C:\Users\fssilva\.m2\repository\com\amazonaws\aws-java-sdk-dataexchange\1.12.787\aws-java-sdk-dataexchange-1.12.787.jar;C:\Users\fssilva\.m2\repository\com\amazonaws\aws-java-sdk-sesv2\1.12.787\aws-java-sdk-sesv2-1.12.787.jar;C:\Users\fssilva\.m2\repository\com\amazonaws\aws-java-sdk-marketplacecatalog\1.12.787\aws-java-sdk-marketplacecatalog-1.12.787.jar;C:\Users\fssilva\.m2\repository\com\amazonaws\aws-java-sdk-ssooidc\1.12.787\aws-java-sdk-ssooidc-1.12.787.jar;C:\Users\fssilva\.m2\repository\com\amazonaws\aws-java-sdk-sso\1.12.787\aws-java-sdk-sso-1.12.787.jar;C:\Users\fssilva\.m2\repository\com\amazonaws\aws-java-sdk-savingsplans\1.12.787\aws-java-sdk-savingsplans-1.12.787.jar;C:\Users\fssilva\.m2\repository\com\amazonaws\aws-java-sdk-codestarnotifications\1.12.787\aws-java-sdk-codestarnotifications-1.12.787.jar;C:\Users\fssilva\.m2\repository\com\amazonaws\aws-java-sdk-workmailmessageflow\1.12.787\aws-java-sdk-workmailmessageflow-1.12.787.jar;C:\Users\fssilva\.m2\repository\com\amazonaws\aws-java-sdk-qldbsession\1.12.787\aws-java-sdk-qldbsession-1.12.787.jar;C:\Users\fssilva\.m2\repository\com\amazonaws\aws-java-sdk-qldb\1.12.787\aws-java-sdk-qldb-1.12.787.jar;C:\Users\fssilva\.m2\repository\com\amazonaws\aws-java-sdk-forecastquery\1.12.787\aws-java-sdk-forecastquery-1.12.787.jar;C:\Users\fssilva\.m2\repository\com\amazonaws\aws-java-sdk-forecast\1.12.787\aws-java-sdk-forecast-1.12.787.jar;C:\Users\fssilva\.m2\repository\com\amazonaws\aws-java-sdk-lakeformation\1.12.787\aws-java-sdk-lakeformation-1.12.787.jar;C:\Users\fssilva\.m2\repository\com\amazonaws\aws-java-sdk-eventbridge\1.12.787\aws-java-sdk-eventbridge-1.12.787.jar;C:\Users\fssilva\.m2\repository\com\amazonaws\aws-java-sdk-ec2instanceconnect\1.12.787\aws-java-sdk-ec2instanceconnect-1.12.787.jar;C:\Users\fssilva\.m2\repository\com\amazonaws\aws-java-sdk-applicationinsights\1.12.787\aws-java-sdk-applicationinsights-1.12.787.jar;C:\Users\fssilva\.m2\repository\com\amazonaws\aws-java-sdk-servicequotas\1.12.787\aws-java-sdk-servicequotas-1.12.787.jar;C:\Users\fssilva\.m2\repository\com\amazonaws\aws-java-sdk-personalizeevents\1.12.787\aws-java-sdk-personalizeevents-1.12.787.jar;C:\Users\fssilva\.m2\repository\com\amazonaws\aws-java-sdk-personalize\1.12.787\aws-java-sdk-personalize-1.12.787.jar;C:\Users\fssilva\.m2\repository\com\amazonaws\aws-java-sdk-personalizeruntime\1.12.787\aws-java-sdk-personalizeruntime-1.12.787.jar;C:\Users\fssilva\.m2\repository\com\amazonaws\aws-java-sdk-ioteventsdata\1.12.787\aws-java-sdk-ioteventsdata-1.12.787.jar;C:\Users\fssilva\.m2\repository\com\amazonaws\aws-java-sdk-iotevents\1.12.787\aws-java-sdk-iotevents-1.12.787.jar;C:\Users\fssilva\.m2\repository\com\amazonaws\aws-java-sdk-iotthingsgraph\1.12.787\aws-java-sdk-iotthingsgraph-1.12.787.jar;C:\Users\fssilva\.m2\repository\com\amazonaws\aws-java-sdk-groundstation\1.12.787\aws-java-sdk-groundstation-1.12.787.jar;C:\Users\fssilva\.m2\repository\com\amazonaws\aws-java-sdk-mediapackagevod\1.12.787\aws-java-sdk-mediapackagevod-1.12.787.jar;C:\Users\fssilva\.m2\repository\com\amazonaws\aws-java-sdk-managedblockchain\1.12.787\aws-java-sdk-managedblockchain-1.12.787.jar;C:\Users\fssilva\.m2\repository\com\amazonaws\aws-java-sdk-textract\1.12.787\aws-java-sdk-textract-1.12.787.jar;C:\Users\fssilva\.m2\repository\com\amazonaws\aws-java-sdk-worklink\1.12.787\aws-java-sdk-worklink-1.12.787.jar;C:\Users\fssilva\.m2\repository\com\amazonaws\aws-java-sdk-backup\1.12.787\aws-java-sdk-backup-1.12.787.jar;C:\Users\fssilva\.m2\repository\com\amazonaws\aws-java-sdk-docdb\1.12.787\aws-java-sdk-docdb-1.12.787.jar;C:\Users\fssilva\.m2\repository\com\amazonaws\aws-java-sdk-apigatewayv2\1.12.787\aws-java-sdk-apigatewayv2-1.12.787.jar;C:\Users\fssilva\.m2\repository\com\amazonaws\aws-java-sdk-apigatewaymanagementapi\1.12.787\aws-java-sdk-apigatewaymanagementapi-1.12.787.jar;C:\Users\fssilva\.m2\repository\com\amazonaws\aws-java-sdk-kafka\1.12.787\aws-java-sdk-kafka-1.12.787.jar;C:\Users\fssilva\.m2\repository\com\amazonaws\aws-java-sdk-appmesh\1.12.787\aws-java-sdk-appmesh-1.12.787.jar;C:\Users\fssilva\.m2\repository\com\amazonaws\aws-java-sdk-licensemanager\1.12.787\aws-java-sdk-licensemanager-1.12.787.jar;C:\Users\fssilva\.m2\repository\com\amazonaws\aws-java-sdk-securityhub\1.12.787\aws-java-sdk-securityhub-1.12.787.jar;C:\Users\fssilva\.m2\repository\com\amazonaws\aws-java-sdk-fsx\1.12.787\aws-java-sdk-fsx-1.12.787.jar;C:\Users\fssilva\.m2\repository\com\amazonaws\aws-java-sdk-mediaconnect\1.12.787\aws-java-sdk-mediaconnect-1.12.787.jar;C:\Users\fssilva\.m2\repository\com\amazonaws\aws-java-sdk-kinesisanalyticsv2\1.12.787\aws-java-sdk-kinesisanalyticsv2-1.12.787.jar;C:\Users\fssilva\.m2\repository\com\amazonaws\aws-java-sdk-comprehendmedical\1.12.787\aws-java-sdk-comprehendmedical-1.12.787.jar;C:\Users\fssilva\.m2\repository\com\amazonaws\aws-java-sdk-globalaccelerator\1.12.787\aws-java-sdk-globalaccelerator-1.12.787.jar;C:\Users\fssilva\.m2\repository\com\amazonaws\aws-java-sdk-transfer\1.12.787\aws-java-sdk-transfer-1.12.787.jar;C:\Users\fssilva\.m2\repository\com\amazonaws\aws-java-sdk-datasync\1.12.787\aws-java-sdk-datasync-1.12.787.jar;C:\Users\fssilva\.m2\repository\com\amazonaws\aws-java-sdk-robomaker\1.12.787\aws-java-sdk-robomaker-1.12.787.jar;C:\Users\fssilva\.m2\repository\com\amazonaws\aws-java-sdk-amplify\1.12.787\aws-java-sdk-amplify-1.12.787.jar;C:\Users\fssilva\.m2\repository\com\amazonaws\aws-java-sdk-quicksight\1.12.787\aws-java-sdk-quicksight-1.12.787.jar;C:\Users\fssilva\.m2\repository\com\amazonaws\aws-java-sdk-rdsdata\1.12.787\aws-java-sdk-rdsdata-1.12.787.jar;C:\Users\fssilva\.m2\repository\com\amazonaws\aws-java-sdk-route53resolver\1.12.787\aws-java-sdk-route53resolver-1.12.787.jar;C:\Users\fssilva\.m2\repository\com\amazonaws\aws-java-sdk-ram\1.12.787\aws-java-sdk-ram-1.12.787.jar;C:\Users\fssilva\.m2\repository\com\amazonaws\aws-java-sdk-s3control\1.12.787\aws-java-sdk-s3control-1.12.787.jar;C:\Users\fssilva\.m2\repository\com\amazonaws\aws-java-sdk-pinpointsmsvoice\1.12.787\aws-java-sdk-pinpointsmsvoice-1.12.787.jar;C:\Users\fssilva\.m2\repository\com\amazonaws\aws-java-sdk-pinpointemail\1.12.787\aws-java-sdk-pinpointemail-1.12.787.jar;C:\Users\fssilva\.m2\repository\com\amazonaws\aws-java-sdk-chime\1.12.787\aws-java-sdk-chime-1.12.787.jar;C:\Users\fssilva\.m2\repository\com\amazonaws\aws-java-sdk-signer\1.12.787\aws-java-sdk-signer-1.12.787.jar;C:\Users\fssilva\.m2\repository\com\amazonaws\aws-java-sdk-dlm\1.12.787\aws-java-sdk-dlm-1.12.787.jar;C:\Users\fssilva\.m2\repository\com\amazonaws\aws-java-sdk-eks\1.12.787\aws-java-sdk-eks-1.12.787.jar;C:\Users\fssilva\.m2\repository\com\amazonaws\aws-java-sdk-mediatailor\1.12.787\aws-java-sdk-mediatailor-1.12.787.jar;C:\Users\fssilva\.m2\repository\com\amazonaws\aws-java-sdk-neptune\1.12.787\aws-java-sdk-neptune-1.12.787.jar;C:\Users\fssilva\.m2\repository\com\amazonaws\aws-java-sdk-pi\1.12.787\aws-java-sdk-pi-1.12.787.jar;C:\Users\fssilva\.m2\repository\com\amazonaws\aws-java-sdk-iot1clickprojects\1.12.787\aws-java-sdk-iot1clickprojects-1.12.787.jar;C:\Users\fssilva\.m2\repository\com\amazonaws\aws-java-sdk-iot1clickdevices\1.12.787\aws-java-sdk-iot1clickdevices-1.12.787.jar;C:\Users\fssilva\.m2\repository\com\amazonaws\aws-java-sdk-iotanalytics\1.12.787\aws-java-sdk-iotanalytics-1.12.787.jar;C:\Users\fssilva\.m2\repository\com\amazonaws\aws-java-sdk-acmpca\1.12.787\aws-java-sdk-acmpca-1.12.787.jar;C:\Users\fssilva\.m2\repository\com\amazonaws\aws-java-sdk-secretsmanager\1.12.787\aws-java-sdk-secretsmanager-1.12.787.jar;C:\Users\fssilva\.m2\repository\com\amazonaws\aws-java-sdk-fms\1.12.787\aws-java-sdk-fms-1.12.787.jar;C:\Users\fssilva\.m2\repository\com\amazonaws\aws-java-sdk-connect\1.12.787\aws-java-sdk-connect-1.12.787.jar;C:\Users\fssilva\.m2\repository\com\amazonaws\aws-java-sdk-transcribe\1.12.787\aws-java-sdk-transcribe-1.12.787.jar;C:\Users\fssilva\.m2\repository\com\amazonaws\aws-java-sdk-autoscalingplans\1.12.787\aws-java-sdk-autoscalingplans-1.12.787.jar;C:\Users\fssilva\.m2\repository\com\amazonaws\aws-java-sdk-workmail\1.12.787\aws-java-sdk-workmail-1.12.787.jar;C:\Users\fssilva\.m2\repository\com\amazonaws\aws-java-sdk-servicediscovery\1.12.787\aws-java-sdk-servicediscovery-1.12.787.jar;C:\Users\fssilva\.m2\repository\com\amazonaws\aws-java-sdk-cloud9\1.12.787\aws-java-sdk-cloud9-1.12.787.jar;C:\Users\fssilva\.m2\repository\com\amazonaws\aws-java-sdk-serverlessapplicationrepository\1.12.787\aws-java-sdk-serverlessapplicationrepository-1.12.787.jar;C:\Users\fssilva\.m2\repository\com\amazonaws\aws-java-sdk-resourcegroups\1.12.787\aws-java-sdk-resourcegroups-1.12.787.jar;C:\Users\fssilva\.m2\repository\com\amazonaws\aws-java-sdk-comprehend\1.12.787\aws-java-sdk-comprehend-1.12.787.jar;C:\Users\fssilva\.m2\repository\com\amazonaws\aws-java-sdk-translate\1.12.787\aws-java-sdk-translate-1.12.787.jar;C:\Users\fssilva\.m2\repository\com\amazonaws\aws-java-sdk-sagemaker\1.12.787\aws-java-sdk-sagemaker-1.12.787.jar;C:\Users\fssilva\.m2\repository\com\amazonaws\aws-java-sdk-iotjobsdataplane\1.12.787\aws-java-sdk-iotjobsdataplane-1.12.787.jar;C:\Users\fssilva\.m2\repository\com\amazonaws\aws-java-sdk-sagemakerruntime\1.12.787\aws-java-sdk-sagemakerruntime-1.12.787.jar;C:\Users\fssilva\.m2\repository\com\amazonaws\aws-java-sdk-kinesisvideo\1.12.787\aws-java-sdk-kinesisvideo-1.12.787.jar;C:\Users\fssilva\.m2\repository\com\amazonaws\aws-java-sdk-appsync\1.12.787\aws-java-sdk-appsync-1.12.787.jar;C:\Users\fssilva\.m2\repository\com\amazonaws\aws-java-sdk-guardduty\1.12.787\aws-java-sdk-guardduty-1.12.787.jar;C:\Users\fssilva\.m2\repository\com\amazonaws\aws-java-sdk-mq\1.12.787\aws-java-sdk-mq-1.12.787.jar;C:\Users\fssilva\.m2\repository\com\amazonaws\aws-java-sdk-mediaconvert\1.12.787\aws-java-sdk-mediaconvert-1.12.787.jar;C:\Users\fssilva\.m2\repository\com\amazonaws\aws-java-sdk-mediastore\1.12.787\aws-java-sdk-mediastore-1.12.787.jar;C:\Users\fssilva\.m2\repository\com\amazonaws\aws-java-sdk-mediastoredata\1.12.787\aws-java-sdk-mediastoredata-1.12.787.jar;C:\Users\fssilva\.m2\repository\com\amazonaws\aws-java-sdk-medialive\1.12.787\aws-java-sdk-medialive-1.12.787.jar;C:\Users\fssilva\.m2\repository\com\amazonaws\aws-java-sdk-mediapackage\1.12.787\aws-java-sdk-mediapackage-1.12.787.jar;C:\Users\fssilva\.m2\repository\com\amazonaws\aws-java-sdk-costexplorer\1.12.787\aws-java-sdk-costexplorer-1.12.787.jar;C:\Users\fssilva\.m2\repository\com\amazonaws\aws-java-sdk-pricing\1.12.787\aws-java-sdk-pricing-1.12.787.jar;C:\Users\fssilva\.m2\repository\com\amazonaws\aws-java-sdk-cloudhsmv2\1.12.787\aws-java-sdk-cloudhsmv2-1.12.787.jar;C:\Users\fssilva\.m2\repository\com\amazonaws\aws-java-sdk-glue\1.12.787\aws-java-sdk-glue-1.12.787.jar;C:\Users\fssilva\.m2\repository\com\amazonaws\aws-java-sdk-migrationhub\1.12.787\aws-java-sdk-migrationhub-1.12.787.jar;C:\Users\fssilva\.m2\repository\com\amazonaws\aws-java-sdk-dax\1.12.787\aws-java-sdk-dax-1.12.787.jar;C:\Users\fssilva\.m2\repository\com\amazonaws\aws-java-sdk-greengrass\1.12.787\aws-java-sdk-greengrass-1.12.787.jar;C:\Users\fssilva\.m2\repository\com\amazonaws\aws-java-sdk-athena\1.12.787\aws-java-sdk-athena-1.12.787.jar;C:\Users\fssilva\.m2\repository\com\amazonaws\aws-java-sdk-marketplaceentitlement\1.12.787\aws-java-sdk-marketplaceentitlement-1.12.787.jar;C:\Users\fssilva\.m2\repository\com\amazonaws\aws-java-sdk-codestar\1.12.787\aws-java-sdk-codestar-1.12.787.jar;C:\Users\fssilva\.m2\repository\com\amazonaws\aws-java-sdk-lexmodelbuilding\1.12.787\aws-java-sdk-lexmodelbuilding-1.12.787.jar;C:\Users\fssilva\.m2\repository\com\amazonaws\aws-java-sdk-resourcegroupstaggingapi\1.12.787\aws-java-sdk-resourcegroupstaggingapi-1.12.787.jar;C:\Users\fssilva\.m2\repository\com\amazonaws\aws-java-sdk-pinpoint\1.12.787\aws-java-sdk-pinpoint-1.12.787.jar;C:\Users\fssilva\.m2\repository\com\amazonaws\aws-java-sdk-xray\1.12.787\aws-java-sdk-xray-1.12.787.jar;C:\Users\fssilva\.m2\repository\com\amazonaws\aws-java-sdk-opsworkscm\1.12.787\aws-java-sdk-opsworkscm-1.12.787.jar;C:\Users\fssilva\.m2\repository\com\amazonaws\aws-java-sdk-support\1.12.787\aws-java-sdk-support-1.12.787.jar;C:\Users\fssilva\.m2\repository\com\amazonaws\aws-java-sdk-simpledb\1.12.787\aws-java-sdk-simpledb-1.12.787.jar;C:\Users\fssilva\.m2\repository\com\amazonaws\aws-java-sdk-servicecatalog\1.12.787\aws-java-sdk-servicecatalog-1.12.787.jar;C:\Users\fssilva\.m2\repository\com\amazonaws\aws-java-sdk-servermigration\1.12.787\aws-java-sdk-servermigration-1.12.787.jar;C:\Users\fssilva\.m2\repository\com\amazonaws\aws-java-sdk-simpleworkflow\1.12.787\aws-java-sdk-simpleworkflow-1.12.787.jar;C:\Users\fssilva\.m2\repository\com\amazonaws\aws-java-sdk-storagegateway\1.12.787\aws-java-sdk-storagegateway-1.12.787.jar;C:\Users\fssilva\.m2\repository\com\amazonaws\aws-java-sdk-route53\1.12.787\aws-java-sdk-route53-1.12.787.jar;C:\Users\fssilva\.m2\repository\com\amazonaws\aws-java-sdk-s3\1.12.787\aws-java-sdk-s3-1.12.787.jar;C:\Users\fssilva\.m2\repository\com\amazonaws\aws-java-sdk-importexport\1.12.787\aws-java-sdk-importexport-1.12.787.jar;C:\Users\fssilva\.m2\repository\com\amazonaws\aws-java-sdk-sts\1.12.787\aws-java-sdk-sts-1.12.787.jar;C:\Users\fssilva\.m2\repository\com\amazonaws\aws-java-sdk-sqs\1.12.787\aws-java-sdk-sqs-1.12.787.jar;C:\Users\fssilva\.m2\repository\com\amazonaws\aws-java-sdk-rds\1.12.787\aws-java-sdk-rds-1.12.787.jar;C:\Users\fssilva\.m2\repository\com\amazonaws\aws-java-sdk-redshift\1.12.787\aws-java-sdk-redshift-1.12.787.jar;C:\Users\fssilva\.m2\repository\com\amazonaws\aws-java-sdk-elasticbeanstalk\1.12.787\aws-java-sdk-elasticbeanstalk-1.12.787.jar;C:\Users\fssilva\.m2\repository\com\amazonaws\aws-java-sdk-glacier\1.12.787\aws-java-sdk-glacier-1.12.787.jar;C:\Users\fssilva\.m2\repository\com\amazonaws\aws-java-sdk-iam\1.12.787\aws-java-sdk-iam-1.12.787.jar;C:\Users\fssilva\.m2\repository\com\amazonaws\aws-java-sdk-datapipeline\1.12.787\aws-java-sdk-datapipeline-1.12.787.jar;C:\Users\fssilva\.m2\repository\com\amazonaws\aws-java-sdk-elasticloadbalancing\1.12.787\aws-java-sdk-elasticloadbalancing-1.12.787.jar;C:\Users\fssilva\.m2\repository\com\amazonaws\aws-java-sdk-elasticloadbalancingv2\1.12.787\aws-java-sdk-elasticloadbalancingv2-1.12.787.jar;C:\Users\fssilva\.m2\repository\com\amazonaws\aws-java-sdk-emr\1.12.787\aws-java-sdk-emr-1.12.787.jar;C:\Users\fssilva\.m2\repository\com\amazonaws\aws-java-sdk-elasticache\1.12.787\aws-java-sdk-elasticache-1.12.787.jar;C:\Users\fssilva\.m2\repository\com\amazonaws\aws-java-sdk-elastictranscoder\1.12.787\aws-java-sdk-elastictranscoder-1.12.787.jar;C:\Users\fssilva\.m2\repository\com\amazonaws\aws-java-sdk-ec2\1.12.787\aws-java-sdk-ec2-1.12.787.jar;C:\Users\fssilva\.m2\repository\com\amazonaws\aws-java-sdk-dynamodb\1.12.787\aws-java-sdk-dynamodb-1.12.787.jar;C:\Users\fssilva\.m2\repository\com\amazonaws\aws-java-sdk-sns\1.12.787\aws-java-sdk-sns-1.12.787.jar;C:\Users\fssilva\.m2\repository\com\amazonaws\aws-java-sdk-budgets\1.12.787\aws-java-sdk-budgets-1.12.787.jar;C:\Users\fssilva\.m2\repository\com\amazonaws\aws-java-sdk-cloudtrail\1.12.787\aws-java-sdk-cloudtrail-1.12.787.jar;C:\Users\fssilva\.m2\repository\com\amazonaws\aws-java-sdk-cloudwatch\1.12.787\aws-java-sdk-cloudwatch-1.12.787.jar;C:\Users\fssilva\.m2\repository\com\amazonaws\aws-java-sdk-logs\1.12.787\aws-java-sdk-logs-1.12.787.jar;C:\Users\fssilva\.m2\repository\com\amazonaws\aws-java-sdk-events\1.12.787\aws-java-sdk-events-1.12.787.jar;C:\Users\fssilva\.m2\repository\com\amazonaws\aws-java-sdk-cognitoidentity\1.12.787\aws-java-sdk-cognitoidentity-1.12.787.jar;C:\Users\fssilva\.m2\repository\com\amazonaws\aws-java-sdk-cognitosync\1.12.787\aws-java-sdk-cognitosync-1.12.787.jar;C:\Users\fssilva\.m2\repository\com\amazonaws\aws-java-sdk-directconnect\1.12.787\aws-java-sdk-directconnect-1.12.787.jar;C:\Users\fssilva\.m2\repository\com\amazonaws\aws-java-sdk-cloudformation\1.12.787\aws-java-sdk-cloudformation-1.12.787.jar;C:\Users\fssilva\.m2\repository\com\amazonaws\aws-java-sdk-cloudfront\1.12.787\aws-java-sdk-cloudfront-1.12.787.jar;C:\Users\fssilva\.m2\repository\com\amazonaws\aws-java-sdk-clouddirectory\1.12.787\aws-java-sdk-clouddirectory-1.12.787.jar;C:\Users\fssilva\.m2\repository\com\amazonaws\aws-java-sdk-kinesis\1.12.787\aws-java-sdk-kinesis-1.12.787.jar;C:\Users\fssilva\.m2\repository\com\amazonaws\aws-java-sdk-opsworks\1.12.787\aws-java-sdk-opsworks-1.12.787.jar;C:\Users\fssilva\.m2\repository\com\amazonaws\aws-java-sdk-ses\1.12.787\aws-java-sdk-ses-1.12.787.jar;C:\Users\fssilva\.m2\repository\com\amazonaws\aws-java-sdk-autoscaling\1.12.787\aws-java-sdk-autoscaling-1.12.787.jar;C:\Users\fssilva\.m2\repository\com\amazonaws\aws-java-sdk-cloudsearch\1.12.787\aws-java-sdk-cloudsearch-1.12.787.jar;C:\Users\fssilva\.m2\repository\com\amazonaws\aws-java-sdk-cloudwatchmetrics\1.12.787\aws-java-sdk-cloudwatchmetrics-1.12.787.jar;C:\Users\fssilva\.m2\repository\com\amazonaws\aws-java-sdk-codedeploy\1.12.787\aws-java-sdk-codedeploy-1.12.787.jar;C:\Users\fssilva\.m2\repository\com\amazonaws\aws-java-sdk-codepipeline\1.12.787\aws-java-sdk-codepipeline-1.12.787.jar;C:\Users\fssilva\.m2\repository\com\amazonaws\aws-java-sdk-kms\1.12.787\aws-java-sdk-kms-1.12.787.jar;C:\Users\fssilva\.m2\repository\com\amazonaws\aws-java-sdk-config\1.12.787\aws-java-sdk-config-1.12.787.jar;C:\Users\fssilva\.m2\repository\com\amazonaws\aws-java-sdk-lambda\1.12.787\aws-java-sdk-lambda-1.12.787.jar;C:\Users\fssilva\.m2\repository\com\amazonaws\aws-java-sdk-ecs\1.12.787\aws-java-sdk-ecs-1.12.787.jar;C:\Users\fssilva\.m2\repository\com\amazonaws\aws-java-sdk-ecr\1.12.787\aws-java-sdk-ecr-1.12.787.jar;C:\Users\fssilva\.m2\repository\com\amazonaws\aws-java-sdk-cloudhsm\1.12.787\aws-java-sdk-cloudhsm-1.12.787.jar;C:\Users\fssilva\.m2\repository\com\amazonaws\aws-java-sdk-ssm\1.12.787\aws-java-sdk-ssm-1.12.787.jar;C:\Users\fssilva\.m2\repository\com\amazonaws\aws-java-sdk-workspaces\1.12.787\aws-java-sdk-workspaces-1.12.787.jar;C:\Users\fssilva\.m2\repository\com\amazonaws\aws-java-sdk-machinelearning\1.12.787\aws-java-sdk-machinelearning-1.12.787.jar;C:\Users\fssilva\.m2\repository\com\amazonaws\aws-java-sdk-directory\1.12.787\aws-java-sdk-directory-1.12.787.jar;C:\Users\fssilva\.m2\repository\com\amazonaws\aws-java-sdk-efs\1.12.787\aws-java-sdk-efs-1.12.787.jar;C:\Users\fssilva\.m2\repository\com\amazonaws\aws-java-sdk-codecommit\1.12.787\aws-java-sdk-codecommit-1.12.787.jar;C:\Users\fssilva\.m2\repository\com\amazonaws\aws-java-sdk-devicefarm\1.12.787\aws-java-sdk-devicefarm-1.12.787.jar;C:\Users\fssilva\.m2\repository\com\amazonaws\aws-java-sdk-elasticsearch\1.12.787\aws-java-sdk-elasticsearch-1.12.787.jar;C:\Users\fssilva\.m2\repository\com\amazonaws\aws-java-sdk-waf\1.12.787\aws-java-sdk-waf-1.12.787.jar;C:\Users\fssilva\.m2\repository\com\amazonaws\aws-java-sdk-marketplacecommerceanalytics\1.12.787\aws-java-sdk-marketplacecommerceanalytics-1.12.787.jar;C:\Users\fssilva\.m2\repository\com\amazonaws\aws-java-sdk-inspector\1.12.787\aws-java-sdk-inspector-1.12.787.jar;C:\Users\fssilva\.m2\repository\com\amazonaws\aws-java-sdk-iot\1.12.787\aws-java-sdk-iot-1.12.787.jar;C:\Users\fssilva\.m2\repository\com\amazonaws\aws-java-sdk-api-gateway\1.12.787\aws-java-sdk-api-gateway-1.12.787.jar;C:\Users\fssilva\.m2\repository\com\amazonaws\aws-java-sdk-acm\1.12.787\aws-java-sdk-acm-1.12.787.jar;C:\Users\fssilva\.m2\repository\com\amazonaws\aws-java-sdk-gamelift\1.12.787\aws-java-sdk-gamelift-1.12.787.jar;C:\Users\fssilva\.m2\repository\com\amazonaws\aws-java-sdk-dms\1.12.787\aws-java-sdk-dms-1.12.787.jar;C:\Users\fssilva\.m2\repository\com\amazonaws\aws-java-sdk-marketplacemeteringservice\1.12.787\aws-java-sdk-marketplacemeteringservice-1.12.787.jar;C:\Users\fssilva\.m2\repository\com\amazonaws\aws-java-sdk-cognitoidp\1.12.787\aws-java-sdk-cognitoidp-1.12.787.jar;C:\Users\fssilva\.m2\repository\com\amazonaws\aws-java-sdk-discovery\1.12.787\aws-java-sdk-discovery-1.12.787.jar;C:\Users\fssilva\.m2\repository\com\amazonaws\aws-java-sdk-applicationautoscaling\1.12.787\aws-java-sdk-applicationautoscaling-1.12.787.jar;C:\Users\fssilva\.m2\repository\com\amazonaws\aws-java-sdk-snowball\1.12.787\aws-java-sdk-snowball-1.12.787.jar;C:\Users\fssilva\.m2\repository\com\amazonaws\aws-java-sdk-rekognition\1.12.787\aws-java-sdk-rekognition-1.12.787.jar;C:\Users\fssilva\.m2\repository\com\amazonaws\aws-java-sdk-polly\1.12.787\aws-java-sdk-polly-1.12.787.jar;C:\Users\fssilva\.m2\repository\com\amazonaws\aws-java-sdk-lightsail\1.12.787\aws-java-sdk-lightsail-1.12.787.jar;C:\Users\fssilva\.m2\repository\com\amazonaws\aws-java-sdk-stepfunctions\1.12.787\aws-java-sdk-stepfunctions-1.12.787.jar;C:\Users\fssilva\.m2\repository\com\amazonaws\aws-java-sdk-health\1.12.787\aws-java-sdk-health-1.12.787.jar;C:\Users\fssilva\.m2\repository\com\amazonaws\aws-java-sdk-costandusagereport\1.12.787\aws-java-sdk-costandusagereport-1.12.787.jar;C:\Users\fssilva\.m2\repository\com\amazonaws\aws-java-sdk-codebuild\1.12.787\aws-java-sdk-codebuild-1.12.787.jar;C:\Users\fssilva\.m2\repository\com\amazonaws\aws-java-sdk-appstream\1.12.787\aws-java-sdk-appstream-1.12.787.jar;C:\Users\fssilva\.m2\repository\com\amazonaws\aws-java-sdk-shield\1.12.787\aws-java-sdk-shield-1.12.787.jar;C:\Users\fssilva\.m2\repository\com\amazonaws\aws-java-sdk-batch\1.12.787\aws-java-sdk-batch-1.12.787.jar;C:\Users\fssilva\.m2\repository\com\amazonaws\aws-java-sdk-lex\1.12.787\aws-java-sdk-lex-1.12.787.jar;C:\Users\fssilva\.m2\repository\com\amazonaws\aws-java-sdk-mechanicalturkrequester\1.12.787\aws-java-sdk-mechanicalturkrequester-1.12.787.jar;C:\Users\fssilva\.m2\repository\com\amazonaws\aws-java-sdk-organizations\1.12.787\aws-java-sdk-organizations-1.12.787.jar;C:\Users\fssilva\.m2\repository\com\amazonaws\aws-java-sdk-workdocs\1.12.787\aws-java-sdk-workdocs-1.12.787.jar;C:\Users\fssilva\.m2\repository\com\amazonaws\aws-java-sdk-core\1.12.787\aws-java-sdk-core-1.12.787.jar;C:\Users\fssilva\.m2\repository\com\fasterxml\jackson\dataformat\jackson-dataformat-cbor\2.18.2\jackson-dataformat-cbor-2.18.2.jar;C:\Users\fssilva\.m2\repository\joda-time\joda-time\2.12.7\joda-time-2.12.7.jar;C:\Users\fssilva\.m2\repository\com\amazonaws\aws-java-sdk-models\1.12.787\aws-java-sdk-models-1.12.787.jar;C:\Users\fssilva\.m2\repository\com\amazonaws\aws-java-sdk-swf-libraries\1.11.22\aws-java-sdk-swf-libraries-1.11.22.jar;C:\Users\fssilva\.m2\repository\org\springframework\boot\spring-boot-starter-aop\3.4.1\spring-boot-starter-aop-3.4.1.jar;C:\Users\fssilva\.m2\repository\org\springframework\boot\spring-boot-starter-test\3.4.1\spring-boot-starter-test-3.4.1.jar;C:\Users\fssilva\.m2\repository\org\springframework\boot\spring-boot-test\3.4.1\spring-boot-test-3.4.1.jar;C:\Users\fssilva\.m2\repository\org\springframework\boot\spring-boot-test-autoconfigure\3.4.1\spring-boot-test-autoconfigure-3.4.1.jar;C:\Users\fssilva\.m2\repository\com\jayway\jsonpath\json-path\2.9.0\json-path-2.9.0.jar;C:\Users\fssilva\.m2\repository\jakarta\xml\bind\jakarta.xml.bind-api\4.0.2\jakarta.xml.bind-api-4.0.2.jar;C:\Users\fssilva\.m2\repository\jakarta\activation\jakarta.activation-api\2.1.3\jakarta.activation-api-2.1.3.jar;C:\Users\fssilva\.m2\repository\net\minidev\json-smart\2.5.1\json-smart-2.5.1.jar;C:\Users\fssilva\.m2\repository\net\minidev\accessors-smart\2.5.1\accessors-smart-2.5.1.jar;C:\Users\fssilva\.m2\repository\org\ow2\asm\asm\9.6\asm-9.6.jar;C:\Users\fssilva\.m2\repository\org\assertj\assertj-core\3.26.3\assertj-core-3.26.3.jar;C:\Users\fssilva\.m2\repository\org\awaitility\awaitility\4.2.2\awaitility-4.2.2.jar;C:\Users\fssilva\.m2\repository\org\hamcrest\hamcrest\2.2\hamcrest-2.2.jar;C:\Users\fssilva\.m2\repository\org\junit\jupiter\junit-jupiter\5.11.4\junit-jupiter-5.11.4.jar;C:\Users\fssilva\.m2\repository\org\junit\jupiter\junit-jupiter-api\5.11.4\junit-jupiter-api-5.11.4.jar;C:\Users\fssilva\.m2\repository\org\opentest4j\opentest4j\1.3.0\opentest4j-1.3.0.jar;C:\Users\fssilva\.m2\repository\org\junit\platform\junit-platform-commons\1.11.4\junit-platform-commons-1.11.4.jar;C:\Users\fssilva\.m2\repository\org\apiguardian\apiguardian-api\1.1.2\apiguardian-api-1.1.2.jar;C:\Users\fssilva\.m2\repository\org\junit\jupiter\junit-jupiter-params\5.11.4\junit-jupiter-params-5.11.4.jar;C:\Users\fssilva\.m2\repository\org\junit\jupiter\junit-jupiter-engine\5.11.4\junit-jupiter-engine-5.11.4.jar;C:\Users\fssilva\.m2\repository\org\junit\platform\junit-platform-engine\1.11.4\junit-platform-engine-1.11.4.jar;C:\Users\fssilva\.m2\repository\org\mockito\mockito-core\5.14.2\mockito-core-5.14.2.jar;C:\Users\fssilva\.m2\repository\net\bytebuddy\byte-buddy-agent\1.15.11\byte-buddy-agent-1.15.11.jar;C:\Users\fssilva\.m2\repository\org\objenesis\objenesis\3.3\objenesis-3.3.jar;C:\Users\fssilva\.m2\repository\org\mockito\mockito-junit-jupiter\5.14.2\mockito-junit-jupiter-5.14.2.jar;C:\Users\fssilva\.m2\repository\org\skyscreamer\jsonassert\1.5.3\jsonassert-1.5.3.jar;C:\Users\fssilva\.m2\repository\com\vaadin\external\google\android-json\0.0.20131108.vaadin1\android-json-0.0.20131108.vaadin1.jar;C:\Users\fssilva\.m2\repository\org\springframework\spring-core\6.2.1\spring-core-6.2.1.jar;C:\Users\fssilva\.m2\repository\org\springframework\spring-jcl\6.2.1\spring-jcl-6.2.1.jar;C:\Users\fssilva\.m2\repository\org\springframework\spring-test\6.2.1\spring-test-6.2.1.jar;C:\Users\fssilva\.m2\repository\org\xmlunit\xmlunit-core\2.10.0\xmlunit-core-2.10.0.jar;C:\Users\fssilva\.m2\repository\org\springframework\security\spring-security-test\6.4.2\spring-security-test-6.4.2.jar;"/>
    <property name="sun.cpu.endian" value="little"/>
    <property name="user.home" value="C:\Users\fssilva"/>
    <property name="user.language" value="pt"/>
    <property name="java.specification.vendor" value="Oracle Corporation"/>
    <property name="java.version.date" value="2024-07-16"/>
    <property name="java.home" value="C:\Program Files\Amazon Corretto\jdk21.0.4_7"/>
    <property name="file.separator" value="\"/>
    <property name="basedir" value="C:\Users\fssilva\backend-vozcidada"/>
    <property name="java.vm.compressedOopsMode" value="32-bit"/>
    <property name="line.separator" value="&#10;"/>
    <property name="java.vm.specification.vendor" value="Oracle Corporation"/>
    <property name="java.specification.name" value="Java Platform API Specification"/>
    <property name="FILE_LOG_CHARSET" value="UTF-8"/>
    <property name="java.awt.headless" value="true"/>
    <property name="surefire.real.class.path" value="C:\Users\fssilva\AppData\Local\Temp\surefire91930983838404044\surefirebooter-20250617233320627_3.jar"/>
    <property name="user.script" value=""/>
    <property name="polyglot.engine.WarnInterpreterOnly" value="false"/>
    <property name="sun.management.compiler" value="HotSpot 64-Bit Tiered Compilers"/>
    <property name="java.runtime.version" value="21.0.4+7-LTS"/>
    <property name="user.name" value="fssilva"/>
    <property name="stdout.encoding" value="Cp1252"/>
    <property name="path.separator" value=";"/>
    <property name="os.version" value="10.0"/>
    <property name="java.runtime.name" value="OpenJDK Runtime Environment"/>
    <property name="file.encoding" value="UTF-8"/>
    <property name="java.vm.name" value="OpenJDK 64-Bit Server VM"/>
    <property name="java.vendor.version" value="Corretto-21.0.4.7.1"/>
    <property name="localRepository" value="C:\Users\fssilva\.m2\repository"/>
    <property name="java.vendor.url.bug" value="https://github.com/corretto/corretto-21/issues/"/>
    <property name="java.io.tmpdir" value="C:\Users\fssilva\AppData\Local\Temp\"/>
    <property name="idea.version" value="2024.1.4"/>
    <property name="com.zaxxer.hikari.pool_number" value="1"/>
    <property name="java.version" value="21.0.4"/>
    <property name="user.dir" value="C:\Users\fssilva\backend-vozcidada"/>
    <property name="os.arch" value="amd64"/>
    <property name="java.vm.specification.name" value="Java Virtual Machine Specification"/>
    <property name="PID" value="3684"/>
    <property name="sun.os.patch.level" value=""/>
    <property name="CONSOLE_LOG_CHARSET" value="UTF-8"/>
    <property name="native.encoding" value="Cp1252"/>
    <property name="java.library.path" value="C:\Program Files\Amazon Corretto\jdk21.0.4_7\bin;C:\WINDOWS\Sun\Java\bin;C:\WINDOWS\system32;C:\WINDOWS;C:\Program Files\Microsoft\jdk-21.0.4.7-hotspot\bin;C:\Program Files\Microsoft\jdk-17.0.12.7-hotspot\bin;C:\Program Files\Amazon Corretto\jdk21.0.4_7\bin;C:\Program Files (x86)\Common Files\Oracle\Java\java8path;C:\Program Files (x86)\Common Files\Oracle\Java\javapath;C:\WINDOWS\system32;C:\WINDOWS;C:\WINDOWS\System32\Wbem;C:\WINDOWS\System32\WindowsPowerShell\v1.0\;C:\WINDOWS\System32\OpenSSH\;C:\Program Files\dotnet\;C:\Program Files (x86)\dotnet\;C:\Program Files\Microsoft VS Code\bin;C:\Program Files\Docker\Docker\resources\bin;C:\Program Files\Git\cmd;C:\Program Files (x86)\Microsoft SQL Server\160\DTS\Binn\;C:\Program Files (x86)\Microsoft SQL Server\160\Tools\Binn\;C:\Program Files\Microsoft SQL Server\160\Tools\Binn\;C:\Program Files\Microsoft SQL Server\Client SDK\ODBC\170\Tools\Binn\;C:\Program Files\Microsoft SQL Server\160\DTS\Binn\;C:\Program Files\nodejs\;C:\Users\fssilva\AppData\Local\Microsoft\WindowsApps;C:\Users\fssilva\AppData\Local\Programs\Microsoft VS Code\bin;C:\Users\fssilva\AppData\Local\Programs\Git\cmd;C:\Users\fssilva\Documents\kube;C:\minikube;C:\cmdline-tools\bin;C:\cmdline-tools\platform-tools;C:\gradle-8.14.1\bin;C:\Users\fssilva\AppData\Roaming\npm;;."/>
    <property name="java.vm.info" value="mixed mode, sharing"/>
    <property name="stderr.encoding" value="Cp1252"/>
    <property name="java.vendor" value="Amazon.com Inc."/>
    <property name="java.vm.version" value="21.0.4+7-LTS"/>
    <property name="sun.io.unicode.encoding" value="UnicodeLittle"/>
    <property name="java.class.version" value="65.0"/>
    <property name="LOGGED_APPLICATION_NAME" value="[Voz Cidada API] "/>
  </properties>
  <testcase name="contextLoads" classname="com.fiec.voz_cidada.VozCidadaApplicationTests" time="2.23">
    <system-out><![CDATA[Standard Commons Logging discovery in action with spring-jcl: please remove commons-logging.jar from classpath in order to avoid potential conflicts
23:33:24.674 [main] INFO org.springframework.test.context.support.AnnotationConfigContextLoaderUtils -- Could not detect default configuration classes for test class [com.fiec.voz_cidada.VozCidadaApplicationTests]: VozCidadaApplicationTests does not declare any static, non-private, non-final, nested classes annotated with @Configuration.
23:33:24.885 [main] INFO org.springframework.boot.test.context.SpringBootTestContextBootstrapper -- Found @SpringBootConfiguration com.fiec.voz_cidada.VozCidadaApplication for test class com.fiec.voz_cidada.VozCidadaApplicationTests
23:33:25.282 [main] INFO org.springframework.boot.devtools.restart.RestartApplicationListener -- Restart disabled due to context in which it is running

  .   ____          _            __ _ _
 /\\ / ___'_ __ _ _(_)_ __  __ _ \ \ \ \
( ( )\___ | '_ | '_| | '_ \/ _` | \ \ \ \
 \\/  ___)| |_)| | | | | || (_| |  ) ) ) )
  '  |____| .__|_| |_|_| |_\__, | / / / /
 =========|_|==============|___/=/_/_/_/

 :: Spring Boot ::                (v3.4.1)

2025-06-17 23:33:26.814  INFO 3684 --- [           main] c.f.v.VozCidadaApplicationTests          : Starting VozCidadaApplicationTests using Java 21.0.4 with PID 3684 (started by fssilva in C:\Users\fssilva\backend-vozcidada)
2025-06-17 23:33:26.838  INFO 3684 --- [           main] c.f.v.VozCidadaApplicationTests          : No active profile set, falling back to 1 default profile: "default"
2025-06-17 23:33:28.712  INFO 3684 --- [           main] .s.d.r.c.RepositoryConfigurationDelegate : Bootstrapping Spring Data JPA repositories in DEFAULT mode.
2025-06-17 23:33:28.897  INFO 3684 --- [           main] .s.d.r.c.RepositoryConfigurationDelegate : Finished Spring Data repository scanning in 163 ms. Found 6 JPA repository interfaces.
2025-06-17 23:33:31.207  INFO 3684 --- [           main] com.zaxxer.hikari.HikariDataSource       : HikariPool-1 - Starting...
2025-06-17 23:33:31.688  INFO 3684 --- [           main] com.zaxxer.hikari.pool.HikariPool        : HikariPool-1 - Added connection org.postgresql.jdbc.PgConnection@415262a0
2025-06-17 23:33:31.691  INFO 3684 --- [           main] com.zaxxer.hikari.HikariDataSource       : HikariPool-1 - Start completed.
2025-06-17 23:33:31.759  INFO 3684 --- [           main] org.flywaydb.core.FlywayExecutor         : Database: jdbc:postgresql://localhost:5432/voz-cidada (PostgreSQL 16.9)
2025-06-17 23:33:32.049  INFO 3684 --- [           main] o.f.core.internal.command.DbValidate     : Successfully validated 3 migrations (execution time 00:00.116s)
2025-06-17 23:33:32.124  INFO 3684 --- [           main] o.f.core.internal.command.DbMigrate      : Current version of schema "public": 3
2025-06-17 23:33:32.136  INFO 3684 --- [           main] o.f.core.internal.command.DbMigrate      : Schema "public" is up to date. No migration necessary.
2025-06-17 23:33:32.435  INFO 3684 --- [           main] o.hibernate.jpa.internal.util.LogHelper  : HHH000204: Processing PersistenceUnitInfo [name: default]
2025-06-17 23:33:32.630  INFO 3684 --- [           main] org.hibernate.Version                    : HHH000412: Hibernate ORM core version 6.6.4.Final
2025-06-17 23:33:32.740  INFO 3684 --- [           main] o.h.c.internal.RegionFactoryInitiator    : HHH000026: Second-level cache disabled
2025-06-17 23:33:33.393  INFO 3684 --- [           main] o.s.o.j.p.SpringPersistenceUnitInfo      : No LoadTimeWeaver setup: ignoring JPA class transformer
2025-06-17 23:33:33.609  INFO 3684 --- [           main] org.hibernate.orm.connections.pooling    : HHH10001005: Database info:
	Database JDBC URL [Connecting through datasource 'HikariDataSource (HikariPool-1)']
	Database driver: undefined/unknown
	Database version: 16.9
	Autocommit mode: undefined/unknown
	Isolation level: undefined/unknown
	Minimum pool size: undefined/unknown
	Maximum pool size: undefined/unknown
2025-06-17 23:33:35.363  INFO 3684 --- [           main] o.h.e.t.j.p.i.JtaPlatformInitiator       : HHH000489: No JTA platform available (set 'hibernate.transaction.jta.platform' to enable JTA platform integration)
2025-06-17 23:33:35.368  INFO 3684 --- [           main] j.LocalContainerEntityManagerFactoryBean : Initialized JPA EntityManagerFactory for persistence unit 'default'
2025-06-17 23:33:36.900  INFO 3684 --- [           main] o.s.d.j.r.query.QueryEnhancerFactory     : Hibernate is in classpath; If applicable, HQL parser will be used.
2025-06-17 23:33:38.427  WARN 3684 --- [           main] com.amazonaws.util.VersionInfoUtils      : The AWS SDK for Java 1.x entered maintenance mode starting July 31, 2024 and will reach end of support on December 31, 2025. For more information, see https://aws.amazon.com/blogs/developer/the-aws-sdk-for-java-1-x-is-in-maintenance-mode-effective-july-31-2024/
You can print where on the file system the AWS SDK for Java 1.x core runtime is located by setting the AWS_JAVA_V1_PRINT_LOCATION environment variable or aws.java.v1.printLocation system property to 'true'.
This message can be disabled by setting the AWS_JAVA_V1_DISABLE_DEPRECATION_ANNOUNCEMENT environment variable or aws.java.v1.disableDeprecationAnnouncement system property to 'true'.
The AWS SDK for Java 1.x is being used here:
at java.base/java.lang.Thread.getStackTrace(Thread.java:2450)
at com.amazonaws.util.VersionInfoUtils.printDeprecationAnnouncement(VersionInfoUtils.java:81)
at com.amazonaws.util.VersionInfoUtils.<clinit>(VersionInfoUtils.java:59)
at com.amazonaws.internal.EC2ResourceFetcher.<clinit>(EC2ResourceFetcher.java:44)
at com.amazonaws.auth.InstanceMetadataServiceCredentialsFetcher.<init>(InstanceMetadataServiceCredentialsFetcher.java:38)
at com.amazonaws.auth.InstanceProfileCredentialsProvider.<init>(InstanceProfileCredentialsProvider.java:111)
at com.amazonaws.auth.InstanceProfileCredentialsProvider.<init>(InstanceProfileCredentialsProvider.java:91)
at com.amazonaws.auth.InstanceProfileCredentialsProvider.<init>(InstanceProfileCredentialsProvider.java:75)
at com.amazonaws.auth.InstanceProfileCredentialsProvider.<clinit>(InstanceProfileCredentialsProvider.java:58)
at com.amazonaws.auth.EC2ContainerCredentialsProviderWrapper.initializeProvider(EC2ContainerCredentialsProviderWrapper.java:66)
at com.amazonaws.auth.EC2ContainerCredentialsProviderWrapper.<init>(EC2ContainerCredentialsProviderWrapper.java:55)
at com.amazonaws.auth.DefaultAWSCredentialsProviderChain.<init>(DefaultAWSCredentialsProviderChain.java:60)
at com.amazonaws.auth.DefaultAWSCredentialsProviderChain.<clinit>(DefaultAWSCredentialsProviderChain.java:54)
at com.amazonaws.services.s3.AmazonS3ClientBuilder.standard(AmazonS3ClientBuilder.java:46)
at com.fiec.voz_cidada.config.S3Config.s3Client(S3Config.java:39)
at com.fiec.voz_cidada.config.S3Config$$SpringCGLIB$$0.CGLIB$s3Client$0(<generated>)
at com.fiec.voz_cidada.config.S3Config$$SpringCGLIB$$FastClass$$1.invoke(<generated>)
at org.springframework.cglib.proxy.MethodProxy.invokeSuper(MethodProxy.java:258)
at org.springframework.context.annotation.ConfigurationClassEnhancer$BeanMethodInterceptor.intercept(ConfigurationClassEnhancer.java:348)
at com.fiec.voz_cidada.config.S3Config$$SpringCGLIB$$0.s3Client(<generated>)
at java.base/jdk.internal.reflect.DirectMethodHandleAccessor.invoke(DirectMethodHandleAccessor.java:103)
at java.base/java.lang.reflect.Method.invoke(Method.java:580)
at org.springframework.beans.factory.support.SimpleInstantiationStrategy.lambda$instantiate$0(SimpleInstantiationStrategy.java:171)
at org.springframework.beans.factory.support.SimpleInstantiationStrategy.instantiateWithFactoryMethod(SimpleInstantiationStrategy.java:88)
at org.springframework.beans.factory.support.SimpleInstantiationStrategy.instantiate(SimpleInstantiationStrategy.java:168)
at org.springframework.beans.factory.support.ConstructorResolver.instantiate(ConstructorResolver.java:653)
at org.springframework.beans.factory.support.ConstructorResolver.instantiateUsingFactoryMethod(ConstructorResolver.java:489)
at org.springframework.beans.factory.support.AbstractAutowireCapableBeanFactory.instantiateUsingFactoryMethod(AbstractAutowireCapableBeanFactory.java:1357)
at org.springframework.beans.factory.support.AbstractAutowireCapableBeanFactory.createBeanInstance(AbstractAutowireCapableBeanFactory.java:1187)
at org.springframework.beans.factory.support.AbstractAutowireCapableBeanFactory.doCreateBean(AbstractAutowireCapableBeanFactory.java:563)
at org.springframework.beans.factory.support.AbstractAutowireCapableBeanFactory.createBean(AbstractAutowireCapableBeanFactory.java:523)
at org.springframework.beans.factory.support.AbstractBeanFactory.lambda$doGetBean$0(AbstractBeanFactory.java:336)
at org.springframework.beans.factory.support.DefaultSingletonBeanRegistry.getSingleton(DefaultSingletonBeanRegistry.java:289)
at org.springframework.beans.factory.support.AbstractBeanFactory.doGetBean(AbstractBeanFactory.java:334)
at org.springframework.beans.factory.support.AbstractBeanFactory.getBean(AbstractBeanFactory.java:199)
at org.springframework.beans.factory.support.DefaultListableBeanFactory.doResolveDependency(DefaultListableBeanFactory.java:1573)
at org.springframework.beans.factory.support.DefaultListableBeanFactory.resolveDependency(DefaultListableBeanFactory.java:1519)
at org.springframework.beans.factory.support.ConstructorResolver.resolveAutowiredArgument(ConstructorResolver.java:913)
at org.springframework.beans.factory.support.ConstructorResolver.createArgumentArray(ConstructorResolver.java:791)
at org.springframework.beans.factory.support.ConstructorResolver.autowireConstructor(ConstructorResolver.java:240)
at org.springframework.beans.factory.support.AbstractAutowireCapableBeanFactory.autowireConstructor(AbstractAutowireCapableBeanFactory.java:1377)
at org.springframework.beans.factory.support.AbstractAutowireCapableBeanFactory.createBeanInstance(AbstractAutowireCapableBeanFactory.java:1214)
at org.springframework.beans.factory.support.AbstractAutowireCapableBeanFactory.doCreateBean(AbstractAutowireCapableBeanFactory.java:563)
at org.springframework.beans.factory.support.AbstractAutowireCapableBeanFactory.createBean(AbstractAutowireCapableBeanFactory.java:523)
at org.springframework.beans.factory.support.AbstractBeanFactory.lambda$doGetBean$0(AbstractBeanFactory.java:336)
at org.springframework.beans.factory.support.DefaultSingletonBeanRegistry.getSingleton(DefaultSingletonBeanRegistry.java:289)
at org.springframework.beans.factory.support.AbstractBeanFactory.doGetBean(AbstractBeanFactory.java:334)
at org.springframework.beans.factory.support.AbstractBeanFactory.getBean(AbstractBeanFactory.java:199)
at org.springframework.beans.factory.support.DefaultListableBeanFactory.instantiateSingleton(DefaultListableBeanFactory.java:1122)
at org.springframework.beans.factory.support.DefaultListableBeanFactory.preInstantiateSingleton(DefaultListableBeanFactory.java:1093)
at org.springframework.beans.factory.support.DefaultListableBeanFactory.preInstantiateSingletons(DefaultListableBeanFactory.java:1030)
at org.springframework.context.support.AbstractApplicationContext.finishBeanFactoryInitialization(AbstractApplicationContext.java:987)
at org.springframework.context.support.AbstractApplicationContext.refresh(AbstractApplicationContext.java:627)
at org.springframework.boot.SpringApplication.refresh(SpringApplication.java:752)
at org.springframework.boot.SpringApplication.refreshContext(SpringApplication.java:439)
at org.springframework.boot.SpringApplication.run(SpringApplication.java:318)
at org.springframework.boot.test.context.SpringBootContextLoader.lambda$loadContext$3(SpringBootContextLoader.java:137)
at org.springframework.util.function.ThrowingSupplier.get(ThrowingSupplier.java:58)
at org.springframework.util.function.ThrowingSupplier.get(ThrowingSupplier.java:46)
at org.springframework.boot.SpringApplication.withHook(SpringApplication.java:1461)
at org.springframework.boot.test.context.SpringBootContextLoader$ContextLoaderHook.run(SpringBootContextLoader.java:553)
at org.springframework.boot.test.context.SpringBootContextLoader.loadContext(SpringBootContextLoader.java:137)
at org.springframework.boot.test.context.SpringBootContextLoader.loadContext(SpringBootContextLoader.java:108)
at org.springframework.test.context.cache.DefaultCacheAwareContextLoaderDelegate.loadContextInternal(DefaultCacheAwareContextLoaderDelegate.java:225)
at org.springframework.test.context.cache.DefaultCacheAwareContextLoaderDelegate.loadContext(DefaultCacheAwareContextLoaderDelegate.java:152)
at org.springframework.test.context.support.DefaultTestContext.getApplicationContext(DefaultTestContext.java:130)
at org.springframework.test.context.web.ServletTestExecutionListener.setUpRequestContextIfNecessary(ServletTestExecutionListener.java:191)
at org.springframework.test.context.web.ServletTestExecutionListener.prepareTestInstance(ServletTestExecutionListener.java:130)
at org.springframework.test.context.TestContextManager.prepareTestInstance(TestContextManager.java:260)
at org.springframework.test.context.junit.jupiter.SpringExtension.postProcessTestInstance(SpringExtension.java:160)
at org.junit.jupiter.engine.descriptor.ClassBasedTestDescriptor.lambda$invokeTestInstancePostProcessors$11(ClassBasedTestDescriptor.java:378)
at org.junit.jupiter.engine.descriptor.ClassBasedTestDescriptor.executeAndMaskThrowable(ClassBasedTestDescriptor.java:383)
at org.junit.jupiter.engine.descriptor.ClassBasedTestDescriptor.lambda$invokeTestInstancePostProcessors$12(ClassBasedTestDescriptor.java:378)
at java.base/java.util.stream.ForEachOps$ForEachOp$OfRef.accept(ForEachOps.java:184)
at java.base/java.util.stream.ReferencePipeline$3$1.accept(ReferencePipeline.java:197)
at java.base/java.util.stream.ReferencePipeline$2$1.accept(ReferencePipeline.java:179)
at java.base/java.util.stream.ReferencePipeline$3$1.accept(ReferencePipeline.java:197)
at java.base/java.util.ArrayList$ArrayListSpliterator.forEachRemaining(ArrayList.java:1708)
at java.base/java.util.stream.AbstractPipeline.copyInto(AbstractPipeline.java:509)
at java.base/java.util.stream.AbstractPipeline.wrapAndCopyInto(AbstractPipeline.java:499)
at java.base/java.util.stream.ForEachOps$ForEachOp.evaluateSequential(ForEachOps.java:151)
at java.base/java.util.stream.ForEachOps$ForEachOp$OfRef.evaluateSequential(ForEachOps.java:174)
at java.base/java.util.stream.AbstractPipeline.evaluate(AbstractPipeline.java:234)
at java.base/java.util.stream.ReferencePipeline.forEach(ReferencePipeline.java:596)
at org.junit.jupiter.engine.descriptor.ClassBasedTestDescriptor.invokeTestInstancePostProcessors(ClassBasedTestDescriptor.java:377)
at org.junit.jupiter.engine.descriptor.ClassBasedTestDescriptor.lambda$instantiateAndPostProcessTestInstance$7(ClassBasedTestDescriptor.java:290)
at org.junit.platform.engine.support.hierarchical.ThrowableCollector.execute(ThrowableCollector.java:73)
at org.junit.jupiter.engine.descriptor.ClassBasedTestDescriptor.instantiateAndPostProcessTestInstance(ClassBasedTestDescriptor.java:289)
at org.junit.jupiter.engine.descriptor.ClassBasedTestDescriptor.lambda$testInstancesProvider$5(ClassBasedTestDescriptor.java:279)
at java.base/java.util.Optional.orElseGet(Optional.java:364)
at org.junit.jupiter.engine.descriptor.ClassBasedTestDescriptor.lambda$testInstancesProvider$6(ClassBasedTestDescriptor.java:278)
at org.junit.jupiter.engine.execution.TestInstancesProvider.getTestInstances(TestInstancesProvider.java:31)
at org.junit.jupiter.engine.descriptor.TestMethodTestDescriptor.lambda$prepare$1(TestMethodTestDescriptor.java:105)
at org.junit.platform.engine.support.hierarchical.ThrowableCollector.execute(ThrowableCollector.java:73)
at org.junit.jupiter.engine.descriptor.TestMethodTestDescriptor.prepare(TestMethodTestDescriptor.java:104)
at org.junit.jupiter.engine.descriptor.TestMethodTestDescriptor.prepare(TestMethodTestDescriptor.java:68)
at org.junit.platform.engine.support.hierarchical.NodeTestTask.lambda$prepare$2(NodeTestTask.java:128)
at org.junit.platform.engine.support.hierarchical.ThrowableCollector.execute(ThrowableCollector.java:73)
at org.junit.platform.engine.support.hierarchical.NodeTestTask.prepare(NodeTestTask.java:128)
at org.junit.platform.engine.support.hierarchical.NodeTestTask.execute(NodeTestTask.java:95)
at java.base/java.util.ArrayList.forEach(ArrayList.java:1596)
at org.junit.platform.engine.support.hierarchical.SameThreadHierarchicalTestExecutorService.invokeAll(SameThreadHierarchicalTestExecutorService.java:41)
at org.junit.platform.engine.support.hierarchical.NodeTestTask.lambda$executeRecursively$6(NodeTestTask.java:160)
at org.junit.platform.engine.support.hierarchical.ThrowableCollector.execute(ThrowableCollector.java:73)
at org.junit.platform.engine.support.hierarchical.NodeTestTask.lambda$executeRecursively$8(NodeTestTask.java:146)
at org.junit.platform.engine.support.hierarchical.Node.around(Node.java:137)
at org.junit.platform.engine.support.hierarchical.NodeTestTask.lambda$executeRecursively$9(NodeTestTask.java:144)
at org.junit.platform.engine.support.hierarchical.ThrowableCollector.execute(ThrowableCollector.java:73)
at org.junit.platform.engine.support.hierarchical.NodeTestTask.executeRecursively(NodeTestTask.java:143)
at org.junit.platform.engine.support.hierarchical.NodeTestTask.execute(NodeTestTask.java:100)
at java.base/java.util.ArrayList.forEach(ArrayList.java:1596)
at org.junit.platform.engine.support.hierarchical.SameThreadHierarchicalTestExecutorService.invokeAll(SameThreadHierarchicalTestExecutorService.java:41)
at org.junit.platform.engine.support.hierarchical.NodeTestTask.lambda$executeRecursively$6(NodeTestTask.java:160)
at org.junit.platform.engine.support.hierarchical.ThrowableCollector.execute(ThrowableCollector.java:73)
at org.junit.platform.engine.support.hierarchical.NodeTestTask.lambda$executeRecursively$8(NodeTestTask.java:146)
at org.junit.platform.engine.support.hierarchical.Node.around(Node.java:137)
at org.junit.platform.engine.support.hierarchical.NodeTestTask.lambda$executeRecursively$9(NodeTestTask.java:144)
at org.junit.platform.engine.support.hierarchical.ThrowableCollector.execute(ThrowableCollector.java:73)
at org.junit.platform.engine.support.hierarchical.NodeTestTask.executeRecursively(NodeTestTask.java:143)
at org.junit.platform.engine.support.hierarchical.NodeTestTask.execute(NodeTestTask.java:100)
at org.junit.platform.engine.support.hierarchical.SameThreadHierarchicalTestExecutorService.submit(SameThreadHierarchicalTestExecutorService.java:35)
at org.junit.platform.engine.support.hierarchical.HierarchicalTestExecutor.execute(HierarchicalTestExecutor.java:57)
at org.junit.platform.engine.support.hierarchical.HierarchicalTestEngine.execute(HierarchicalTestEngine.java:54)
at org.junit.platform.launcher.core.EngineExecutionOrchestrator.execute(EngineExecutionOrchestrator.java:198)
at org.junit.platform.launcher.core.EngineExecutionOrchestrator.execute(EngineExecutionOrchestrator.java:169)
at org.junit.platform.launcher.core.EngineExecutionOrchestrator.execute(EngineExecutionOrchestrator.java:93)
at org.junit.platform.launcher.core.EngineExecutionOrchestrator.lambda$execute$0(EngineExecutionOrchestrator.java:58)
at org.junit.platform.launcher.core.EngineExecutionOrchestrator.withInterceptedStreams(EngineExecutionOrchestrator.java:141)
at org.junit.platform.launcher.core.EngineExecutionOrchestrator.execute(EngineExecutionOrchestrator.java:57)
at org.junit.platform.launcher.core.DefaultLauncher.execute(DefaultLauncher.java:103)
at org.junit.platform.launcher.core.DefaultLauncher.execute(DefaultLauncher.java:85)
at org.junit.platform.launcher.core.DelegatingLauncher.execute(DelegatingLauncher.java:47)
at org.apache.maven.surefire.junitplatform.LazyLauncher.execute(LazyLauncher.java:56)
at org.apache.maven.surefire.junitplatform.JUnitPlatformProvider.execute(JUnitPlatformProvider.java:184)
at org.apache.maven.surefire.junitplatform.JUnitPlatformProvider.invokeAllTests(JUnitPlatformProvider.java:148)
at org.apache.maven.surefire.junitplatform.JUnitPlatformProvider.invoke(JUnitPlatformProvider.java:122)
at org.apache.maven.surefire.booter.ForkedBooter.runSuitesInProcess(ForkedBooter.java:385)
at org.apache.maven.surefire.booter.ForkedBooter.execute(ForkedBooter.java:162)
at org.apache.maven.surefire.booter.ForkedBooter.run(ForkedBooter.java:507)
at org.apache.maven.surefire.booter.ForkedBooter.main(ForkedBooter.java:495)
2025-06-17 23:33:40.883  INFO 3684 --- [           main] r$InitializeUserDetailsManagerConfigurer : Global AuthenticationManager configured with UserDetailsService bean with name authService
2025-06-17 23:33:41.964  INFO 3684 --- [           main] o.s.v.b.OptionalValidatorFactoryBean     : Failed to set up a Bean Validation provider: jakarta.validation.NoProviderFoundException: Unable to create a Configuration, because no Jakarta Bean Validation provider could be found. Add a provider like Hibernate Validator (RI) to your classpath.
2025-06-17 23:33:43.784  INFO 3684 --- [           main] c.f.v.VozCidadaApplicationTests          : Started VozCidadaApplicationTests in 18.527 seconds (process running for 22.634)
]]></system-out>
    <system-err><![CDATA[Mockito is currently self-attaching to enable the inline-mock-maker. This will no longer work in future releases of the JDK. Please add Mockito as an agent to your build what is described in Mockito's documentation: https://javadoc.io/doc/org.mockito/mockito-core/latest/org/mockito/Mockito.html#0.3
WARNING: A Java agent has been loaded dynamically (C:\Users\fssilva\.m2\repository\net\bytebuddy\byte-buddy-agent\1.15.11\byte-buddy-agent-1.15.11.jar)
WARNING: If a serviceability tool is in use, please run with -XX:+EnableDynamicAgentLoading to hide this warning
WARNING: If a serviceability tool is not in use, please run with -Djdk.instrument.traceUsage for more information
WARNING: Dynamic loading of agents will be disallowed by default in a future release
]]></system-err>
  </testcase>
</testsuite>